ARM GAS  C:\Users\savao\AppData\Local\Temp\cc5Sro0s.s 			page 1


   1              		.cpu cortex-m4
   2              		.eabi_attribute 27, 1
   3              		.eabi_attribute 28, 1
   4              		.eabi_attribute 20, 1
   5              		.eabi_attribute 21, 1
   6              		.eabi_attribute 23, 3
   7              		.eabi_attribute 24, 1
   8              		.eabi_attribute 25, 1
   9              		.eabi_attribute 26, 1
  10              		.eabi_attribute 30, 1
  11              		.eabi_attribute 34, 1
  12              		.eabi_attribute 18, 4
  13              		.file	"main.c"
  14              		.text
  15              	.Ltext0:
  16              		.cfi_sections	.debug_frame
  17              		.section	.text.main,"ax",%progbits
  18              		.align	1
  19              		.global	main
  20              		.arch armv7e-m
  21              		.syntax unified
  22              		.thumb
  23              		.thumb_func
  24              		.fpu fpv4-sp-d16
  26              	main:
  27              	.LFB130:
  28              		.file 1 "Core/Src/main.c"
   1:Core/Src/main.c **** //////////////////////////////////////////////////////////////////////////////////	 
   2:Core/Src/main.c **** //本程序只供学习使用，未经作者许可，不得用于其它商业用途
   3:Core/Src/main.c **** //测试硬件：单片机STM32F407VGT6,STM32F407VxT6最小系统开发板,主频168MHZ，晶振8MHZ
   4:Core/Src/main.c **** //QDtech-TFT液晶驱动 for STM32 FSMC
   5:Core/Src/main.c **** //Chan@ShenZhen QDtech co.,LTD
   6:Core/Src/main.c **** //公司网站:www.qdtft.com
   7:Core/Src/main.c **** //wiki技术资料网站：http://www.lcdwiki.com
   8:Core/Src/main.c **** //我司提供技术支持，任何技术问题欢迎随时交流学习
   9:Core/Src/main.c **** //固话(传真) :+86 0755-21077707 
  10:Core/Src/main.c **** //手机: (销售)18823372746 （技术)15989313508
  11:Core/Src/main.c **** //邮箱:(销售/订单) sales@qdtft.com  (售后/技术服务)service@qdtft.com
  12:Core/Src/main.c **** //QQ:(售前咨询)3002706772 (技术支持)3002778157
  13:Core/Src/main.c **** //技术交流QQ群:778679828
  14:Core/Src/main.c **** //创建日期:2020/06/29
  15:Core/Src/main.c **** //版本：V1.0
  16:Core/Src/main.c **** //版权所有，盗版必究。
  17:Core/Src/main.c **** //Copyright(C) 深圳市全动电子技术有限公司 2018-2028
  18:Core/Src/main.c **** //All rights reserved
  19:Core/Src/main.c **** /************************************************************************************
  20:Core/Src/main.c **** //STM32F407VxT6最小系统开发板定时器中断示例
  21:Core/Src/main.c **** //LED0   --->   PA1
  22:Core/Src/main.c **** //LED1   --->   PC5
  23:Core/Src/main.c **** *************************************************************************************/	
  24:Core/Src/main.c ****  /* @attention
  25:Core/Src/main.c ****   *
  26:Core/Src/main.c ****   * THE PRESENT FIRMWARE WHICH IS FOR GUIDANCE ONLY AIMS AT PROVIDING CUSTOMERS
  27:Core/Src/main.c ****   * WITH CODING INFORMATION REGARDING THEIR PRODUCTS IN ORDER FOR THEM TO SAVE
  28:Core/Src/main.c ****   * TIME. AS A RESULT, QD electronic SHALL NOT BE HELD LIABLE FOR ANY
  29:Core/Src/main.c ****   * DIRECT, INDIRECT OR CONSEQUENTIAL DAMAGES WITH RESPECT TO ANY CLAIMS ARISING
  30:Core/Src/main.c ****   * FROM THE CONTENT OF SUCH FIRMWARE AND/OR THE USE MADE BY CUSTOMERS OF THE
ARM GAS  C:\Users\savao\AppData\Local\Temp\cc5Sro0s.s 			page 2


  31:Core/Src/main.c ****   * CODING INFORMATION CONTAINED HEREIN IN CONNECTION WITH THEIR PRODUCTS.
  32:Core/Src/main.c **** *************************************************************************************/		
  33:Core/Src/main.c **** #include "delay.h"
  34:Core/Src/main.c **** #include "sys.h"
  35:Core/Src/main.c **** #include "led.h"
  36:Core/Src/main.c **** #include "timer.h"
  37:Core/Src/main.c **** 
  38:Core/Src/main.c **** int main(void)
  39:Core/Src/main.c **** {
  29              		.loc 1 39 1 view -0
  30              		.cfi_startproc
  31              		@ Volatile: function does not return.
  32              		@ args = 0, pretend = 0, frame = 0
  33              		@ frame_needed = 0, uses_anonymous_args = 0
  34 0000 08B5     		push	{r3, lr}
  35              	.LCFI0:
  36              		.cfi_def_cfa_offset 8
  37              		.cfi_offset 3, -8
  38              		.cfi_offset 14, -4
  40:Core/Src/main.c **** 	NVIC_PriorityGroupConfig(NVIC_PriorityGroup_2);//设置系统中断优先级分组2
  39              		.loc 1 40 2 view .LVU1
  40 0002 4FF4A060 		mov	r0, #1280
  41 0006 FFF7FEFF 		bl	NVIC_PriorityGroupConfig
  42              	.LVL0:
  41:Core/Src/main.c **** 	delay_init(168);     //初始化延时函数
  43              		.loc 1 41 2 view .LVU2
  44 000a A820     		movs	r0, #168
  45 000c FFF7FEFF 		bl	delay_init
  46              	.LVL1:
  42:Core/Src/main.c **** 	LED_Init();          //初始化LED灯GPIO
  47              		.loc 1 42 2 view .LVU3
  48 0010 FFF7FEFF 		bl	LED_Init
  49              	.LVL2:
  43:Core/Src/main.c **** 	//tout=((9999+1)*(8399+1))/84(us)=1s
  44:Core/Src/main.c **** 	TIM3_Int_Init(9999,8399);	//定时器3初始化，时钟84M，分频系数8400，所以84M/8400=10Khz的计数频率，计
  50              		.loc 1 44 2 view .LVU4
  51 0014 42F2CF01 		movw	r1, #8399
  52 0018 42F20F70 		movw	r0, #9999
  53 001c FFF7FEFF 		bl	TIM3_Int_Init
  54              	.LVL3:
  55              	.L2:
  45:Core/Src/main.c **** 	while(1)
  56              		.loc 1 45 2 discriminator 1 view .LVU5
  46:Core/Src/main.c **** 	{
  47:Core/Src/main.c **** 		LED0=!LED0;       //LED0翻转
  57              		.loc 1 47 3 discriminator 1 view .LVU6
  58              		.loc 1 47 9 is_stmt 0 discriminator 1 view .LVU7
  59 0020 054A     		ldr	r2, .L4
  60 0022 D2F88432 		ldr	r3, [r2, #644]
  61              		.loc 1 47 8 discriminator 1 view .LVU8
  62 0026 B3FA83F3 		clz	r3, r3
  63 002a 5B09     		lsrs	r3, r3, #5
  64              		.loc 1 47 7 discriminator 1 view .LVU9
  65 002c C2F88432 		str	r3, [r2, #644]
  48:Core/Src/main.c **** 		delay_ms(200);	  //200ms延时
  66              		.loc 1 48 3 is_stmt 1 discriminator 1 view .LVU10
  67 0030 C820     		movs	r0, #200
ARM GAS  C:\Users\savao\AppData\Local\Temp\cc5Sro0s.s 			page 3


  68 0032 FFF7FEFF 		bl	delay_ms
  69              	.LVL4:
  45:Core/Src/main.c **** 	while(1)
  70              		.loc 1 45 7 discriminator 1 view .LVU11
  71 0036 F3E7     		b	.L2
  72              	.L5:
  73              		.align	2
  74              	.L4:
  75 0038 00004042 		.word	1111490560
  76              		.cfi_endproc
  77              	.LFE130:
  79              		.text
  80              	.Letext0:
  81              		.file 2 "c:\\program files (x86)\\gnu arm embedded toolchain\\10 2020-q4-major\\arm-none-eabi\\inc
  82              		.file 3 "c:\\program files (x86)\\gnu arm embedded toolchain\\10 2020-q4-major\\arm-none-eabi\\inc
  83              		.file 4 "Drivers/STM32F4xx_FWLIB/inc/misc.h"
  84              		.file 5 "Core/Inc/delay.h"
  85              		.file 6 "Core/Inc/led.h"
  86              		.file 7 "Core/Inc/timer.h"
ARM GAS  C:\Users\savao\AppData\Local\Temp\cc5Sro0s.s 			page 4


DEFINED SYMBOLS
                            *ABS*:00000000 main.c
C:\Users\savao\AppData\Local\Temp\cc5Sro0s.s:18     .text.main:00000000 $t
C:\Users\savao\AppData\Local\Temp\cc5Sro0s.s:26     .text.main:00000000 main
C:\Users\savao\AppData\Local\Temp\cc5Sro0s.s:75     .text.main:00000038 $d

UNDEFINED SYMBOLS
NVIC_PriorityGroupConfig
delay_init
LED_Init
TIM3_Int_Init
delay_ms
