ARM GAS  C:\Users\ADMIN\AppData\Local\Temp\ccDrjVJq.s 			page 1


   1              		.cpu cortex-m4
   2              		.eabi_attribute 27, 1
   3              		.eabi_attribute 28, 1
   4              		.eabi_attribute 20, 1
   5              		.eabi_attribute 21, 1
   6              		.eabi_attribute 23, 3
   7              		.eabi_attribute 24, 1
   8              		.eabi_attribute 25, 1
   9              		.eabi_attribute 26, 1
  10              		.eabi_attribute 30, 1
  11              		.eabi_attribute 34, 1
  12              		.eabi_attribute 18, 4
  13              		.file	"main.c"
  14              		.text
  15              	.Ltext0:
  16              		.cfi_sections	.debug_frame
  17              		.section	.text.main,"ax",%progbits
  18              		.align	1
  19              		.global	main
  20              		.arch armv7e-m
  21              		.syntax unified
  22              		.thumb
  23              		.thumb_func
  24              		.fpu fpv4-sp-d16
  26              	main:
  27              	.LFB130:
  28              		.file 1 "Core/Src/main.c"
   1:Core/Src/main.c **** //////////////////////////////////////////////////////////////////////////////////	 
   2:Core/Src/main.c **** //本程序只供学习使用，未经作者许可，不得用于其它商业用途
   3:Core/Src/main.c **** //测试硬件：单片机STM32F407VGT6,STM32F407VxT6最小系统开发板,主频168MHZ，晶振8MHZ
   4:Core/Src/main.c **** //QDtech-TFT液晶驱动 for STM32 FSMC
   5:Core/Src/main.c **** //Chan@ShenZhen QDtech co.,LTD
   6:Core/Src/main.c **** //公司网站:www.qdtft.com
   7:Core/Src/main.c **** //wiki技术资料网站：http://www.lcdwiki.com
   8:Core/Src/main.c **** //我司提供技术支持，任何技术问题欢迎随时交流学习
   9:Core/Src/main.c **** //固话(传真) :+86 0755-21077707 
  10:Core/Src/main.c **** //手机: (销售)18823372746 （技术)15989313508
  11:Core/Src/main.c **** //邮箱:(销售/订单) sales@qdtft.com  (售后/技术服务)service@qdtft.com
  12:Core/Src/main.c **** //QQ:(售前咨询)3002706772 (技术支持)3002778157
  13:Core/Src/main.c **** //技术交流QQ群:778679828
  14:Core/Src/main.c **** //创建日期:2020/06/29
  15:Core/Src/main.c **** //版本：V1.0
  16:Core/Src/main.c **** //版权所有，盗版必究。
  17:Core/Src/main.c **** //Copyright(C) 深圳市全动电子技术有限公司 2018-2028
  18:Core/Src/main.c **** //All rights reserved
  19:Core/Src/main.c **** /************************************************************************************
  20:Core/Src/main.c **** //STM32F407VxT6最小系统开发板按键示例
  21:Core/Src/main.c **** //LED0   --->   PA1
  22:Core/Src/main.c **** //LED1   --->   PC5
  23:Core/Src/main.c **** //KEY0   --->   PE4
  24:Core/Src/main.c **** //KEY_UP --->   PA0
  25:Core/Src/main.c **** *************************************************************************************/	
  26:Core/Src/main.c ****  /* @attention
  27:Core/Src/main.c ****   *
  28:Core/Src/main.c ****   * THE PRESENT FIRMWARE WHICH IS FOR GUIDANCE ONLY AIMS AT PROVIDING CUSTOMERS
  29:Core/Src/main.c ****   * WITH CODING INFORMATION REGARDING THEIR PRODUCTS IN ORDER FOR THEM TO SAVE
  30:Core/Src/main.c ****   * TIME. AS A RESULT, QD electronic SHALL NOT BE HELD LIABLE FOR ANY
ARM GAS  C:\Users\ADMIN\AppData\Local\Temp\ccDrjVJq.s 			page 2


  31:Core/Src/main.c ****   * DIRECT, INDIRECT OR CONSEQUENTIAL DAMAGES WITH RESPECT TO ANY CLAIMS ARISING
  32:Core/Src/main.c ****   * FROM THE CONTENT OF SUCH FIRMWARE AND/OR THE USE MADE BY CUSTOMERS OF THE
  33:Core/Src/main.c ****   * CODING INFORMATION CONTAINED HEREIN IN CONNECTION WITH THEIR PRODUCTS.
  34:Core/Src/main.c **** *************************************************************************************/		
  35:Core/Src/main.c **** #include "delay.h"
  36:Core/Src/main.c **** #include "sys.h"
  37:Core/Src/main.c **** #include "led.h"
  38:Core/Src/main.c **** #include "key.h"
  39:Core/Src/main.c **** 
  40:Core/Src/main.c **** int main(void)
  41:Core/Src/main.c **** {	
  29              		.loc 1 41 1 view -0
  30              		.cfi_startproc
  31              		@ args = 0, pretend = 0, frame = 0
  32              		@ frame_needed = 0, uses_anonymous_args = 0
  33 0000 38B5     		push	{r3, r4, r5, lr}
  34              	.LCFI0:
  35              		.cfi_def_cfa_offset 16
  36              		.cfi_offset 3, -16
  37              		.cfi_offset 4, -12
  38              		.cfi_offset 5, -8
  39              		.cfi_offset 14, -4
  42:Core/Src/main.c **** 	u8 key_value,key0_flag=0,key_up_flag=0;
  40              		.loc 1 42 2 view .LVU1
  41              	.LVL0:
  43:Core/Src/main.c **** 	delay_init(168);     //初始化延时函数
  42              		.loc 1 43 2 view .LVU2
  43 0002 A820     		movs	r0, #168
  44 0004 FFF7FEFF 		bl	delay_init
  45              	.LVL1:
  44:Core/Src/main.c **** 	KEY_Init();          //初始化按键GPIO
  46              		.loc 1 44 2 view .LVU3
  47 0008 FFF7FEFF 		bl	KEY_Init
  48              	.LVL2:
  45:Core/Src/main.c **** 	LED_Init();          //初始化LED灯GPIO
  49              		.loc 1 45 2 view .LVU4
  50 000c FFF7FEFF 		bl	LED_Init
  51              	.LVL3:
  42:Core/Src/main.c **** 	delay_init(168);     //初始化延时函数
  52              		.loc 1 42 27 is_stmt 0 view .LVU5
  53 0010 0025     		movs	r5, #0
  42:Core/Src/main.c **** 	delay_init(168);     //初始化延时函数
  54              		.loc 1 42 15 view .LVU6
  55 0012 2C46     		mov	r4, r5
  56 0014 17E0     		b	.L2
  57              	.LVL4:
  58              	.L9:
  46:Core/Src/main.c **** 	while(1)
  47:Core/Src/main.c **** 	{
  48:Core/Src/main.c **** 		key_value=KEY_Scan(0);  //扫描按键
  49:Core/Src/main.c **** 		if(key_value==KEY0_PRES)  //KEY0被按下
  50:Core/Src/main.c **** 		{
  51:Core/Src/main.c **** 			key0_flag=!key0_flag;
  59              		.loc 1 51 4 is_stmt 1 view .LVU7
  60              		.loc 1 51 14 is_stmt 0 view .LVU8
  61 0016 84F00103 		eor	r3, r4, #1
  62              	.LVL5:
ARM GAS  C:\Users\ADMIN\AppData\Local\Temp\ccDrjVJq.s 			page 3


  52:Core/Src/main.c **** 			if(key0_flag)
  63              		.loc 1 52 4 is_stmt 1 view .LVU9
  64              		.loc 1 52 6 is_stmt 0 view .LVU10
  65 001a 2CB9     		cbnz	r4, .L4
  53:Core/Src/main.c **** 			{
  54:Core/Src/main.c **** 				LED0_CLR;      //LED0亮
  66              		.loc 1 54 5 is_stmt 1 view .LVU11
  67 001c 124A     		ldr	r2, .L10
  68 001e 0021     		movs	r1, #0
  69 0020 C2F88412 		str	r1, [r2, #644]
  51:Core/Src/main.c **** 			if(key0_flag)
  70              		.loc 1 51 13 is_stmt 0 view .LVU12
  71 0024 1C46     		mov	r4, r3
  72 0026 0EE0     		b	.L2
  73              	.L4:
  55:Core/Src/main.c **** 			}
  56:Core/Src/main.c **** 			else
  57:Core/Src/main.c **** 			{
  58:Core/Src/main.c **** 				LED0_SET;      //LED0灭
  74              		.loc 1 58 5 is_stmt 1 view .LVU13
  75 0028 0F4A     		ldr	r2, .L10
  76 002a 0121     		movs	r1, #1
  77 002c C2F88412 		str	r1, [r2, #644]
  51:Core/Src/main.c **** 			if(key0_flag)
  78              		.loc 1 51 13 is_stmt 0 view .LVU14
  79 0030 1C46     		mov	r4, r3
  80 0032 08E0     		b	.L2
  81              	.LVL6:
  82              	.L7:
  59:Core/Src/main.c **** 			}
  60:Core/Src/main.c **** 		}
  61:Core/Src/main.c **** 		else if(key_value==KEY_UP_PRES) //KEY_UP被按下
  62:Core/Src/main.c **** 		{
  63:Core/Src/main.c **** 			key_up_flag=!key_up_flag;
  64:Core/Src/main.c **** 			if(key_up_flag)
  65:Core/Src/main.c **** 			{
  66:Core/Src/main.c **** 				LED1_CLR;      //LED0亮
  67:Core/Src/main.c **** 			}
  68:Core/Src/main.c **** 			else
  69:Core/Src/main.c **** 			{
  70:Core/Src/main.c **** 				LED1_SET;      //LED0灭
  83              		.loc 1 70 5 is_stmt 1 view .LVU15
  84 0034 0D4A     		ldr	r2, .L10+4
  85 0036 0121     		movs	r1, #1
  86 0038 C2F89412 		str	r1, [r2, #660]
  63:Core/Src/main.c **** 			if(key_up_flag)
  87              		.loc 1 63 15 is_stmt 0 view .LVU16
  88 003c 1D46     		mov	r5, r3
  89 003e 02E0     		b	.L2
  90              	.LVL7:
  91              	.L6:
  71:Core/Src/main.c **** 			}
  72:Core/Src/main.c **** 		}
  73:Core/Src/main.c **** 		else  //无按键按下
  74:Core/Src/main.c **** 		{
  75:Core/Src/main.c **** 			delay_ms(10);
  92              		.loc 1 75 4 is_stmt 1 view .LVU17
ARM GAS  C:\Users\ADMIN\AppData\Local\Temp\ccDrjVJq.s 			page 4


  93 0040 0A20     		movs	r0, #10
  94              	.LVL8:
  95              		.loc 1 75 4 is_stmt 0 view .LVU18
  96 0042 FFF7FEFF 		bl	delay_ms
  97              	.LVL9:
  98              	.L2:
  46:Core/Src/main.c **** 	{
  99              		.loc 1 46 2 is_stmt 1 view .LVU19
  48:Core/Src/main.c **** 		if(key_value==KEY0_PRES)  //KEY0被按下
 100              		.loc 1 48 3 view .LVU20
  48:Core/Src/main.c **** 		if(key_value==KEY0_PRES)  //KEY0被按下
 101              		.loc 1 48 13 is_stmt 0 view .LVU21
 102 0046 0020     		movs	r0, #0
 103 0048 FFF7FEFF 		bl	KEY_Scan
 104              	.LVL10:
  49:Core/Src/main.c **** 		{
 105              		.loc 1 49 3 is_stmt 1 view .LVU22
  49:Core/Src/main.c **** 		{
 106              		.loc 1 49 5 is_stmt 0 view .LVU23
 107 004c 0128     		cmp	r0, #1
 108 004e E2D0     		beq	.L9
  61:Core/Src/main.c **** 		{
 109              		.loc 1 61 8 is_stmt 1 view .LVU24
  61:Core/Src/main.c **** 		{
 110              		.loc 1 61 10 is_stmt 0 view .LVU25
 111 0050 0228     		cmp	r0, #2
 112 0052 F5D1     		bne	.L6
  63:Core/Src/main.c **** 			if(key_up_flag)
 113              		.loc 1 63 4 is_stmt 1 view .LVU26
  63:Core/Src/main.c **** 			if(key_up_flag)
 114              		.loc 1 63 16 is_stmt 0 view .LVU27
 115 0054 85F00103 		eor	r3, r5, #1
 116              	.LVL11:
  64:Core/Src/main.c **** 			{
 117              		.loc 1 64 4 is_stmt 1 view .LVU28
  64:Core/Src/main.c **** 			{
 118              		.loc 1 64 6 is_stmt 0 view .LVU29
 119 0058 002D     		cmp	r5, #0
 120 005a EBD1     		bne	.L7
  66:Core/Src/main.c **** 			}
 121              		.loc 1 66 5 is_stmt 1 view .LVU30
 122 005c 034A     		ldr	r2, .L10+4
 123 005e 0021     		movs	r1, #0
 124 0060 C2F89412 		str	r1, [r2, #660]
  63:Core/Src/main.c **** 			if(key_up_flag)
 125              		.loc 1 63 15 is_stmt 0 view .LVU31
 126 0064 1D46     		mov	r5, r3
 127 0066 EEE7     		b	.L2
 128              	.L11:
 129              		.align	2
 130              	.L10:
 131 0068 00004042 		.word	1111490560
 132 006c 00004142 		.word	1111556096
 133              		.cfi_endproc
 134              	.LFE130:
 136              		.text
 137              	.Letext0:
ARM GAS  C:\Users\ADMIN\AppData\Local\Temp\ccDrjVJq.s 			page 5


 138              		.file 2 "d:\\install\\gnu arm embedded toolchain\\10 2020-q4-major\\arm-none-eabi\\include\\machin
 139              		.file 3 "d:\\install\\gnu arm embedded toolchain\\10 2020-q4-major\\arm-none-eabi\\include\\sys\\_
 140              		.file 4 "Core/Inc/delay.h"
 141              		.file 5 "Core/Inc/key.h"
 142              		.file 6 "Core/Inc/led.h"
 143              		.file 7 "Core/Inc/stm32f4xx.h"
ARM GAS  C:\Users\ADMIN\AppData\Local\Temp\ccDrjVJq.s 			page 6


DEFINED SYMBOLS
                            *ABS*:00000000 main.c
C:\Users\ADMIN\AppData\Local\Temp\ccDrjVJq.s:18     .text.main:00000000 $t
C:\Users\ADMIN\AppData\Local\Temp\ccDrjVJq.s:26     .text.main:00000000 main
C:\Users\ADMIN\AppData\Local\Temp\ccDrjVJq.s:131    .text.main:00000068 $d

UNDEFINED SYMBOLS
delay_init
KEY_Init
LED_Init
delay_ms
KEY_Scan
