ARM GAS  C:\Users\savao\AppData\Local\Temp\ccM9k6KC.s 			page 1


   1              		.cpu cortex-m4
   2              		.eabi_attribute 27, 1
   3              		.eabi_attribute 28, 1
   4              		.eabi_attribute 20, 1
   5              		.eabi_attribute 21, 1
   6              		.eabi_attribute 23, 3
   7              		.eabi_attribute 24, 1
   8              		.eabi_attribute 25, 1
   9              		.eabi_attribute 26, 1
  10              		.eabi_attribute 30, 1
  11              		.eabi_attribute 34, 1
  12              		.eabi_attribute 18, 4
  13              		.file	"main.c"
  14              		.text
  15              	.Ltext0:
  16              		.cfi_sections	.debug_frame
  17              		.section	.text.main,"ax",%progbits
  18              		.align	1
  19              		.global	main
  20              		.arch armv7e-m
  21              		.syntax unified
  22              		.thumb
  23              		.thumb_func
  24              		.fpu fpv4-sp-d16
  26              	main:
  27              	.LFB133:
  28              		.file 1 "Core/Src/main.c"
   1:Core/Src/main.c **** //////////////////////////////////////////////////////////////////////////////////	 
   2:Core/Src/main.c **** //本程序只供学习使用，未经作者许可，不得用于其它商业用途
   3:Core/Src/main.c **** //测试硬件：单片机STM32F407VGT6,STM32F407VxT6最小系统开发板,主频168MHZ，晶振8MHZ
   4:Core/Src/main.c **** //QDtech-TFT液晶驱动 for STM32 FSMC
   5:Core/Src/main.c **** //Chan@ShenZhen QDtech co.,LTD
   6:Core/Src/main.c **** //公司网站:www.qdtft.com
   7:Core/Src/main.c **** //wiki技术资料网站：http://www.lcdwiki.com
   8:Core/Src/main.c **** //我司提供技术支持，任何技术问题欢迎随时交流学习
   9:Core/Src/main.c **** //固话(传真) :+86 0755-21077707 
  10:Core/Src/main.c **** //手机: (销售)18823372746 （技术)15989313508
  11:Core/Src/main.c **** //邮箱:(销售/订单) sales@qdtft.com  (售后/技术服务)service@qdtft.com
  12:Core/Src/main.c **** //QQ:(售前咨询)3002706772 (技术支持)3002778157
  13:Core/Src/main.c **** //技术交流QQ群:778679828
  14:Core/Src/main.c **** //创建日期:2020/06/29
  15:Core/Src/main.c **** //版本：V1.0
  16:Core/Src/main.c **** //版权所有，盗版必究。
  17:Core/Src/main.c **** //Copyright(C) 深圳市全动电子技术有限公司 2018-2028
  18:Core/Src/main.c **** //All rights reserved
  19:Core/Src/main.c **** /************************************************************************************
  20:Core/Src/main.c **** //STM32F407VxT6最小系统开发板DAC示例
  21:Core/Src/main.c **** //     LED0           --->            PA1
  22:Core/Src/main.c **** //     KEY0           --->            PE4
  23:Core/Src/main.c **** //     KEY_UP         --->            PA0
  24:Core/Src/main.c **** //支持ILI9341/ILI9486/ILI9488/ST7793/ST7796S/R61509/NT35310/NT35510/SSD1963
  25:Core/Src/main.c **** //TFT LCD可以直接插入STM32F407VxT6最小系统开发板TFTLCD插槽或者通过排线接入TFTLCD插座
  26:Core/Src/main.c **** //STM32连接引脚是指TFTLCD插槽或者插座引脚内部连接的STM32引脚
  27:Core/Src/main.c **** //=================================电源接线=======================================//
  28:Core/Src/main.c **** //     LCD模块                    STM32连接引脚
  29:Core/Src/main.c **** //      VDD           --->           DC5V/3.3V          //电源
  30:Core/Src/main.c **** //      GND           --->             GND              //电源地
ARM GAS  C:\Users\savao\AppData\Local\Temp\ccM9k6KC.s 			page 2


  31:Core/Src/main.c **** //=============================液晶屏数据线接线===================================//
  32:Core/Src/main.c **** //     LCD模块                    STM32连接引脚
  33:Core/Src/main.c **** //      DB0           --->            PD14        -|   
  34:Core/Src/main.c **** //      DB1           --->            PD15         |  
  35:Core/Src/main.c **** //      DB2           --->            PD0          | 
  36:Core/Src/main.c **** //      DB3           --->            PD1          | 
  37:Core/Src/main.c **** //      DB4           --->            PE7          |
  38:Core/Src/main.c **** //      DB5           --->            PE8          |
  39:Core/Src/main.c **** //      DB6           --->            PE9          |
  40:Core/Src/main.c **** //      DB7           --->            PE10         |===>液晶屏16位并口数据信号
  41:Core/Src/main.c **** //      DB8           --->            PE11         |
  42:Core/Src/main.c **** //      DB9           --->            PE12         |
  43:Core/Src/main.c **** //      DB10          --->            PE13         |
  44:Core/Src/main.c **** //      DB11          --->            PE14         |
  45:Core/Src/main.c **** //      DB12          --->            PE15         |
  46:Core/Src/main.c **** //      DB13          --->            PD8          |
  47:Core/Src/main.c **** //      DB14          --->            PD9          |
  48:Core/Src/main.c **** //      DB15          --->            PD10        -|
  49:Core/Src/main.c **** //=============================液晶屏控制线接线===================================//
  50:Core/Src/main.c **** //     LCD模块 				            STM32连接引脚 
  51:Core/Src/main.c **** //      WR            --->            PD5             //液晶屏写数据控制信号
  52:Core/Src/main.c **** //      RD            --->            PD4             //液晶屏读数据控制信号
  53:Core/Src/main.c **** //      RS            --->            PD11            //液晶屏数据/命令控制信号
  54:Core/Src/main.c **** //      RST           --->          复位引脚（默认）  //液晶屏复位控制信号（也可选择PD13）
  55:Core/Src/main.c **** //      CS            --->            PD7             //液晶屏片选控制信号
  56:Core/Src/main.c **** //      BL            --->            PB15            //液晶屏背光控制信号
  57:Core/Src/main.c **** *************************************************************************************/	
  58:Core/Src/main.c ****  /* @attention
  59:Core/Src/main.c ****   *
  60:Core/Src/main.c ****   * THE PRESENT FIRMWARE WHICH IS FOR GUIDANCE ONLY AIMS AT PROVIDING CUSTOMERS
  61:Core/Src/main.c ****   * WITH CODING INFORMATION REGARDING THEIR PRODUCTS IN ORDER FOR THEM TO SAVE
  62:Core/Src/main.c ****   * TIME. AS A RESULT, QD electronic SHALL NOT BE HELD LIABLE FOR ANY
  63:Core/Src/main.c ****   * DIRECT, INDIRECT OR CONSEQUENTIAL DAMAGES WITH RESPECT TO ANY CLAIMS ARISING
  64:Core/Src/main.c ****   * FROM THE CONTENT OF SUCH FIRMWARE AND/OR THE USE MADE BY CUSTOMERS OF THE
  65:Core/Src/main.c ****   * CODING INFORMATION CONTAINED HEREIN IN CONNECTION WITH THEIR PRODUCTS.
  66:Core/Src/main.c **** *************************************************************************************/		
  67:Core/Src/main.c **** #include "delay.h"
  68:Core/Src/main.c **** #include "sys.h"
  69:Core/Src/main.c **** #include "lcd.h"
  70:Core/Src/main.c **** #include "gui.h"
  71:Core/Src/main.c **** #include "test.h"
  72:Core/Src/main.c **** #include "usart.h"
  73:Core/Src/main.c **** #include "led.h"
  74:Core/Src/main.c **** #include "adc.h"
  75:Core/Src/main.c **** #include "key.h"
  76:Core/Src/main.c **** #include "dac.h"
  77:Core/Src/main.c **** 
  78:Core/Src/main.c **** int main(void)
  79:Core/Src/main.c **** {
  29              		.loc 1 79 1 view -0
  30              		.cfi_startproc
  31              		@ args = 0, pretend = 0, frame = 0
  32              		@ frame_needed = 0, uses_anonymous_args = 0
  33 0000 70B5     		push	{r4, r5, r6, lr}
  34              	.LCFI0:
  35              		.cfi_def_cfa_offset 16
  36              		.cfi_offset 4, -16
ARM GAS  C:\Users\savao\AppData\Local\Temp\ccM9k6KC.s 			page 3


  37              		.cfi_offset 5, -12
  38              		.cfi_offset 6, -8
  39              		.cfi_offset 14, -4
  40 0002 0025     		movs	r5, #0
  80:Core/Src/main.c **** 	u8 i;
  41              		.loc 1 80 2 view .LVU1
  81:Core/Src/main.c **** 	u16 dac_value=0;
  42              		.loc 1 81 2 view .LVU2
  43              	.LVL0:
  82:Core/Src/main.c **** 	u8 key_value;	
  44              		.loc 1 82 2 view .LVU3
  83:Core/Src/main.c **** 	NVIC_PriorityGroupConfig(NVIC_PriorityGroup_2);//设置系统中断优先级分组2
  45              		.loc 1 83 2 view .LVU4
  46 0004 4FF4A060 		mov	r0, #1280
  47 0008 FFF7FEFF 		bl	NVIC_PriorityGroupConfig
  48              	.LVL1:
  84:Core/Src/main.c **** 	delay_init(168);             //初始化延时函数
  49              		.loc 1 84 2 view .LVU5
  50 000c A820     		movs	r0, #168
  51 000e FFF7FEFF 		bl	delay_init
  52              	.LVL2:
  85:Core/Src/main.c **** 	USART1_Init(115200);         //串口1初始化
  53              		.loc 1 85 2 view .LVU6
  54 0012 4FF4E130 		mov	r0, #115200
  55 0016 FFF7FEFF 		bl	USART1_Init
  56              	.LVL3:
  86:Core/Src/main.c **** 	LED_Init();                  //初始化LED
  57              		.loc 1 86 2 view .LVU7
  58 001a FFF7FEFF 		bl	LED_Init
  59              	.LVL4:
  87:Core/Src/main.c **** 	LCD_Init();	                 //液晶屏初始化
  60              		.loc 1 87 2 view .LVU8
  61 001e FFF7FEFF 		bl	LCD_Init
  62              	.LVL5:
  88:Core/Src/main.c **** 	ADC1_Init(); 				     	   //ADC通道初始化
  63              		.loc 1 88 2 view .LVU9
  64 0022 FFF7FEFF 		bl	ADC1_Init
  65              	.LVL6:
  89:Core/Src/main.c **** 	DAC1_Init();                 //DAC通道初始化
  66              		.loc 1 89 2 view .LVU10
  67 0026 FFF7FEFF 		bl	DAC1_Init
  68              	.LVL7:
  90:Core/Src/main.c **** 	KEY_Init();                  //按键初始化	
  69              		.loc 1 90 2 view .LVU11
  70 002a FFF7FEFF 		bl	KEY_Init
  71              	.LVL8:
  91:Core/Src/main.c **** 	DAC_test();                  //显示DAC信息
  72              		.loc 1 91 2 view .LVU12
  73 002e FFF7FEFF 		bl	DAC_test
  74              	.LVL9:
  81:Core/Src/main.c **** 	u8 key_value;	
  75              		.loc 1 81 6 is_stmt 0 view .LVU13
  76 0032 2E46     		mov	r6, r5
  77 0034 24E0     		b	.L6
  78              	.LVL10:
  79              	.L9:
  92:Core/Src/main.c ****   //循环测试
ARM GAS  C:\Users\savao\AppData\Local\Temp\ccM9k6KC.s 			page 4


  93:Core/Src/main.c **** 	while(1)
  94:Core/Src/main.c **** 	{
  95:Core/Src/main.c **** 		key_value=KEY_Scan(0);
  96:Core/Src/main.c **** 		if(key_value==KEY_UP_PRES)
  97:Core/Src/main.c **** 		{
  98:Core/Src/main.c **** 			if(dac_value<4000)
  80              		.loc 1 98 4 is_stmt 1 view .LVU14
  81              		.loc 1 98 6 is_stmt 0 view .LVU15
  82 0036 B6F57A6F 		cmp	r6, #4000
  83 003a 01D2     		bcs	.L3
  99:Core/Src/main.c **** 			{
 100:Core/Src/main.c **** 				dac_value+=100;
  84              		.loc 1 100 5 is_stmt 1 view .LVU16
  85              		.loc 1 100 14 is_stmt 0 view .LVU17
  86 003c 6436     		adds	r6, r6, #100
  87              	.LVL11:
  88              		.loc 1 100 14 view .LVU18
  89 003e B6B2     		uxth	r6, r6
  90              	.LVL12:
  91              	.L3:
 101:Core/Src/main.c **** 			}
 102:Core/Src/main.c **** 		}
 103:Core/Src/main.c **** 		else if(key_value==KEY0_PRES)
 104:Core/Src/main.c **** 		{
 105:Core/Src/main.c **** 			if(dac_value>=100)
 106:Core/Src/main.c **** 			{
 107:Core/Src/main.c **** 				dac_value-=100;
 108:Core/Src/main.c **** 			}			
 109:Core/Src/main.c **** 		}
 110:Core/Src/main.c **** 		DAC_SetChannel1Data(DAC_Align_12b_R, dac_value);//设置DAC值;
  92              		.loc 1 110 3 is_stmt 1 view .LVU19
  93 0040 3146     		mov	r1, r6
  94 0042 0020     		movs	r0, #0
  95              	.LVL13:
  96              		.loc 1 110 3 is_stmt 0 view .LVU20
  97 0044 FFF7FEFF 		bl	DAC_SetChannel1Data
  98              	.LVL14:
 111:Core/Src/main.c **** 		if((key_value==KEY_UP_PRES)||(key_value==KEY0_PRES))
  99              		.loc 1 111 3 is_stmt 1 view .LVU21
 100              		.loc 1 111 30 is_stmt 0 view .LVU22
 101 0048 013C     		subs	r4, r4, #1
 102 004a E4B2     		uxtb	r4, r4
 103              		.loc 1 111 5 view .LVU23
 104 004c 012C     		cmp	r4, #1
 105 004e 24D9     		bls	.L8
 106              	.L4:
 112:Core/Src/main.c **** 		{
 113:Core/Src/main.c **** 			Show_DAC_Value();           //显示获取到的DAC值
 114:Core/Src/main.c **** 			Show_ADC_Value();           //显示获取到的ADC值
 115:Core/Src/main.c **** 		}
 116:Core/Src/main.c **** 		if(i%20==0)
 107              		.loc 1 116 3 is_stmt 1 view .LVU24
 108              		.loc 1 116 10 is_stmt 0 view .LVU25
 109 0050 144B     		ldr	r3, .L10
 110 0052 A3FB0523 		umull	r2, r3, r3, r5
 111 0056 1B09     		lsrs	r3, r3, #4
 112 0058 03EB8303 		add	r3, r3, r3, lsl #2
ARM GAS  C:\Users\savao\AppData\Local\Temp\ccM9k6KC.s 			page 5


 113 005c A5EB8303 		sub	r3, r5, r3, lsl #2
 114              		.loc 1 116 5 view .LVU26
 115 0060 13F0FF0F 		tst	r3, #255
 116 0064 07D1     		bne	.L5
 117:Core/Src/main.c **** 		{
 118:Core/Src/main.c **** 			LED0=!LED0;
 117              		.loc 1 118 4 is_stmt 1 view .LVU27
 118              		.loc 1 118 10 is_stmt 0 view .LVU28
 119 0066 104A     		ldr	r2, .L10+4
 120 0068 D2F88432 		ldr	r3, [r2, #644]
 121              		.loc 1 118 9 view .LVU29
 122 006c B3FA83F3 		clz	r3, r3
 123 0070 5B09     		lsrs	r3, r3, #5
 124              		.loc 1 118 8 view .LVU30
 125 0072 C2F88432 		str	r3, [r2, #644]
 126              	.L5:
 119:Core/Src/main.c **** 		}
 120:Core/Src/main.c **** 		i++;
 127              		.loc 1 120 3 is_stmt 1 view .LVU31
 128              		.loc 1 120 4 is_stmt 0 view .LVU32
 129 0076 0135     		adds	r5, r5, #1
 130              	.LVL15:
 131              		.loc 1 120 4 view .LVU33
 132 0078 EDB2     		uxtb	r5, r5
 133              	.LVL16:
 121:Core/Src/main.c **** 		delay_ms(10);//延时100ms
 134              		.loc 1 121 3 is_stmt 1 view .LVU34
 135 007a 0A20     		movs	r0, #10
 136 007c FFF7FEFF 		bl	delay_ms
 137              	.LVL17:
  93:Core/Src/main.c **** 	{
 138              		.loc 1 93 7 view .LVU35
 139              	.L6:
  93:Core/Src/main.c **** 	{
 140              		.loc 1 93 2 view .LVU36
  95:Core/Src/main.c **** 		if(key_value==KEY_UP_PRES)
 141              		.loc 1 95 3 view .LVU37
  95:Core/Src/main.c **** 		if(key_value==KEY_UP_PRES)
 142              		.loc 1 95 13 is_stmt 0 view .LVU38
 143 0080 0020     		movs	r0, #0
 144 0082 FFF7FEFF 		bl	KEY_Scan
 145              	.LVL18:
 146 0086 0446     		mov	r4, r0
 147              	.LVL19:
  96:Core/Src/main.c **** 		{
 148              		.loc 1 96 3 is_stmt 1 view .LVU39
  96:Core/Src/main.c **** 		{
 149              		.loc 1 96 5 is_stmt 0 view .LVU40
 150 0088 0228     		cmp	r0, #2
 151 008a D4D0     		beq	.L9
 103:Core/Src/main.c **** 		{
 152              		.loc 1 103 8 is_stmt 1 view .LVU41
 103:Core/Src/main.c **** 		{
 153              		.loc 1 103 10 is_stmt 0 view .LVU42
 154 008c 0128     		cmp	r0, #1
 155 008e D7D1     		bne	.L3
 105:Core/Src/main.c **** 			{
ARM GAS  C:\Users\savao\AppData\Local\Temp\ccM9k6KC.s 			page 6


 156              		.loc 1 105 4 is_stmt 1 view .LVU43
 105:Core/Src/main.c **** 			{
 157              		.loc 1 105 6 is_stmt 0 view .LVU44
 158 0090 632E     		cmp	r6, #99
 159 0092 D5D9     		bls	.L3
 107:Core/Src/main.c **** 			}			
 160              		.loc 1 107 5 is_stmt 1 view .LVU45
 107:Core/Src/main.c **** 			}			
 161              		.loc 1 107 14 is_stmt 0 view .LVU46
 162 0094 643E     		subs	r6, r6, #100
 163              	.LVL20:
 107:Core/Src/main.c **** 			}			
 164              		.loc 1 107 14 view .LVU47
 165 0096 B6B2     		uxth	r6, r6
 166              	.LVL21:
 107:Core/Src/main.c **** 			}			
 167              		.loc 1 107 14 view .LVU48
 168 0098 D2E7     		b	.L3
 169              	.LVL22:
 170              	.L8:
 113:Core/Src/main.c **** 			Show_ADC_Value();           //显示获取到的ADC值
 171              		.loc 1 113 4 is_stmt 1 view .LVU49
 172 009a FFF7FEFF 		bl	Show_DAC_Value
 173              	.LVL23:
 114:Core/Src/main.c **** 		}
 174              		.loc 1 114 4 view .LVU50
 175 009e FFF7FEFF 		bl	Show_ADC_Value
 176              	.LVL24:
 177 00a2 D5E7     		b	.L4
 178              	.L11:
 179              		.align	2
 180              	.L10:
 181 00a4 CDCCCCCC 		.word	-858993459
 182 00a8 00004042 		.word	1111490560
 183              		.cfi_endproc
 184              	.LFE133:
 186              		.text
 187              	.Letext0:
 188              		.file 2 "c:\\program files (x86)\\gnu arm embedded toolchain\\10 2020-q4-major\\arm-none-eabi\\inc
 189              		.file 3 "c:\\program files (x86)\\gnu arm embedded toolchain\\10 2020-q4-major\\arm-none-eabi\\inc
 190              		.file 4 "Core/Inc/stm32f4xx.h"
 191              		.file 5 "Drivers/STM32F4xx_FWLIB/inc/misc.h"
 192              		.file 6 "Core/Inc/delay.h"
 193              		.file 7 "Core/Inc/usart.h"
 194              		.file 8 "Core/Inc/led.h"
 195              		.file 9 "Core/Inc/lcd.h"
 196              		.file 10 "Core/Inc/adc.h"
 197              		.file 11 "Core/Inc/dac.h"
 198              		.file 12 "Core/Inc/key.h"
 199              		.file 13 "Core/Inc/test.h"
 200              		.file 14 "Drivers/STM32F4xx_FWLIB/inc/stm32f4xx_dac.h"
ARM GAS  C:\Users\savao\AppData\Local\Temp\ccM9k6KC.s 			page 7


DEFINED SYMBOLS
                            *ABS*:00000000 main.c
C:\Users\savao\AppData\Local\Temp\ccM9k6KC.s:18     .text.main:00000000 $t
C:\Users\savao\AppData\Local\Temp\ccM9k6KC.s:26     .text.main:00000000 main
C:\Users\savao\AppData\Local\Temp\ccM9k6KC.s:181    .text.main:000000a4 $d

UNDEFINED SYMBOLS
NVIC_PriorityGroupConfig
delay_init
USART1_Init
LED_Init
LCD_Init
ADC1_Init
DAC1_Init
KEY_Init
DAC_test
DAC_SetChannel1Data
delay_ms
KEY_Scan
Show_DAC_Value
Show_ADC_Value
