ARM GAS  C:\Users\savao\AppData\Local\Temp\cc7icsFF.s 			page 1


   1              		.cpu cortex-m4
   2              		.eabi_attribute 27, 1
   3              		.eabi_attribute 28, 1
   4              		.eabi_attribute 20, 1
   5              		.eabi_attribute 21, 1
   6              		.eabi_attribute 23, 3
   7              		.eabi_attribute 24, 1
   8              		.eabi_attribute 25, 1
   9              		.eabi_attribute 26, 1
  10              		.eabi_attribute 30, 1
  11              		.eabi_attribute 34, 1
  12              		.eabi_attribute 18, 4
  13              		.file	"stm32f4xx_it.c"
  14              		.text
  15              	.Ltext0:
  16              		.cfi_sections	.debug_frame
  17              		.section	.text.NMI_Handler,"ax",%progbits
  18              		.align	1
  19              		.global	NMI_Handler
  20              		.arch armv7e-m
  21              		.syntax unified
  22              		.thumb
  23              		.thumb_func
  24              		.fpu fpv4-sp-d16
  26              	NMI_Handler:
  27              	.LFB130:
  28              		.file 1 "Core/Src/stm32f4xx_it.c"
   1:Core/Src/stm32f4xx_it.c **** /**
   2:Core/Src/stm32f4xx_it.c ****   ******************************************************************************
   3:Core/Src/stm32f4xx_it.c ****   * @file    Project/STM32F4xx_StdPeriph_Templates/stm32f4xx_it.c 
   4:Core/Src/stm32f4xx_it.c ****   * @author  MCD Application Team
   5:Core/Src/stm32f4xx_it.c ****   * @version V1.4.0
   6:Core/Src/stm32f4xx_it.c ****   * @date    04-August-2014
   7:Core/Src/stm32f4xx_it.c ****   * @brief   Main Interrupt Service Routines.
   8:Core/Src/stm32f4xx_it.c ****   *          This file provides template for all exceptions handler and 
   9:Core/Src/stm32f4xx_it.c ****   *          peripherals interrupt service routine.
  10:Core/Src/stm32f4xx_it.c ****   ******************************************************************************
  11:Core/Src/stm32f4xx_it.c ****   * @attention
  12:Core/Src/stm32f4xx_it.c ****   *
  13:Core/Src/stm32f4xx_it.c ****   * <h2><center>&copy; COPYRIGHT 2014 STMicroelectronics</center></h2>
  14:Core/Src/stm32f4xx_it.c ****   *
  15:Core/Src/stm32f4xx_it.c ****   * Licensed under MCD-ST Liberty SW License Agreement V2, (the "License");
  16:Core/Src/stm32f4xx_it.c ****   * You may not use this file except in compliance with the License.
  17:Core/Src/stm32f4xx_it.c ****   * You may obtain a copy of the License at:
  18:Core/Src/stm32f4xx_it.c ****   *
  19:Core/Src/stm32f4xx_it.c ****   *        http://www.st.com/software_license_agreement_liberty_v2
  20:Core/Src/stm32f4xx_it.c ****   *
  21:Core/Src/stm32f4xx_it.c ****   * Unless required by applicable law or agreed to in writing, software 
  22:Core/Src/stm32f4xx_it.c ****   * distributed under the License is distributed on an "AS IS" BASIS, 
  23:Core/Src/stm32f4xx_it.c ****   * WITHOUT WARRANTIES OR CONDITIONS OF ANY KIND, either express or implied.
  24:Core/Src/stm32f4xx_it.c ****   * See the License for the specific language governing permissions and
  25:Core/Src/stm32f4xx_it.c ****   * limitations under the License.
  26:Core/Src/stm32f4xx_it.c ****   *
  27:Core/Src/stm32f4xx_it.c ****   ******************************************************************************
  28:Core/Src/stm32f4xx_it.c ****   */
  29:Core/Src/stm32f4xx_it.c **** 
  30:Core/Src/stm32f4xx_it.c **** /* Includes ------------------------------------------------------------------*/
ARM GAS  C:\Users\savao\AppData\Local\Temp\cc7icsFF.s 			page 2


  31:Core/Src/stm32f4xx_it.c **** #include "stm32f4xx_it.h"
  32:Core/Src/stm32f4xx_it.c ****  
  33:Core/Src/stm32f4xx_it.c **** 
  34:Core/Src/stm32f4xx_it.c **** /** @addtogroup Template_Project
  35:Core/Src/stm32f4xx_it.c ****   * @{
  36:Core/Src/stm32f4xx_it.c ****   */
  37:Core/Src/stm32f4xx_it.c **** 
  38:Core/Src/stm32f4xx_it.c **** /* Private typedef -----------------------------------------------------------*/
  39:Core/Src/stm32f4xx_it.c **** /* Private define ------------------------------------------------------------*/
  40:Core/Src/stm32f4xx_it.c **** /* Private macro -------------------------------------------------------------*/
  41:Core/Src/stm32f4xx_it.c **** /* Private variables ---------------------------------------------------------*/
  42:Core/Src/stm32f4xx_it.c **** /* Private function prototypes -----------------------------------------------*/
  43:Core/Src/stm32f4xx_it.c **** /* Private functions ---------------------------------------------------------*/
  44:Core/Src/stm32f4xx_it.c **** 
  45:Core/Src/stm32f4xx_it.c **** /******************************************************************************/
  46:Core/Src/stm32f4xx_it.c **** /*            Cortex-M4 Processor Exceptions Handlers                         */
  47:Core/Src/stm32f4xx_it.c **** /******************************************************************************/
  48:Core/Src/stm32f4xx_it.c **** 
  49:Core/Src/stm32f4xx_it.c **** /**
  50:Core/Src/stm32f4xx_it.c ****   * @brief  This function handles NMI exception.
  51:Core/Src/stm32f4xx_it.c ****   * @param  None
  52:Core/Src/stm32f4xx_it.c ****   * @retval None
  53:Core/Src/stm32f4xx_it.c ****   */
  54:Core/Src/stm32f4xx_it.c **** void NMI_Handler(void)
  55:Core/Src/stm32f4xx_it.c **** {
  29              		.loc 1 55 1 view -0
  30              		.cfi_startproc
  31              		@ args = 0, pretend = 0, frame = 0
  32              		@ frame_needed = 0, uses_anonymous_args = 0
  33              		@ link register save eliminated.
  56:Core/Src/stm32f4xx_it.c **** }
  34              		.loc 1 56 1 view .LVU1
  35 0000 7047     		bx	lr
  36              		.cfi_endproc
  37              	.LFE130:
  39              		.section	.text.HardFault_Handler,"ax",%progbits
  40              		.align	1
  41              		.global	HardFault_Handler
  42              		.syntax unified
  43              		.thumb
  44              		.thumb_func
  45              		.fpu fpv4-sp-d16
  47              	HardFault_Handler:
  48              	.LFB131:
  57:Core/Src/stm32f4xx_it.c **** 
  58:Core/Src/stm32f4xx_it.c **** /**
  59:Core/Src/stm32f4xx_it.c ****   * @brief  This function handles Hard Fault exception.
  60:Core/Src/stm32f4xx_it.c ****   * @param  None
  61:Core/Src/stm32f4xx_it.c ****   * @retval None
  62:Core/Src/stm32f4xx_it.c ****   */
  63:Core/Src/stm32f4xx_it.c **** void HardFault_Handler(void)
  64:Core/Src/stm32f4xx_it.c **** {
  49              		.loc 1 64 1 view -0
  50              		.cfi_startproc
  51              		@ Volatile: function does not return.
  52              		@ args = 0, pretend = 0, frame = 0
  53              		@ frame_needed = 0, uses_anonymous_args = 0
ARM GAS  C:\Users\savao\AppData\Local\Temp\cc7icsFF.s 			page 3


  54              		@ link register save eliminated.
  55              	.L3:
  65:Core/Src/stm32f4xx_it.c ****   /* Go to infinite loop when Hard Fault exception occurs */
  66:Core/Src/stm32f4xx_it.c ****   while (1)
  56              		.loc 1 66 3 discriminator 1 view .LVU3
  67:Core/Src/stm32f4xx_it.c ****   {
  68:Core/Src/stm32f4xx_it.c ****   }
  57              		.loc 1 68 3 discriminator 1 view .LVU4
  66:Core/Src/stm32f4xx_it.c ****   {
  58              		.loc 1 66 9 discriminator 1 view .LVU5
  59 0000 FEE7     		b	.L3
  60              		.cfi_endproc
  61              	.LFE131:
  63              		.section	.text.MemManage_Handler,"ax",%progbits
  64              		.align	1
  65              		.global	MemManage_Handler
  66              		.syntax unified
  67              		.thumb
  68              		.thumb_func
  69              		.fpu fpv4-sp-d16
  71              	MemManage_Handler:
  72              	.LFB132:
  69:Core/Src/stm32f4xx_it.c **** }
  70:Core/Src/stm32f4xx_it.c **** 
  71:Core/Src/stm32f4xx_it.c **** /**
  72:Core/Src/stm32f4xx_it.c ****   * @brief  This function handles Memory Manage exception.
  73:Core/Src/stm32f4xx_it.c ****   * @param  None
  74:Core/Src/stm32f4xx_it.c ****   * @retval None
  75:Core/Src/stm32f4xx_it.c ****   */
  76:Core/Src/stm32f4xx_it.c **** void MemManage_Handler(void)
  77:Core/Src/stm32f4xx_it.c **** {
  73              		.loc 1 77 1 view -0
  74              		.cfi_startproc
  75              		@ Volatile: function does not return.
  76              		@ args = 0, pretend = 0, frame = 0
  77              		@ frame_needed = 0, uses_anonymous_args = 0
  78              		@ link register save eliminated.
  79              	.L5:
  78:Core/Src/stm32f4xx_it.c ****   /* Go to infinite loop when Memory Manage exception occurs */
  79:Core/Src/stm32f4xx_it.c ****   while (1)
  80              		.loc 1 79 3 discriminator 1 view .LVU7
  80:Core/Src/stm32f4xx_it.c ****   {
  81:Core/Src/stm32f4xx_it.c ****   }
  81              		.loc 1 81 3 discriminator 1 view .LVU8
  79:Core/Src/stm32f4xx_it.c ****   {
  82              		.loc 1 79 9 discriminator 1 view .LVU9
  83 0000 FEE7     		b	.L5
  84              		.cfi_endproc
  85              	.LFE132:
  87              		.section	.text.BusFault_Handler,"ax",%progbits
  88              		.align	1
  89              		.global	BusFault_Handler
  90              		.syntax unified
  91              		.thumb
  92              		.thumb_func
  93              		.fpu fpv4-sp-d16
  95              	BusFault_Handler:
ARM GAS  C:\Users\savao\AppData\Local\Temp\cc7icsFF.s 			page 4


  96              	.LFB133:
  82:Core/Src/stm32f4xx_it.c **** }
  83:Core/Src/stm32f4xx_it.c **** 
  84:Core/Src/stm32f4xx_it.c **** /**
  85:Core/Src/stm32f4xx_it.c ****   * @brief  This function handles Bus Fault exception.
  86:Core/Src/stm32f4xx_it.c ****   * @param  None
  87:Core/Src/stm32f4xx_it.c ****   * @retval None
  88:Core/Src/stm32f4xx_it.c ****   */
  89:Core/Src/stm32f4xx_it.c **** void BusFault_Handler(void)
  90:Core/Src/stm32f4xx_it.c **** {
  97              		.loc 1 90 1 view -0
  98              		.cfi_startproc
  99              		@ Volatile: function does not return.
 100              		@ args = 0, pretend = 0, frame = 0
 101              		@ frame_needed = 0, uses_anonymous_args = 0
 102              		@ link register save eliminated.
 103              	.L7:
  91:Core/Src/stm32f4xx_it.c ****   /* Go to infinite loop when Bus Fault exception occurs */
  92:Core/Src/stm32f4xx_it.c ****   while (1)
 104              		.loc 1 92 3 discriminator 1 view .LVU11
  93:Core/Src/stm32f4xx_it.c ****   {
  94:Core/Src/stm32f4xx_it.c ****   }
 105              		.loc 1 94 3 discriminator 1 view .LVU12
  92:Core/Src/stm32f4xx_it.c ****   {
 106              		.loc 1 92 9 discriminator 1 view .LVU13
 107 0000 FEE7     		b	.L7
 108              		.cfi_endproc
 109              	.LFE133:
 111              		.section	.text.UsageFault_Handler,"ax",%progbits
 112              		.align	1
 113              		.global	UsageFault_Handler
 114              		.syntax unified
 115              		.thumb
 116              		.thumb_func
 117              		.fpu fpv4-sp-d16
 119              	UsageFault_Handler:
 120              	.LFB134:
  95:Core/Src/stm32f4xx_it.c **** }
  96:Core/Src/stm32f4xx_it.c **** 
  97:Core/Src/stm32f4xx_it.c **** /**
  98:Core/Src/stm32f4xx_it.c ****   * @brief  This function handles Usage Fault exception.
  99:Core/Src/stm32f4xx_it.c ****   * @param  None
 100:Core/Src/stm32f4xx_it.c ****   * @retval None
 101:Core/Src/stm32f4xx_it.c ****   */
 102:Core/Src/stm32f4xx_it.c **** void UsageFault_Handler(void)
 103:Core/Src/stm32f4xx_it.c **** {
 121              		.loc 1 103 1 view -0
 122              		.cfi_startproc
 123              		@ Volatile: function does not return.
 124              		@ args = 0, pretend = 0, frame = 0
 125              		@ frame_needed = 0, uses_anonymous_args = 0
 126              		@ link register save eliminated.
 127              	.L9:
 104:Core/Src/stm32f4xx_it.c ****   /* Go to infinite loop when Usage Fault exception occurs */
 105:Core/Src/stm32f4xx_it.c ****   while (1)
 128              		.loc 1 105 3 discriminator 1 view .LVU15
 106:Core/Src/stm32f4xx_it.c ****   {
ARM GAS  C:\Users\savao\AppData\Local\Temp\cc7icsFF.s 			page 5


 107:Core/Src/stm32f4xx_it.c ****   }
 129              		.loc 1 107 3 discriminator 1 view .LVU16
 105:Core/Src/stm32f4xx_it.c ****   {
 130              		.loc 1 105 9 discriminator 1 view .LVU17
 131 0000 FEE7     		b	.L9
 132              		.cfi_endproc
 133              	.LFE134:
 135              		.section	.text.SVC_Handler,"ax",%progbits
 136              		.align	1
 137              		.global	SVC_Handler
 138              		.syntax unified
 139              		.thumb
 140              		.thumb_func
 141              		.fpu fpv4-sp-d16
 143              	SVC_Handler:
 144              	.LFB135:
 108:Core/Src/stm32f4xx_it.c **** }
 109:Core/Src/stm32f4xx_it.c **** 
 110:Core/Src/stm32f4xx_it.c **** /**
 111:Core/Src/stm32f4xx_it.c ****   * @brief  This function handles SVCall exception.
 112:Core/Src/stm32f4xx_it.c ****   * @param  None
 113:Core/Src/stm32f4xx_it.c ****   * @retval None
 114:Core/Src/stm32f4xx_it.c ****   */
 115:Core/Src/stm32f4xx_it.c **** void SVC_Handler(void)
 116:Core/Src/stm32f4xx_it.c **** {
 145              		.loc 1 116 1 view -0
 146              		.cfi_startproc
 147              		@ args = 0, pretend = 0, frame = 0
 148              		@ frame_needed = 0, uses_anonymous_args = 0
 149              		@ link register save eliminated.
 117:Core/Src/stm32f4xx_it.c **** }
 150              		.loc 1 117 1 view .LVU19
 151 0000 7047     		bx	lr
 152              		.cfi_endproc
 153              	.LFE135:
 155              		.section	.text.DebugMon_Handler,"ax",%progbits
 156              		.align	1
 157              		.global	DebugMon_Handler
 158              		.syntax unified
 159              		.thumb
 160              		.thumb_func
 161              		.fpu fpv4-sp-d16
 163              	DebugMon_Handler:
 164              	.LFB136:
 118:Core/Src/stm32f4xx_it.c **** 
 119:Core/Src/stm32f4xx_it.c **** /**
 120:Core/Src/stm32f4xx_it.c ****   * @brief  This function handles Debug Monitor exception.
 121:Core/Src/stm32f4xx_it.c ****   * @param  None
 122:Core/Src/stm32f4xx_it.c ****   * @retval None
 123:Core/Src/stm32f4xx_it.c ****   */
 124:Core/Src/stm32f4xx_it.c **** void DebugMon_Handler(void)
 125:Core/Src/stm32f4xx_it.c **** {
 165              		.loc 1 125 1 view -0
 166              		.cfi_startproc
 167              		@ args = 0, pretend = 0, frame = 0
 168              		@ frame_needed = 0, uses_anonymous_args = 0
 169              		@ link register save eliminated.
ARM GAS  C:\Users\savao\AppData\Local\Temp\cc7icsFF.s 			page 6


 126:Core/Src/stm32f4xx_it.c **** }
 170              		.loc 1 126 1 view .LVU21
 171 0000 7047     		bx	lr
 172              		.cfi_endproc
 173              	.LFE136:
 175              		.section	.text.PendSV_Handler,"ax",%progbits
 176              		.align	1
 177              		.global	PendSV_Handler
 178              		.syntax unified
 179              		.thumb
 180              		.thumb_func
 181              		.fpu fpv4-sp-d16
 183              	PendSV_Handler:
 184              	.LFB137:
 127:Core/Src/stm32f4xx_it.c **** 
 128:Core/Src/stm32f4xx_it.c **** /**
 129:Core/Src/stm32f4xx_it.c ****   * @brief  This function handles PendSVC exception.
 130:Core/Src/stm32f4xx_it.c ****   * @param  None
 131:Core/Src/stm32f4xx_it.c ****   * @retval None
 132:Core/Src/stm32f4xx_it.c ****   */
 133:Core/Src/stm32f4xx_it.c **** void PendSV_Handler(void)
 134:Core/Src/stm32f4xx_it.c **** {
 185              		.loc 1 134 1 view -0
 186              		.cfi_startproc
 187              		@ args = 0, pretend = 0, frame = 0
 188              		@ frame_needed = 0, uses_anonymous_args = 0
 189              		@ link register save eliminated.
 135:Core/Src/stm32f4xx_it.c **** }
 190              		.loc 1 135 1 view .LVU23
 191 0000 7047     		bx	lr
 192              		.cfi_endproc
 193              	.LFE137:
 195              		.section	.text.SysTick_Handler,"ax",%progbits
 196              		.align	1
 197              		.global	SysTick_Handler
 198              		.syntax unified
 199              		.thumb
 200              		.thumb_func
 201              		.fpu fpv4-sp-d16
 203              	SysTick_Handler:
 204              	.LFB138:
 136:Core/Src/stm32f4xx_it.c **** 
 137:Core/Src/stm32f4xx_it.c **** /**
 138:Core/Src/stm32f4xx_it.c ****   * @brief  This function handles SysTick Handler.
 139:Core/Src/stm32f4xx_it.c ****   * @param  None
 140:Core/Src/stm32f4xx_it.c ****   * @retval None
 141:Core/Src/stm32f4xx_it.c ****   */
 142:Core/Src/stm32f4xx_it.c **** void SysTick_Handler(void)
 143:Core/Src/stm32f4xx_it.c **** {
 205              		.loc 1 143 1 view -0
 206              		.cfi_startproc
 207              		@ args = 0, pretend = 0, frame = 0
 208              		@ frame_needed = 0, uses_anonymous_args = 0
 209              		@ link register save eliminated.
 144:Core/Src/stm32f4xx_it.c ****  
 145:Core/Src/stm32f4xx_it.c **** }
 210              		.loc 1 145 1 view .LVU25
ARM GAS  C:\Users\savao\AppData\Local\Temp\cc7icsFF.s 			page 7


 211 0000 7047     		bx	lr
 212              		.cfi_endproc
 213              	.LFE138:
 215              		.text
 216              	.Letext0:
ARM GAS  C:\Users\savao\AppData\Local\Temp\cc7icsFF.s 			page 8


DEFINED SYMBOLS
                            *ABS*:00000000 stm32f4xx_it.c
C:\Users\savao\AppData\Local\Temp\cc7icsFF.s:18     .text.NMI_Handler:00000000 $t
C:\Users\savao\AppData\Local\Temp\cc7icsFF.s:26     .text.NMI_Handler:00000000 NMI_Handler
C:\Users\savao\AppData\Local\Temp\cc7icsFF.s:40     .text.HardFault_Handler:00000000 $t
C:\Users\savao\AppData\Local\Temp\cc7icsFF.s:47     .text.HardFault_Handler:00000000 HardFault_Handler
C:\Users\savao\AppData\Local\Temp\cc7icsFF.s:64     .text.MemManage_Handler:00000000 $t
C:\Users\savao\AppData\Local\Temp\cc7icsFF.s:71     .text.MemManage_Handler:00000000 MemManage_Handler
C:\Users\savao\AppData\Local\Temp\cc7icsFF.s:88     .text.BusFault_Handler:00000000 $t
C:\Users\savao\AppData\Local\Temp\cc7icsFF.s:95     .text.BusFault_Handler:00000000 BusFault_Handler
C:\Users\savao\AppData\Local\Temp\cc7icsFF.s:112    .text.UsageFault_Handler:00000000 $t
C:\Users\savao\AppData\Local\Temp\cc7icsFF.s:119    .text.UsageFault_Handler:00000000 UsageFault_Handler
C:\Users\savao\AppData\Local\Temp\cc7icsFF.s:136    .text.SVC_Handler:00000000 $t
C:\Users\savao\AppData\Local\Temp\cc7icsFF.s:143    .text.SVC_Handler:00000000 SVC_Handler
C:\Users\savao\AppData\Local\Temp\cc7icsFF.s:156    .text.DebugMon_Handler:00000000 $t
C:\Users\savao\AppData\Local\Temp\cc7icsFF.s:163    .text.DebugMon_Handler:00000000 DebugMon_Handler
C:\Users\savao\AppData\Local\Temp\cc7icsFF.s:176    .text.PendSV_Handler:00000000 $t
C:\Users\savao\AppData\Local\Temp\cc7icsFF.s:183    .text.PendSV_Handler:00000000 PendSV_Handler
C:\Users\savao\AppData\Local\Temp\cc7icsFF.s:196    .text.SysTick_Handler:00000000 $t
C:\Users\savao\AppData\Local\Temp\cc7icsFF.s:203    .text.SysTick_Handler:00000000 SysTick_Handler

NO UNDEFINED SYMBOLS
