ARM GAS  C:\Users\savao\AppData\Local\Temp\ccvVoKWI.s 			page 1


   1              		.cpu cortex-m4
   2              		.eabi_attribute 27, 1
   3              		.eabi_attribute 28, 1
   4              		.eabi_attribute 20, 1
   5              		.eabi_attribute 21, 1
   6              		.eabi_attribute 23, 3
   7              		.eabi_attribute 24, 1
   8              		.eabi_attribute 25, 1
   9              		.eabi_attribute 26, 1
  10              		.eabi_attribute 30, 1
  11              		.eabi_attribute 34, 1
  12              		.eabi_attribute 18, 4
  13              		.file	"key.c"
  14              		.text
  15              	.Ltext0:
  16              		.cfi_sections	.debug_frame
  17              		.section	.text.KEY_Init,"ax",%progbits
  18              		.align	1
  19              		.global	KEY_Init
  20              		.arch armv7e-m
  21              		.syntax unified
  22              		.thumb
  23              		.thumb_func
  24              		.fpu fpv4-sp-d16
  26              	KEY_Init:
  27              	.LFB130:
  28              		.file 1 "Core/Src/key.c"
   1:Core/Src/key.c **** //////////////////////////////////////////////////////////////////////////////////	 
   2:Core/Src/key.c **** //本程序只供学习使用，未经作者许可，不得用于其它商业用途
   3:Core/Src/key.c **** //测试硬件：单片机STM32F407VGT6,STM32F407VxT6最小系统开发板,主频168MHZ，晶振8MHZ
   4:Core/Src/key.c **** //QDtech-TFT液晶驱动 for STM32 FSMC
   5:Core/Src/key.c **** //Chan@ShenZhen QDtech co.,LTD
   6:Core/Src/key.c **** //公司网站:www.qdtft.com
   7:Core/Src/key.c **** //wiki技术资料网站：http://www.lcdwiki.com
   8:Core/Src/key.c **** //我司提供技术支持，任何技术问题欢迎随时交流学习
   9:Core/Src/key.c **** //固话(传真) :+86 0755-21077707 
  10:Core/Src/key.c **** //手机: (销售)18823372746 （技术)15989313508
  11:Core/Src/key.c **** //邮箱:(销售/订单) sales@qdtft.com  (售后/技术服务)service@qdtft.com
  12:Core/Src/key.c **** //QQ:(售前咨询)3002706772 (技术支持)3002778157
  13:Core/Src/key.c **** //技术交流QQ群:778679828
  14:Core/Src/key.c **** //创建日期:2020/06/29
  15:Core/Src/key.c **** //版本：V1.0
  16:Core/Src/key.c **** //版权所有，盗版必究。
  17:Core/Src/key.c **** //Copyright(C) 深圳市全动电子技术有限公司 2018-2028
  18:Core/Src/key.c **** //All rights reserved
  19:Core/Src/key.c **** /************************************************************************************
  20:Core/Src/key.c **** //STM32F407VxT6最小系统开发板IIC示例
  21:Core/Src/key.c **** //     LED0           --->            PA1
  22:Core/Src/key.c **** //     KEY0           --->            PE4
  23:Core/Src/key.c **** //     KEY_UP         --->            PA0
  24:Core/Src/key.c **** //     IIC_SCL        --->            PB8
  25:Core/Src/key.c **** //     IIC_SDA        --->            PB9
  26:Core/Src/key.c **** //支持ILI9341/ILI9486/ILI9488/ST7793/ST7796S/R61509/NT35310/NT35510/SSD1963
  27:Core/Src/key.c **** //TFT LCD可以直接插入STM32F407VxT6最小系统开发板TFTLCD插槽或者通过排线接入TFTLCD插座
  28:Core/Src/key.c **** //STM32连接引脚是指TFTLCD插槽或者插座引脚内部连接的STM32引脚
  29:Core/Src/key.c **** //=================================电源接线=======================================//
  30:Core/Src/key.c **** //     LCD模块                    STM32连接引脚
ARM GAS  C:\Users\savao\AppData\Local\Temp\ccvVoKWI.s 			page 2


  31:Core/Src/key.c **** //      VDD           --->           DC5V/3.3V          //电源
  32:Core/Src/key.c **** //      GND           --->             GND              //电源地
  33:Core/Src/key.c **** //=============================液晶屏数据线接线===================================//
  34:Core/Src/key.c **** //     LCD模块                    STM32连接引脚
  35:Core/Src/key.c **** //      DB0           --->            PD14        -|   
  36:Core/Src/key.c **** //      DB1           --->            PD15         |  
  37:Core/Src/key.c **** //      DB2           --->            PD0          | 
  38:Core/Src/key.c **** //      DB3           --->            PD1          | 
  39:Core/Src/key.c **** //      DB4           --->            PE7          |
  40:Core/Src/key.c **** //      DB5           --->            PE8          |
  41:Core/Src/key.c **** //      DB6           --->            PE9          |
  42:Core/Src/key.c **** //      DB7           --->            PE10         |===>液晶屏16位并口数据信号
  43:Core/Src/key.c **** //      DB8           --->            PE11         |
  44:Core/Src/key.c **** //      DB9           --->            PE12         |
  45:Core/Src/key.c **** //      DB10          --->            PE13         |
  46:Core/Src/key.c **** //      DB11          --->            PE14         |
  47:Core/Src/key.c **** //      DB12          --->            PE15         |
  48:Core/Src/key.c **** //      DB13          --->            PD8          |
  49:Core/Src/key.c **** //      DB14          --->            PD9          |
  50:Core/Src/key.c **** //      DB15          --->            PD10        -|
  51:Core/Src/key.c **** //=============================液晶屏控制线接线===================================//
  52:Core/Src/key.c **** //     LCD模块 				            STM32连接引脚 
  53:Core/Src/key.c **** //      WR            --->            PD5             //液晶屏写数据控制信号
  54:Core/Src/key.c **** //      RD            --->            PD4             //液晶屏读数据控制信号
  55:Core/Src/key.c **** //      RS            --->            PD11            //液晶屏数据/命令控制信号
  56:Core/Src/key.c **** //      RST           --->          复位引脚（默认）  //液晶屏复位控制信号（也可选择PD13）
  57:Core/Src/key.c **** //      CS            --->            PD7             //液晶屏片选控制信号
  58:Core/Src/key.c **** //      BL            --->            PB15            //液晶屏背光控制信号
  59:Core/Src/key.c **** *************************************************************************************/	
  60:Core/Src/key.c ****  /* @attention
  61:Core/Src/key.c ****   *
  62:Core/Src/key.c ****   * THE PRESENT FIRMWARE WHICH IS FOR GUIDANCE ONLY AIMS AT PROVIDING CUSTOMERS
  63:Core/Src/key.c ****   * WITH CODING INFORMATION REGARDING THEIR PRODUCTS IN ORDER FOR THEM TO SAVE
  64:Core/Src/key.c ****   * TIME. AS A RESULT, QD electronic SHALL NOT BE HELD LIABLE FOR ANY
  65:Core/Src/key.c ****   * DIRECT, INDIRECT OR CONSEQUENTIAL DAMAGES WITH RESPECT TO ANY CLAIMS ARISING
  66:Core/Src/key.c ****   * FROM THE CONTENT OF SUCH FIRMWARE AND/OR THE USE MADE BY CUSTOMERS OF THE
  67:Core/Src/key.c ****   * CODING INFORMATION CONTAINED HEREIN IN CONNECTION WITH THEIR PRODUCTS.
  68:Core/Src/key.c **** *************************************************************************************/
  69:Core/Src/key.c **** #include "key.h"
  70:Core/Src/key.c **** #include "delay.h"  
  71:Core/Src/key.c **** 
  72:Core/Src/key.c **** /*****************************************************************************
  73:Core/Src/key.c ****  * @name       :void KEY_Init(void)
  74:Core/Src/key.c ****  * @date       :2020-05-08 
  75:Core/Src/key.c ****  * @function   :Initialize KEY GPIO
  76:Core/Src/key.c ****  * @parameters :None
  77:Core/Src/key.c ****  * @retvalue   :None
  78:Core/Src/key.c **** ******************************************************************************/	 
  79:Core/Src/key.c **** void KEY_Init(void)
  80:Core/Src/key.c **** {
  29              		.loc 1 80 1 view -0
  30              		.cfi_startproc
  31              		@ args = 0, pretend = 0, frame = 8
  32              		@ frame_needed = 0, uses_anonymous_args = 0
  33 0000 10B5     		push	{r4, lr}
  34              	.LCFI0:
  35              		.cfi_def_cfa_offset 8
ARM GAS  C:\Users\savao\AppData\Local\Temp\ccvVoKWI.s 			page 3


  36              		.cfi_offset 4, -8
  37              		.cfi_offset 14, -4
  38 0002 82B0     		sub	sp, sp, #8
  39              	.LCFI1:
  40              		.cfi_def_cfa_offset 16
  81:Core/Src/key.c **** 	GPIO_InitTypeDef  GPIO_InitStructure;
  41              		.loc 1 81 2 view .LVU1
  82:Core/Src/key.c **** 	RCC_AHB1PeriphClockCmd(RCC_AHB1Periph_GPIOA|RCC_AHB1Periph_GPIOE, ENABLE);//使能GPIOA,GPIOE时钟
  42              		.loc 1 82 2 view .LVU2
  43 0004 0121     		movs	r1, #1
  44 0006 1120     		movs	r0, #17
  45 0008 FFF7FEFF 		bl	RCC_AHB1PeriphClockCmd
  46              	.LVL0:
  83:Core/Src/key.c **** 	GPIO_InitStructure.GPIO_Pin = GPIO_Pin_4;          //KEY0 对应引脚
  47              		.loc 1 83 2 view .LVU3
  48              		.loc 1 83 30 is_stmt 0 view .LVU4
  49 000c 1023     		movs	r3, #16
  50 000e 0093     		str	r3, [sp]
  84:Core/Src/key.c **** 	GPIO_InitStructure.GPIO_Mode = GPIO_Mode_IN;       //普通输入模式
  51              		.loc 1 84 2 is_stmt 1 view .LVU5
  52              		.loc 1 84 31 is_stmt 0 view .LVU6
  53 0010 0023     		movs	r3, #0
  54 0012 8DF80430 		strb	r3, [sp, #4]
  85:Core/Src/key.c **** 	GPIO_InitStructure.GPIO_Speed = GPIO_Speed_100MHz; //100M
  55              		.loc 1 85 2 is_stmt 1 view .LVU7
  56              		.loc 1 85 32 is_stmt 0 view .LVU8
  57 0016 0323     		movs	r3, #3
  58 0018 8DF80530 		strb	r3, [sp, #5]
  86:Core/Src/key.c **** 	GPIO_InitStructure.GPIO_PuPd = GPIO_PuPd_UP ;      //下拉
  59              		.loc 1 86 2 is_stmt 1 view .LVU9
  60              		.loc 1 86 31 is_stmt 0 view .LVU10
  61 001c 0124     		movs	r4, #1
  62 001e 8DF80740 		strb	r4, [sp, #7]
  87:Core/Src/key.c **** 	GPIO_Init(GPIOE, &GPIO_InitStructure);             //初始化PE4
  63              		.loc 1 87 2 is_stmt 1 view .LVU11
  64 0022 6946     		mov	r1, sp
  65 0024 0648     		ldr	r0, .L3
  66 0026 FFF7FEFF 		bl	GPIO_Init
  67              	.LVL1:
  88:Core/Src/key.c **** 	 
  89:Core/Src/key.c **** 	GPIO_InitStructure.GPIO_Pin = GPIO_Pin_0;          //KEY_UP对应引脚PA0
  68              		.loc 1 89 2 view .LVU12
  69              		.loc 1 89 30 is_stmt 0 view .LVU13
  70 002a 0094     		str	r4, [sp]
  90:Core/Src/key.c **** 	GPIO_InitStructure.GPIO_PuPd = GPIO_PuPd_DOWN ;    //下拉
  71              		.loc 1 90 2 is_stmt 1 view .LVU14
  72              		.loc 1 90 31 is_stmt 0 view .LVU15
  73 002c 0223     		movs	r3, #2
  74 002e 8DF80730 		strb	r3, [sp, #7]
  91:Core/Src/key.c **** 	GPIO_Init(GPIOA, &GPIO_InitStructure);             //初始化PA0
  75              		.loc 1 91 2 is_stmt 1 view .LVU16
  76 0032 6946     		mov	r1, sp
  77 0034 0348     		ldr	r0, .L3+4
  78 0036 FFF7FEFF 		bl	GPIO_Init
  79              	.LVL2:
  92:Core/Src/key.c **** } 
  80              		.loc 1 92 1 is_stmt 0 view .LVU17
ARM GAS  C:\Users\savao\AppData\Local\Temp\ccvVoKWI.s 			page 4


  81 003a 02B0     		add	sp, sp, #8
  82              	.LCFI2:
  83              		.cfi_def_cfa_offset 8
  84              		@ sp needed
  85 003c 10BD     		pop	{r4, pc}
  86              	.L4:
  87 003e 00BF     		.align	2
  88              	.L3:
  89 0040 00100240 		.word	1073876992
  90 0044 00000240 		.word	1073872896
  91              		.cfi_endproc
  92              	.LFE130:
  94              		.section	.text.KEY_Scan,"ax",%progbits
  95              		.align	1
  96              		.global	KEY_Scan
  97              		.syntax unified
  98              		.thumb
  99              		.thumb_func
 100              		.fpu fpv4-sp-d16
 102              	KEY_Scan:
 103              	.LVL3:
 104              	.LFB131:
  93:Core/Src/key.c **** 
  94:Core/Src/key.c **** /*****************************************************************************
  95:Core/Src/key.c ****  * @name       :u8 KEY_Scan(u8 mode)
  96:Core/Src/key.c ****  * @date       :2020-05-08 
  97:Core/Src/key.c ****  * @function   :Scan whether key is pressed or not(Key response priority:KEY0>KEY_UP)
  98:Core/Src/key.c ****  * @parameters :mode:0-Continuous pressing is not supported
  99:Core/Src/key.c ****                      1-Support continuous press
 100:Core/Src/key.c ****  * @retvalue   :0-no key is pressed
 101:Core/Src/key.c ****                 1-KEY0 is pressed
 102:Core/Src/key.c **** 								2-KEY_UP is pressed
 103:Core/Src/key.c **** ******************************************************************************/	
 104:Core/Src/key.c **** u8 KEY_Scan(u8 mode)
 105:Core/Src/key.c **** {	 
 105              		.loc 1 105 1 is_stmt 1 view -0
 106              		.cfi_startproc
 107              		@ args = 0, pretend = 0, frame = 0
 108              		@ frame_needed = 0, uses_anonymous_args = 0
 109              		.loc 1 105 1 is_stmt 0 view .LVU19
 110 0000 08B5     		push	{r3, lr}
 111              	.LCFI3:
 112              		.cfi_def_cfa_offset 8
 113              		.cfi_offset 3, -8
 114              		.cfi_offset 14, -4
 106:Core/Src/key.c **** 	static u8 key_up=1;//按键按松开标志
 115              		.loc 1 106 2 is_stmt 1 view .LVU20
 107:Core/Src/key.c **** 	if(mode)key_up=1;  //支持连按		  
 116              		.loc 1 107 2 view .LVU21
 117              		.loc 1 107 4 is_stmt 0 view .LVU22
 118 0002 10B1     		cbz	r0, .L6
 119              		.loc 1 107 10 is_stmt 1 discriminator 1 view .LVU23
 120              		.loc 1 107 16 is_stmt 0 discriminator 1 view .LVU24
 121 0004 1A4B     		ldr	r3, .L16
 122 0006 0122     		movs	r2, #1
 123 0008 1A70     		strb	r2, [r3]
 124              	.L6:
ARM GAS  C:\Users\savao\AppData\Local\Temp\ccvVoKWI.s 			page 5


 108:Core/Src/key.c **** 	if(key_up&&(KEY0_VALUE==0||KEY_UP_VALUE==1))
 125              		.loc 1 108 2 is_stmt 1 view .LVU25
 126              		.loc 1 108 5 is_stmt 0 view .LVU26
 127 000a 194B     		ldr	r3, .L16
 128 000c 1B78     		ldrb	r3, [r3]	@ zero_extendqisi2
 129              		.loc 1 108 4 view .LVU27
 130 000e 43B1     		cbz	r3, .L7
 131              		.loc 1 108 14 discriminator 1 view .LVU28
 132 0010 184B     		ldr	r3, .L16+4
 133 0012 D3F81032 		ldr	r3, [r3, #528]
 134              		.loc 1 108 11 discriminator 1 view .LVU29
 135 0016 5BB1     		cbz	r3, .L8
 136              		.loc 1 108 29 discriminator 2 view .LVU30
 137 0018 174B     		ldr	r3, .L16+8
 138 001a D3F80032 		ldr	r3, [r3, #512]
 139              		.loc 1 108 27 discriminator 2 view .LVU31
 140 001e 012B     		cmp	r3, #1
 141 0020 06D0     		beq	.L8
 142              	.L7:
 109:Core/Src/key.c **** 	{
 110:Core/Src/key.c **** 		delay_ms(10);//去抖动 
 111:Core/Src/key.c **** 		key_up=0;
 112:Core/Src/key.c **** 		if(KEY0_VALUE==0)
 113:Core/Src/key.c **** 		{
 114:Core/Src/key.c **** 			return KEY0_PRES;
 115:Core/Src/key.c **** 		}
 116:Core/Src/key.c **** 		else if(KEY_UP_VALUE==1)
 117:Core/Src/key.c **** 		{
 118:Core/Src/key.c **** 			return KEY_UP_PRES;
 119:Core/Src/key.c **** 		}
 120:Core/Src/key.c **** 	}
 121:Core/Src/key.c **** 	else if(KEY0_VALUE==1&&KEY_UP_VALUE==0)
 143              		.loc 1 121 7 is_stmt 1 view .LVU32
 144              		.loc 1 121 10 is_stmt 0 view .LVU33
 145 0022 144B     		ldr	r3, .L16+4
 146 0024 D3F81032 		ldr	r3, [r3, #528]
 147              		.loc 1 121 9 view .LVU34
 148 0028 012B     		cmp	r3, #1
 149 002a 12D0     		beq	.L15
 122:Core/Src/key.c **** 	{
 123:Core/Src/key.c **** 		key_up=1; 	    
 124:Core/Src/key.c **** 	}
 125:Core/Src/key.c ****  	return 0;// 无按键按下
 150              		.loc 1 125 10 view .LVU35
 151 002c 0020     		movs	r0, #0
 152              	.LVL4:
 153              	.L9:
 126:Core/Src/key.c **** }
 154              		.loc 1 126 1 view .LVU36
 155 002e 08BD     		pop	{r3, pc}
 156              	.LVL5:
 157              	.L8:
 110:Core/Src/key.c **** 		key_up=0;
 158              		.loc 1 110 3 is_stmt 1 view .LVU37
 159 0030 0A20     		movs	r0, #10
 160              	.LVL6:
 110:Core/Src/key.c **** 		key_up=0;
ARM GAS  C:\Users\savao\AppData\Local\Temp\ccvVoKWI.s 			page 6


 161              		.loc 1 110 3 is_stmt 0 view .LVU38
 162 0032 FFF7FEFF 		bl	delay_ms
 163              	.LVL7:
 111:Core/Src/key.c **** 		if(KEY0_VALUE==0)
 164              		.loc 1 111 3 is_stmt 1 view .LVU39
 111:Core/Src/key.c **** 		if(KEY0_VALUE==0)
 165              		.loc 1 111 9 is_stmt 0 view .LVU40
 166 0036 0E4B     		ldr	r3, .L16
 167 0038 0022     		movs	r2, #0
 168 003a 1A70     		strb	r2, [r3]
 112:Core/Src/key.c **** 		{
 169              		.loc 1 112 3 is_stmt 1 view .LVU41
 112:Core/Src/key.c **** 		{
 170              		.loc 1 112 6 is_stmt 0 view .LVU42
 171 003c 0D4B     		ldr	r3, .L16+4
 172 003e D3F81032 		ldr	r3, [r3, #528]
 112:Core/Src/key.c **** 		{
 173              		.loc 1 112 5 view .LVU43
 174 0042 7BB1     		cbz	r3, .L10
 116:Core/Src/key.c **** 		{
 175              		.loc 1 116 8 is_stmt 1 view .LVU44
 116:Core/Src/key.c **** 		{
 176              		.loc 1 116 11 is_stmt 0 view .LVU45
 177 0044 0C4B     		ldr	r3, .L16+8
 178 0046 D3F80032 		ldr	r3, [r3, #512]
 116:Core/Src/key.c **** 		{
 179              		.loc 1 116 10 view .LVU46
 180 004a 012B     		cmp	r3, #1
 181 004c 0CD0     		beq	.L11
 125:Core/Src/key.c **** }
 182              		.loc 1 125 10 view .LVU47
 183 004e 1046     		mov	r0, r2
 184 0050 EDE7     		b	.L9
 185              	.LVL8:
 186              	.L15:
 121:Core/Src/key.c **** 	{
 187              		.loc 1 121 25 discriminator 1 view .LVU48
 188 0052 094B     		ldr	r3, .L16+8
 189 0054 D3F80032 		ldr	r3, [r3, #512]
 121:Core/Src/key.c **** 	{
 190              		.loc 1 121 23 discriminator 1 view .LVU49
 191 0058 43B9     		cbnz	r3, .L13
 123:Core/Src/key.c **** 	}
 192              		.loc 1 123 3 is_stmt 1 view .LVU50
 123:Core/Src/key.c **** 	}
 193              		.loc 1 123 9 is_stmt 0 view .LVU51
 194 005a 054B     		ldr	r3, .L16
 195 005c 0122     		movs	r2, #1
 196 005e 1A70     		strb	r2, [r3]
 125:Core/Src/key.c **** }
 197              		.loc 1 125 10 view .LVU52
 198 0060 0020     		movs	r0, #0
 199              	.LVL9:
 125:Core/Src/key.c **** }
 200              		.loc 1 125 10 view .LVU53
 201 0062 E4E7     		b	.L9
 202              	.L10:
ARM GAS  C:\Users\savao\AppData\Local\Temp\ccvVoKWI.s 			page 7


 114:Core/Src/key.c **** 		}
 203              		.loc 1 114 11 view .LVU54
 204 0064 0120     		movs	r0, #1
 205 0066 E2E7     		b	.L9
 206              	.L11:
 118:Core/Src/key.c **** 		}
 207              		.loc 1 118 11 view .LVU55
 208 0068 0220     		movs	r0, #2
 209 006a E0E7     		b	.L9
 210              	.LVL10:
 211              	.L13:
 125:Core/Src/key.c **** }
 212              		.loc 1 125 10 view .LVU56
 213 006c 0020     		movs	r0, #0
 214              	.LVL11:
 125:Core/Src/key.c **** }
 215              		.loc 1 125 10 view .LVU57
 216 006e DEE7     		b	.L9
 217              	.L17:
 218              		.align	2
 219              	.L16:
 220 0070 00000000 		.word	.LANCHOR0
 221 0074 00004242 		.word	1111621632
 222 0078 00004042 		.word	1111490560
 223              		.cfi_endproc
 224              	.LFE131:
 226              		.section	.data.key_up.0,"aw"
 227              		.set	.LANCHOR0,. + 0
 230              	key_up.0:
 231 0000 01       		.byte	1
 232              		.text
 233              	.Letext0:
 234              		.file 2 "c:\\program files (x86)\\gnu arm embedded toolchain\\10 2020-q4-major\\arm-none-eabi\\inc
 235              		.file 3 "c:\\program files (x86)\\gnu arm embedded toolchain\\10 2020-q4-major\\arm-none-eabi\\inc
 236              		.file 4 "Core/Inc/stm32f4xx.h"
 237              		.file 5 "Drivers/STM32F4xx_FWLIB/inc/stm32f4xx_gpio.h"
 238              		.file 6 "Core/Inc/delay.h"
 239              		.file 7 "Drivers/STM32F4xx_FWLIB/inc/stm32f4xx_rcc.h"
ARM GAS  C:\Users\savao\AppData\Local\Temp\ccvVoKWI.s 			page 8


DEFINED SYMBOLS
                            *ABS*:00000000 key.c
C:\Users\savao\AppData\Local\Temp\ccvVoKWI.s:18     .text.KEY_Init:00000000 $t
C:\Users\savao\AppData\Local\Temp\ccvVoKWI.s:26     .text.KEY_Init:00000000 KEY_Init
C:\Users\savao\AppData\Local\Temp\ccvVoKWI.s:89     .text.KEY_Init:00000040 $d
C:\Users\savao\AppData\Local\Temp\ccvVoKWI.s:95     .text.KEY_Scan:00000000 $t
C:\Users\savao\AppData\Local\Temp\ccvVoKWI.s:102    .text.KEY_Scan:00000000 KEY_Scan
C:\Users\savao\AppData\Local\Temp\ccvVoKWI.s:220    .text.KEY_Scan:00000070 $d
C:\Users\savao\AppData\Local\Temp\ccvVoKWI.s:230    .data.key_up.0:00000000 key_up.0

UNDEFINED SYMBOLS
RCC_AHB1PeriphClockCmd
GPIO_Init
delay_ms
