ARM GAS  C:\Users\savao\AppData\Local\Temp\ccRyXv9b.s 			page 1


   1              		.cpu cortex-m4
   2              		.eabi_attribute 27, 1
   3              		.eabi_attribute 28, 1
   4              		.eabi_attribute 20, 1
   5              		.eabi_attribute 21, 1
   6              		.eabi_attribute 23, 3
   7              		.eabi_attribute 24, 1
   8              		.eabi_attribute 25, 1
   9              		.eabi_attribute 26, 1
  10              		.eabi_attribute 30, 1
  11              		.eabi_attribute 34, 1
  12              		.eabi_attribute 18, 4
  13              		.file	"main.c"
  14              		.text
  15              	.Ltext0:
  16              		.cfi_sections	.debug_frame
  17              		.section	.text.main,"ax",%progbits
  18              		.align	1
  19              		.global	main
  20              		.arch armv7e-m
  21              		.syntax unified
  22              		.thumb
  23              		.thumb_func
  24              		.fpu fpv4-sp-d16
  26              	main:
  27              	.LFB133:
  28              		.file 1 "Core/Src/main.c"
   1:Core/Src/main.c **** //////////////////////////////////////////////////////////////////////////////////
   2:Core/Src/main.c **** //本程序只供学习使用，未经作者许可，不得用于其它商业用途
   3:Core/Src/main.c **** //测试硬件：单片机STM32F407VGT6,STM32F407VxT6最小系统开发板,主频168MHZ，晶振8MHZ
   4:Core/Src/main.c **** //QDtech-TFT液晶驱动 for STM32 FSMC
   5:Core/Src/main.c **** //Chan@ShenZhen QDtech co.,LTD
   6:Core/Src/main.c **** //公司网站:www.qdtft.com
   7:Core/Src/main.c **** //wiki技术资料网站：http://www.lcdwiki.com
   8:Core/Src/main.c **** //我司提供技术支持，任何技术问题欢迎随时交流学习
   9:Core/Src/main.c **** //固话(传真) :+86 0755-21077707
  10:Core/Src/main.c **** //手机: (销售)18823372746 （技术)15989313508
  11:Core/Src/main.c **** //邮箱:(销售/订单) sales@qdtft.com  (售后/技术服务)service@qdtft.com
  12:Core/Src/main.c **** //QQ:(售前咨询)3002706772 (技术支持)3002778157
  13:Core/Src/main.c **** //技术交流QQ群:778679828
  14:Core/Src/main.c **** //创建日期:2020/06/29
  15:Core/Src/main.c **** //版本：V1.0
  16:Core/Src/main.c **** //版权所有，盗版必究。
  17:Core/Src/main.c **** //Copyright(C) 深圳市全动电子技术有限公司 2018-2028
  18:Core/Src/main.c **** //All rights reserved
  19:Core/Src/main.c **** /************************************************************************************
  20:Core/Src/main.c **** //STM32F407VxT6最小系统开发板IIC示例
  21:Core/Src/main.c **** //     LED0           --->            PA1
  22:Core/Src/main.c **** //     KEY0           --->            PE4
  23:Core/Src/main.c **** //     KEY_UP         --->            PA0
  24:Core/Src/main.c **** //     IIC_SCL        --->            PB8
  25:Core/Src/main.c **** //     IIC_SDA        --->            PB9
  26:Core/Src/main.c **** //支持ILI9341/ILI9486/ILI9488/ST7793/ST7796S/R61509/NT35310/NT35510/SSD1963
  27:Core/Src/main.c **** //TFT LCD可以直接插入STM32F407VxT6最小系统开发板TFTLCD插槽或者通过排线接入TFTLCD插座
  28:Core/Src/main.c **** //STM32连接引脚是指TFTLCD插槽或者插座引脚内部连接的STM32引脚
  29:Core/Src/main.c **** //=================================电源接线=======================================//
  30:Core/Src/main.c **** //     LCD模块                    STM32连接引脚
ARM GAS  C:\Users\savao\AppData\Local\Temp\ccRyXv9b.s 			page 2


  31:Core/Src/main.c **** //      VDD           --->           DC5V/3.3V          //电源
  32:Core/Src/main.c **** //      GND           --->             GND              //电源地
  33:Core/Src/main.c **** //=============================液晶屏数据线接线===================================//
  34:Core/Src/main.c **** //     LCD模块                    STM32连接引脚
  35:Core/Src/main.c **** //      DB0           --->            PD14        -|   
  36:Core/Src/main.c **** //      DB1           --->            PD15         |  
  37:Core/Src/main.c **** //      DB2           --->            PD0          | 
  38:Core/Src/main.c **** //      DB3           --->            PD1          | 
  39:Core/Src/main.c **** //      DB4           --->            PE7          |
  40:Core/Src/main.c **** //      DB5           --->            PE8          |
  41:Core/Src/main.c **** //      DB6           --->            PE9          |
  42:Core/Src/main.c **** //      DB7           --->            PE10         |===>液晶屏16位并口数据信号
  43:Core/Src/main.c **** //      DB8           --->            PE11         |
  44:Core/Src/main.c **** //      DB9           --->            PE12         |
  45:Core/Src/main.c **** //      DB10          --->            PE13         |
  46:Core/Src/main.c **** //      DB11          --->            PE14         |
  47:Core/Src/main.c **** //      DB12          --->            PE15         |
  48:Core/Src/main.c **** //      DB13          --->            PD8          |
  49:Core/Src/main.c **** //      DB14          --->            PD9          |
  50:Core/Src/main.c **** //      DB15          --->            PD10        -|
  51:Core/Src/main.c **** //=============================液晶屏控制线接线===================================//
  52:Core/Src/main.c **** //     LCD模块 				            STM32连接引脚 
  53:Core/Src/main.c **** //      WR            --->            PD5             //液晶屏写数据控制信号
  54:Core/Src/main.c **** //      RD            --->            PD4             //液晶屏读数据控制信号
  55:Core/Src/main.c **** //      RS            --->            PD11            //液晶屏数据/命令控制信号
  56:Core/Src/main.c **** //      RST           --->          复位引脚（默认）  //液晶屏复位控制信号（也可选择PD13）
  57:Core/Src/main.c **** //      CS            --->            PD7             //液晶屏片选控制信号
  58:Core/Src/main.c **** //      BL            --->            PB15            //液晶屏背光控制信号
  59:Core/Src/main.c **** *************************************************************************************/
  60:Core/Src/main.c **** /* @attention
  61:Core/Src/main.c ****   *
  62:Core/Src/main.c ****   * THE PRESENT FIRMWARE WHICH IS FOR GUIDANCE ONLY AIMS AT PROVIDING CUSTOMERS
  63:Core/Src/main.c ****   * WITH CODING INFORMATION REGARDING THEIR PRODUCTS IN ORDER FOR THEM TO SAVE
  64:Core/Src/main.c ****   * TIME. AS A RESULT, QD electronic SHALL NOT BE HELD LIABLE FOR ANY
  65:Core/Src/main.c ****   * DIRECT, INDIRECT OR CONSEQUENTIAL DAMAGES WITH RESPECT TO ANY CLAIMS ARISING
  66:Core/Src/main.c ****   * FROM THE CONTENT OF SUCH FIRMWARE AND/OR THE USE MADE BY CUSTOMERS OF THE
  67:Core/Src/main.c ****   * CODING INFORMATION CONTAINED HEREIN IN CONNECTION WITH THEIR PRODUCTS.
  68:Core/Src/main.c **** *************************************************************************************/
  69:Core/Src/main.c **** #include "delay.h"
  70:Core/Src/main.c **** #include "sys.h"
  71:Core/Src/main.c **** #include "lcd.h"
  72:Core/Src/main.c **** #include "gui.h"
  73:Core/Src/main.c **** #include "test.h"
  74:Core/Src/main.c **** #include "usart.h"
  75:Core/Src/main.c **** #include "led.h"
  76:Core/Src/main.c **** #include "key.h"
  77:Core/Src/main.c **** #include "24c02.h"
  78:Core/Src/main.c **** 
  79:Core/Src/main.c **** int main(void)
  80:Core/Src/main.c **** {
  29              		.loc 1 80 1 view -0
  30              		.cfi_startproc
  31              		@ args = 0, pretend = 0, frame = 0
  32              		@ frame_needed = 0, uses_anonymous_args = 0
  33 0000 10B5     		push	{r4, lr}
  34              	.LCFI0:
  35              		.cfi_def_cfa_offset 8
ARM GAS  C:\Users\savao\AppData\Local\Temp\ccRyXv9b.s 			page 3


  36              		.cfi_offset 4, -8
  37              		.cfi_offset 14, -4
  38 0002 0024     		movs	r4, #0
  81:Core/Src/main.c **** 	u8 i;
  39              		.loc 1 81 2 view .LVU1
  82:Core/Src/main.c **** 	u8 key_value;
  40              		.loc 1 82 2 view .LVU2
  83:Core/Src/main.c **** 	NVIC_PriorityGroupConfig(NVIC_PriorityGroup_2); //设置系统中断优先级分组2
  41              		.loc 1 83 2 view .LVU3
  42 0004 4FF4A060 		mov	r0, #1280
  43 0008 FFF7FEFF 		bl	NVIC_PriorityGroupConfig
  44              	.LVL0:
  84:Core/Src/main.c **** 	delay_init(168);								//初始化延时函数
  45              		.loc 1 84 2 view .LVU4
  46 000c A820     		movs	r0, #168
  47 000e FFF7FEFF 		bl	delay_init
  48              	.LVL1:
  85:Core/Src/main.c **** 	USART1_Init(115200);							//串口1初始化
  49              		.loc 1 85 2 view .LVU5
  50 0012 4FF4E130 		mov	r0, #115200
  51 0016 FFF7FEFF 		bl	USART1_Init
  52              	.LVL2:
  86:Core/Src/main.c **** 	LED_Init();										//初始化LED
  53              		.loc 1 86 2 view .LVU6
  54 001a FFF7FEFF 		bl	LED_Init
  55              	.LVL3:
  87:Core/Src/main.c **** 	LCD_Init();										//液晶屏初始化
  56              		.loc 1 87 2 view .LVU7
  57 001e FFF7FEFF 		bl	LCD_Init
  58              	.LVL4:
  88:Core/Src/main.c **** 	KEY_Init();										//按键初始化
  59              		.loc 1 88 2 view .LVU8
  60 0022 FFF7FEFF 		bl	KEY_Init
  61              	.LVL5:
  89:Core/Src/main.c **** 	AT24C02_Init();									//初始化IIC
  62              		.loc 1 89 2 view .LVU9
  63 0026 FFF7FEFF 		bl	AT24C02_Init
  64              	.LVL6:
  90:Core/Src/main.c **** 	IIC_24C02_test();								//IIC test
  65              		.loc 1 90 2 view .LVU10
  66 002a FFF7FEFF 		bl	IIC_24C02_test
  67              	.LVL7:
  68 002e 19E0     		b	.L5
  69              	.LVL8:
  70              	.L8:
  91:Core/Src/main.c **** 													//循环测试
  92:Core/Src/main.c **** 	while (1)
  93:Core/Src/main.c **** 	{
  94:Core/Src/main.c **** 		key_value = KEY_Scan(0);
  95:Core/Src/main.c **** 		if (key_value == KEY_UP_PRES) //KEY_UP按下
  96:Core/Src/main.c **** 		{
  97:Core/Src/main.c **** 			Show_24C02_Write(); //写入24C02
  71              		.loc 1 97 4 view .LVU11
  72 0030 FFF7FEFF 		bl	Show_24C02_Write
  73              	.LVL9:
  74              	.L3:
  98:Core/Src/main.c **** 		}
ARM GAS  C:\Users\savao\AppData\Local\Temp\ccRyXv9b.s 			page 4


  99:Core/Src/main.c **** 		else if (key_value == KEY0_PRES) //KEY0按下
 100:Core/Src/main.c **** 		{
 101:Core/Src/main.c **** 			Show_24C02_Read(); //读取24C02
 102:Core/Src/main.c **** 		}
 103:Core/Src/main.c **** 		if (i % 20 == 0)
  75              		.loc 1 103 3 view .LVU12
  76              		.loc 1 103 14 is_stmt 0 view .LVU13
  77 0034 114B     		ldr	r3, .L9
  78 0036 A3FB0423 		umull	r2, r3, r3, r4
  79 003a 1B09     		lsrs	r3, r3, #4
  80 003c 03EB8303 		add	r3, r3, r3, lsl #2
  81 0040 A4EB8303 		sub	r3, r4, r3, lsl #2
  82              		.loc 1 103 6 view .LVU14
  83 0044 13F0FF03 		ands	r3, r3, #255
  84 0048 16D1     		bne	.L6
 104:Core/Src/main.c **** 		{
 105:Core/Src/main.c **** 			LED0 = !LED0;
  85              		.loc 1 105 4 is_stmt 1 view .LVU15
  86              		.loc 1 105 12 is_stmt 0 view .LVU16
  87 004a 0D49     		ldr	r1, .L9+4
  88 004c D1F88422 		ldr	r2, [r1, #644]
  89              		.loc 1 105 11 view .LVU17
  90 0050 B2FA82F2 		clz	r2, r2
  91 0054 5209     		lsrs	r2, r2, #5
  92              		.loc 1 105 9 view .LVU18
  93 0056 C1F88422 		str	r2, [r1, #644]
 106:Core/Src/main.c **** 			i = 0;
  94              		.loc 1 106 4 is_stmt 1 view .LVU19
  95              	.LVL10:
  96              	.L4:
 107:Core/Src/main.c **** 		}
 108:Core/Src/main.c **** 		i++;
  97              		.loc 1 108 3 view .LVU20
  98              		.loc 1 108 4 is_stmt 0 view .LVU21
  99 005a 0133     		adds	r3, r3, #1
 100              	.LVL11:
 101              		.loc 1 108 4 view .LVU22
 102 005c DCB2     		uxtb	r4, r3
 103              	.LVL12:
 109:Core/Src/main.c **** 		delay_ms(10); //延时100ms
 104              		.loc 1 109 3 is_stmt 1 view .LVU23
 105 005e 0A20     		movs	r0, #10
 106 0060 FFF7FEFF 		bl	delay_ms
 107              	.LVL13:
  92:Core/Src/main.c **** 	{
 108              		.loc 1 92 8 view .LVU24
 109              	.L5:
  92:Core/Src/main.c **** 	{
 110              		.loc 1 92 2 view .LVU25
  94:Core/Src/main.c **** 		if (key_value == KEY_UP_PRES) //KEY_UP按下
 111              		.loc 1 94 3 view .LVU26
  94:Core/Src/main.c **** 		if (key_value == KEY_UP_PRES) //KEY_UP按下
 112              		.loc 1 94 15 is_stmt 0 view .LVU27
 113 0064 0020     		movs	r0, #0
 114 0066 FFF7FEFF 		bl	KEY_Scan
 115              	.LVL14:
  95:Core/Src/main.c **** 		{
ARM GAS  C:\Users\savao\AppData\Local\Temp\ccRyXv9b.s 			page 5


 116              		.loc 1 95 3 is_stmt 1 view .LVU28
  95:Core/Src/main.c **** 		{
 117              		.loc 1 95 6 is_stmt 0 view .LVU29
 118 006a 0228     		cmp	r0, #2
 119 006c E0D0     		beq	.L8
  99:Core/Src/main.c **** 		{
 120              		.loc 1 99 8 is_stmt 1 view .LVU30
  99:Core/Src/main.c **** 		{
 121              		.loc 1 99 11 is_stmt 0 view .LVU31
 122 006e 0128     		cmp	r0, #1
 123 0070 E0D1     		bne	.L3
 101:Core/Src/main.c **** 		}
 124              		.loc 1 101 4 is_stmt 1 view .LVU32
 125 0072 FFF7FEFF 		bl	Show_24C02_Read
 126              	.LVL15:
 101:Core/Src/main.c **** 		}
 127              		.loc 1 101 4 is_stmt 0 view .LVU33
 128 0076 DDE7     		b	.L3
 129              	.L6:
 130 0078 2346     		mov	r3, r4
 131 007a EEE7     		b	.L4
 132              	.L10:
 133              		.align	2
 134              	.L9:
 135 007c CDCCCCCC 		.word	-858993459
 136 0080 00004042 		.word	1111490560
 137              		.cfi_endproc
 138              	.LFE133:
 140              		.text
 141              	.Letext0:
 142              		.file 2 "c:\\program files (x86)\\gnu arm embedded toolchain\\10 2020-q4-major\\arm-none-eabi\\inc
 143              		.file 3 "c:\\program files (x86)\\gnu arm embedded toolchain\\10 2020-q4-major\\arm-none-eabi\\inc
 144              		.file 4 "Drivers/STM32F4xx_FWLIB/inc/misc.h"
 145              		.file 5 "Core/Inc/delay.h"
 146              		.file 6 "Core/Inc/usart.h"
 147              		.file 7 "Core/Inc/led.h"
 148              		.file 8 "Core/Inc/lcd.h"
 149              		.file 9 "Core/Inc/key.h"
 150              		.file 10 "Core/Inc/24c02.h"
 151              		.file 11 "Core/Inc/test.h"
 152              		.file 12 "Core/Inc/stm32f4xx.h"
ARM GAS  C:\Users\savao\AppData\Local\Temp\ccRyXv9b.s 			page 6


DEFINED SYMBOLS
                            *ABS*:00000000 main.c
C:\Users\savao\AppData\Local\Temp\ccRyXv9b.s:18     .text.main:00000000 $t
C:\Users\savao\AppData\Local\Temp\ccRyXv9b.s:26     .text.main:00000000 main
C:\Users\savao\AppData\Local\Temp\ccRyXv9b.s:135    .text.main:0000007c $d

UNDEFINED SYMBOLS
NVIC_PriorityGroupConfig
delay_init
USART1_Init
LED_Init
LCD_Init
KEY_Init
AT24C02_Init
IIC_24C02_test
Show_24C02_Write
delay_ms
KEY_Scan
Show_24C02_Read
