ARM GAS  C:\Users\savao\AppData\Local\Temp\ccm4uKy2.s 			page 1


   1              		.cpu cortex-m4
   2              		.eabi_attribute 27, 1
   3              		.eabi_attribute 28, 1
   4              		.eabi_attribute 20, 1
   5              		.eabi_attribute 21, 1
   6              		.eabi_attribute 23, 3
   7              		.eabi_attribute 24, 1
   8              		.eabi_attribute 25, 1
   9              		.eabi_attribute 26, 1
  10              		.eabi_attribute 30, 1
  11              		.eabi_attribute 34, 1
  12              		.eabi_attribute 18, 4
  13              		.file	"main.c"
  14              		.text
  15              	.Ltext0:
  16              		.cfi_sections	.debug_frame
  17              		.section	.text.main,"ax",%progbits
  18              		.align	1
  19              		.global	main
  20              		.arch armv7e-m
  21              		.syntax unified
  22              		.thumb
  23              		.thumb_func
  24              		.fpu fpv4-sp-d16
  26              	main:
  27              	.LFB133:
  28              		.file 1 "Core/Src/main.c"
   1:Core/Src/main.c **** //////////////////////////////////////////////////////////////////////////////////	 
   2:Core/Src/main.c **** //本程序只供学习使用，未经作者许可，不得用于其它商业用途
   3:Core/Src/main.c **** //测试硬件：单片机STM32F407VGT6,STM32F407VxT6最小系统开发板,主频168MHZ，晶振8MHZ
   4:Core/Src/main.c **** //QDtech-TFT液晶驱动 for STM32 FSMC
   5:Core/Src/main.c **** //Chan@ShenZhen QDtech co.,LTD
   6:Core/Src/main.c **** //公司网站:www.qdtft.com
   7:Core/Src/main.c **** //wiki技术资料网站：http://www.lcdwiki.com
   8:Core/Src/main.c **** //我司提供技术支持，任何技术问题欢迎随时交流学习
   9:Core/Src/main.c **** //固话(传真) :+86 0755-21077707 
  10:Core/Src/main.c **** //手机: (销售)18823372746 （技术)15989313508
  11:Core/Src/main.c **** //邮箱:(销售/订单) sales@qdtft.com  (售后/技术服务)service@qdtft.com
  12:Core/Src/main.c **** //QQ:(售前咨询)3002706772 (技术支持)3002778157
  13:Core/Src/main.c **** //技术交流QQ群:778679828
  14:Core/Src/main.c **** //创建日期:2020/06/29
  15:Core/Src/main.c **** //版本：V1.0
  16:Core/Src/main.c **** //版权所有，盗版必究。
  17:Core/Src/main.c **** //Copyright(C) 深圳市全动电子技术有限公司 2018-2028
  18:Core/Src/main.c **** //All rights reserved
  19:Core/Src/main.c **** /************************************************************************************
  20:Core/Src/main.c **** //STM32F407VxT6最小系统开发板USB Slave示例
  21:Core/Src/main.c **** //     USB_D+         --->            PA12
  22:Core/Src/main.c **** //     USB_D-         --->            PA11
  23:Core/Src/main.c **** //     LED0           --->            PA1
  24:Core/Src/main.c **** //     SD_D0          --->            PC8
  25:Core/Src/main.c **** //     SD_D1          --->            PC9
  26:Core/Src/main.c **** //     SD_D2          --->            PC10
  27:Core/Src/main.c **** //     SD_D3          --->            PC11
  28:Core/Src/main.c **** //     SD_CLK         --->            PC12
  29:Core/Src/main.c **** //     SD_CMD         --->            PD2
  30:Core/Src/main.c **** //     SPI_CLK        --->            PB3
ARM GAS  C:\Users\savao\AppData\Local\Temp\ccm4uKy2.s 			page 2


  31:Core/Src/main.c **** //     SPI_MOSI       --->            PB5
  32:Core/Src/main.c **** //     SPI_MISO       --->            PB4
  33:Core/Src/main.c **** //     USART1_TX      --->            PA9
  34:Core/Src/main.c **** //     USART1_RX      --->            PA10
  35:Core/Src/main.c **** //支持ILI9341/ILI9486/ILI9488/ST7793/ST7796S/R61509/NT35310/NT35510/SSD1963
  36:Core/Src/main.c **** //TFT LCD可以直接插入STM32F407VxT6最小系统开发板TFTLCD插槽或者通过排线接入TFTLCD插座
  37:Core/Src/main.c **** //STM32连接引脚是指TFTLCD插槽或者插座引脚内部连接的STM32引脚
  38:Core/Src/main.c **** //=================================电源接线=======================================//
  39:Core/Src/main.c **** //     LCD模块                    STM32连接引脚
  40:Core/Src/main.c **** //      VDD           --->           DC5V/3.3V          //电源
  41:Core/Src/main.c **** //      GND           --->             GND              //电源地
  42:Core/Src/main.c **** //=============================液晶屏数据线接线===================================//
  43:Core/Src/main.c **** //     LCD模块                    STM32连接引脚
  44:Core/Src/main.c **** //      DB0           --->            PD14        -|   
  45:Core/Src/main.c **** //      DB1           --->            PD15         |  
  46:Core/Src/main.c **** //      DB2           --->            PD0          | 
  47:Core/Src/main.c **** //      DB3           --->            PD1          | 
  48:Core/Src/main.c **** //      DB4           --->            PE7          |
  49:Core/Src/main.c **** //      DB5           --->            PE8          |
  50:Core/Src/main.c **** //      DB6           --->            PE9          |
  51:Core/Src/main.c **** //      DB7           --->            PE10         |===>液晶屏16位并口数据信号
  52:Core/Src/main.c **** //      DB8           --->            PE11         |
  53:Core/Src/main.c **** //      DB9           --->            PE12         |
  54:Core/Src/main.c **** //      DB10          --->            PE13         |
  55:Core/Src/main.c **** //      DB11          --->            PE14         |
  56:Core/Src/main.c **** //      DB12          --->            PE15         |
  57:Core/Src/main.c **** //      DB13          --->            PD8          |
  58:Core/Src/main.c **** //      DB14          --->            PD9          |
  59:Core/Src/main.c **** //      DB15          --->            PD10        -|
  60:Core/Src/main.c **** //=============================液晶屏控制线接线===================================//
  61:Core/Src/main.c **** //     LCD模块 				            STM32连接引脚 
  62:Core/Src/main.c **** //      WR            --->            PD5             //液晶屏写数据控制信号
  63:Core/Src/main.c **** //      RD            --->            PD4             //液晶屏读数据控制信号
  64:Core/Src/main.c **** //      RS            --->            PD11            //液晶屏数据/命令控制信号
  65:Core/Src/main.c **** //      RST           --->          复位引脚（默认）  //液晶屏复位控制信号（也可选择PD13）
  66:Core/Src/main.c **** //      CS            --->            PD7             //液晶屏片选控制信号
  67:Core/Src/main.c **** //      BL            --->            PB15            //液晶屏背光控制信号
  68:Core/Src/main.c **** *************************************************************************************/	
  69:Core/Src/main.c ****  /* @attention
  70:Core/Src/main.c ****   *
  71:Core/Src/main.c ****   * THE PRESENT FIRMWARE WHICH IS FOR GUIDANCE ONLY AIMS AT PROVIDING CUSTOMERS
  72:Core/Src/main.c ****   * WITH CODING INFORMATION REGARDING THEIR PRODUCTS IN ORDER FOR THEM TO SAVE
  73:Core/Src/main.c ****   * TIME. AS A RESULT, QD electronic SHALL NOT BE HELD LIABLE FOR ANY
  74:Core/Src/main.c ****   * DIRECT, INDIRECT OR CONSEQUENTIAL DAMAGES WITH RESPECT TO ANY CLAIMS ARISING
  75:Core/Src/main.c ****   * FROM THE CONTENT OF SUCH FIRMWARE AND/OR THE USE MADE BY CUSTOMERS OF THE
  76:Core/Src/main.c ****   * CODING INFORMATION CONTAINED HEREIN IN CONNECTION WITH THEIR PRODUCTS.
  77:Core/Src/main.c **** *************************************************************************************/		
  78:Core/Src/main.c **** #include "delay.h"
  79:Core/Src/main.c **** #include "sys.h"
  80:Core/Src/main.c **** #include "lcd.h"
  81:Core/Src/main.c **** #include "gui.h"
  82:Core/Src/main.c **** #include "test.h"
  83:Core/Src/main.c **** #include "usart.h"
  84:Core/Src/main.c **** #include "led.h"
  85:Core/Src/main.c **** #include "w25q64.h"
  86:Core/Src/main.c **** 
  87:Core/Src/main.c **** int main(void)
ARM GAS  C:\Users\savao\AppData\Local\Temp\ccm4uKy2.s 			page 3


  88:Core/Src/main.c **** {	
  29              		.loc 1 88 1 view -0
  30              		.cfi_startproc
  31              		@ args = 0, pretend = 0, frame = 0
  32              		@ frame_needed = 0, uses_anonymous_args = 0
  33 0000 08B5     		push	{r3, lr}
  34              	.LCFI0:
  35              		.cfi_def_cfa_offset 8
  36              		.cfi_offset 3, -8
  37              		.cfi_offset 14, -4
  89:Core/Src/main.c **** 	NVIC_PriorityGroupConfig(NVIC_PriorityGroup_2);//设置系统中断优先级分组2
  38              		.loc 1 89 2 view .LVU1
  39 0002 4FF4A060 		mov	r0, #1280
  40 0006 FFF7FEFF 		bl	NVIC_PriorityGroupConfig
  41              	.LVL0:
  90:Core/Src/main.c **** 	delay_init(168);     //初始化延时函数
  42              		.loc 1 90 2 view .LVU2
  43 000a A820     		movs	r0, #168
  44 000c FFF7FEFF 		bl	delay_init
  45              	.LVL1:
  91:Core/Src/main.c **** 	USART1_Init(115200); //串口1初始化
  46              		.loc 1 91 2 view .LVU3
  47 0010 4FF4E130 		mov	r0, #115200
  48 0014 FFF7FEFF 		bl	USART1_Init
  49              	.LVL2:
  92:Core/Src/main.c **** 	LED_Init();          //初始化LED
  50              		.loc 1 92 2 view .LVU4
  51 0018 FFF7FEFF 		bl	LED_Init
  52              	.LVL3:
  93:Core/Src/main.c **** 	LCD_Init();	         //液晶屏初始化
  53              		.loc 1 93 2 view .LVU5
  54 001c FFF7FEFF 		bl	LCD_Init
  55              	.LVL4:
  94:Core/Src/main.c **** 	W25Q64_Init();			 //初始化W25Q64
  56              		.loc 1 94 2 view .LVU6
  57 0020 FFF7FEFF 		bl	W25Q64_Init
  58              	.LVL5:
  95:Core/Src/main.c **** 	USB_Slave_test();    //USB从设备测试 
  59              		.loc 1 95 2 view .LVU7
  60 0024 FFF7FEFF 		bl	USB_Slave_test
  61              	.LVL6:
  96:Core/Src/main.c **** 	Check_SDCard();      //检测SD卡
  62              		.loc 1 96 2 view .LVU8
  63 0028 FFF7FEFF 		bl	Check_SDCard
  64              	.LVL7:
  97:Core/Src/main.c **** 	Check_W25Q64();      //检测W25Q64
  65              		.loc 1 97 2 view .LVU9
  66 002c FFF7FEFF 		bl	Check_W25Q64
  67              	.LVL8:
  98:Core/Src/main.c **** 	USB_Slave_Read_Write(); //USB从设备读写测试
  68              		.loc 1 98 2 view .LVU10
  69 0030 FFF7FEFF 		bl	USB_Slave_Read_Write
  70              	.LVL9:
  99:Core/Src/main.c **** }
  71              		.loc 1 99 1 is_stmt 0 view .LVU11
  72 0034 0020     		movs	r0, #0
  73 0036 08BD     		pop	{r3, pc}
ARM GAS  C:\Users\savao\AppData\Local\Temp\ccm4uKy2.s 			page 4


  74              		.cfi_endproc
  75              	.LFE133:
  77              		.text
  78              	.Letext0:
  79              		.file 2 "c:\\program files (x86)\\gnu arm embedded toolchain\\10 2020-q4-major\\arm-none-eabi\\inc
  80              		.file 3 "c:\\program files (x86)\\gnu arm embedded toolchain\\10 2020-q4-major\\arm-none-eabi\\inc
  81              		.file 4 "Drivers/STM32F4xx_FWLIB/inc/misc.h"
  82              		.file 5 "Core/Inc/delay.h"
  83              		.file 6 "Core/Inc/usart.h"
  84              		.file 7 "Core/Inc/led.h"
  85              		.file 8 "Core/Inc/lcd.h"
  86              		.file 9 "Core/Inc/w25q64.h"
  87              		.file 10 "Core/Inc/test.h"
ARM GAS  C:\Users\savao\AppData\Local\Temp\ccm4uKy2.s 			page 5


DEFINED SYMBOLS
                            *ABS*:00000000 main.c
C:\Users\savao\AppData\Local\Temp\ccm4uKy2.s:18     .text.main:00000000 $t
C:\Users\savao\AppData\Local\Temp\ccm4uKy2.s:26     .text.main:00000000 main

UNDEFINED SYMBOLS
NVIC_PriorityGroupConfig
delay_init
USART1_Init
LED_Init
LCD_Init
W25Q64_Init
USB_Slave_test
Check_SDCard
Check_W25Q64
USB_Slave_Read_Write
