ARM GAS  C:\Users\savao\AppData\Local\Temp\ccowh5Lh.s 			page 1


   1              		.cpu cortex-m4
   2              		.eabi_attribute 27, 1
   3              		.eabi_attribute 28, 1
   4              		.eabi_attribute 20, 1
   5              		.eabi_attribute 21, 1
   6              		.eabi_attribute 23, 3
   7              		.eabi_attribute 24, 1
   8              		.eabi_attribute 25, 1
   9              		.eabi_attribute 26, 1
  10              		.eabi_attribute 30, 1
  11              		.eabi_attribute 34, 1
  12              		.eabi_attribute 18, 4
  13              		.file	"main.c"
  14              		.text
  15              	.Ltext0:
  16              		.cfi_sections	.debug_frame
  17              		.section	.rodata.main.str1.4,"aMS",%progbits,1
  18              		.align	2
  19              	.LC0:
  20 0000 303A00   		.ascii	"0:\000"
  21 0003 00       		.align	2
  22              	.LC1:
  23 0004 313A00   		.ascii	"1:\000"
  24              		.section	.text.main,"ax",%progbits
  25              		.align	1
  26              		.global	main
  27              		.arch armv7e-m
  28              		.syntax unified
  29              		.thumb
  30              		.thumb_func
  31              		.fpu fpv4-sp-d16
  33              	main:
  34              	.LFB133:
  35              		.file 1 "Core/Src/main.c"
   1:Core/Src/main.c **** //////////////////////////////////////////////////////////////////////////////////	 
   2:Core/Src/main.c **** //本程序只供学习使用，未经作者许可，不得用于其它商业用途
   3:Core/Src/main.c **** //测试硬件：单片机STM32F407VGT6,STM32F407VxT6最小系统开发板,主频168MHZ，晶振8MHZ
   4:Core/Src/main.c **** //QDtech-TFT液晶驱动 for STM32 FSMC
   5:Core/Src/main.c **** //Chan@ShenZhen QDtech co.,LTD
   6:Core/Src/main.c **** //公司网站:www.qdtft.com
   7:Core/Src/main.c **** //wiki技术资料网站：http://www.lcdwiki.com
   8:Core/Src/main.c **** //我司提供技术支持，任何技术问题欢迎随时交流学习
   9:Core/Src/main.c **** //固话(传真) :+86 0755-21077707 
  10:Core/Src/main.c **** //手机: (销售)18823372746 （技术)15989313508
  11:Core/Src/main.c **** //邮箱:(销售/订单) sales@qdtft.com  (售后/技术服务)service@qdtft.com
  12:Core/Src/main.c **** //QQ:(售前咨询)3002706772 (技术支持)3002778157
  13:Core/Src/main.c **** //技术交流QQ群:778679828
  14:Core/Src/main.c **** //创建日期:2020/06/29
  15:Core/Src/main.c **** //版本：V1.0
  16:Core/Src/main.c **** //版权所有，盗版必究。
  17:Core/Src/main.c **** //Copyright(C) 深圳市全动电子技术有限公司 2018-2028
  18:Core/Src/main.c **** //All rights reserved
  19:Core/Src/main.c **** /************************************************************************************
  20:Core/Src/main.c **** //STM32F407VxT6最小系统开发板内部SD卡示例
  21:Core/Src/main.c **** //     LED0           --->            PA1
  22:Core/Src/main.c **** //     KEY0           --->            PE4
  23:Core/Src/main.c **** //     KEY_UP         --->            PA0
ARM GAS  C:\Users\savao\AppData\Local\Temp\ccowh5Lh.s 			page 2


  24:Core/Src/main.c **** //     SD_D0          --->            PC8
  25:Core/Src/main.c **** //     SD_D1          --->            PC9
  26:Core/Src/main.c **** //     SD_D2          --->            PC10
  27:Core/Src/main.c **** //     SD_D3          --->            PC11
  28:Core/Src/main.c **** //     SD_CLK         --->            PC12
  29:Core/Src/main.c **** //     SD_CMD         --->            PD2
  30:Core/Src/main.c **** //     SPI_CLK        --->            PB3
  31:Core/Src/main.c **** //     SPI_MOSI       --->            PB5
  32:Core/Src/main.c **** //     SPI_MISO       --->            PB4
  33:Core/Src/main.c **** //     USART1_TX      --->            PA9
  34:Core/Src/main.c **** //     USART1_RX      --->            PA10
  35:Core/Src/main.c **** //支持ILI9341/ILI9486/ILI9488/ST7793/ST7796S/R61509/NT35310/NT35510/SSD1963
  36:Core/Src/main.c **** //TFT LCD可以直接插入STM32F407VxT6最小系统开发板TFTLCD插槽或者通过排线接入TFTLCD插座
  37:Core/Src/main.c **** //STM32连接引脚是指TFTLCD插槽或者插座引脚内部连接的STM32引脚
  38:Core/Src/main.c **** //=================================电源接线=======================================//
  39:Core/Src/main.c **** //     LCD模块                    STM32连接引脚
  40:Core/Src/main.c **** //      VDD           --->           DC5V/3.3V          //电源
  41:Core/Src/main.c **** //      GND           --->             GND              //电源地
  42:Core/Src/main.c **** //=============================液晶屏数据线接线===================================//
  43:Core/Src/main.c **** //     LCD模块                    STM32连接引脚
  44:Core/Src/main.c **** //      DB0           --->            PD14        -|   
  45:Core/Src/main.c **** //      DB1           --->            PD15         |  
  46:Core/Src/main.c **** //      DB2           --->            PD0          | 
  47:Core/Src/main.c **** //      DB3           --->            PD1          | 
  48:Core/Src/main.c **** //      DB4           --->            PE7          |
  49:Core/Src/main.c **** //      DB5           --->            PE8          |
  50:Core/Src/main.c **** //      DB6           --->            PE9          |
  51:Core/Src/main.c **** //      DB7           --->            PE10         |===>液晶屏16位并口数据信号
  52:Core/Src/main.c **** //      DB8           --->            PE11         |
  53:Core/Src/main.c **** //      DB9           --->            PE12         |
  54:Core/Src/main.c **** //      DB10          --->            PE13         |
  55:Core/Src/main.c **** //      DB11          --->            PE14         |
  56:Core/Src/main.c **** //      DB12          --->            PE15         |
  57:Core/Src/main.c **** //      DB13          --->            PD8          |
  58:Core/Src/main.c **** //      DB14          --->            PD9          |
  59:Core/Src/main.c **** //      DB15          --->            PD10        -|
  60:Core/Src/main.c **** //=============================液晶屏控制线接线===================================//
  61:Core/Src/main.c **** //     LCD模块 				            STM32连接引脚 
  62:Core/Src/main.c **** //      WR            --->            PD5             //液晶屏写数据控制信号
  63:Core/Src/main.c **** //      RD            --->            PD4             //液晶屏读数据控制信号
  64:Core/Src/main.c **** //      RS            --->            PD11            //液晶屏数据/命令控制信号
  65:Core/Src/main.c **** //      RST           --->          复位引脚（默认）  //液晶屏复位控制信号（也可选择PD13）
  66:Core/Src/main.c **** //      CS            --->            PD7             //液晶屏片选控制信号
  67:Core/Src/main.c **** //      BL            --->            PB15            //液晶屏背光控制信号
  68:Core/Src/main.c **** *************************************************************************************/	
  69:Core/Src/main.c ****  /* @attention
  70:Core/Src/main.c ****   *
  71:Core/Src/main.c ****   * THE PRESENT FIRMWARE WHICH IS FOR GUIDANCE ONLY AIMS AT PROVIDING CUSTOMERS
  72:Core/Src/main.c ****   * WITH CODING INFORMATION REGARDING THEIR PRODUCTS IN ORDER FOR THEM TO SAVE
  73:Core/Src/main.c ****   * TIME. AS A RESULT, QD electronic SHALL NOT BE HELD LIABLE FOR ANY
  74:Core/Src/main.c ****   * DIRECT, INDIRECT OR CONSEQUENTIAL DAMAGES WITH RESPECT TO ANY CLAIMS ARISING
  75:Core/Src/main.c ****   * FROM THE CONTENT OF SUCH FIRMWARE AND/OR THE USE MADE BY CUSTOMERS OF THE
  76:Core/Src/main.c ****   * CODING INFORMATION CONTAINED HEREIN IN CONNECTION WITH THEIR PRODUCTS.
  77:Core/Src/main.c **** *************************************************************************************/
  78:Core/Src/main.c **** #include "sys.h"
  79:Core/Src/main.c **** #include "delay.h"
  80:Core/Src/main.c **** #include "usart.h"
ARM GAS  C:\Users\savao\AppData\Local\Temp\ccowh5Lh.s 			page 3


  81:Core/Src/main.c **** #include "led.h"
  82:Core/Src/main.c **** #include "lcd.h"
  83:Core/Src/main.c **** #include "gui.h"
  84:Core/Src/main.c **** #include "key.h"   
  85:Core/Src/main.c **** #include "malloc.h"  
  86:Core/Src/main.c **** #include "exfuns.h" 
  87:Core/Src/main.c **** #include "sdio_sdcard.h"    
  88:Core/Src/main.c **** #include "w25q64.h"     	
  89:Core/Src/main.c **** #include "test.h"
  90:Core/Src/main.c **** 
  91:Core/Src/main.c **** int main(void)
  92:Core/Src/main.c **** {        
  36              		.loc 1 92 1 view -0
  37              		.cfi_startproc
  38              		@ args = 0, pretend = 0, frame = 0
  39              		@ frame_needed = 0, uses_anonymous_args = 0
  40 0000 10B5     		push	{r4, lr}
  41              	.LCFI0:
  42              		.cfi_def_cfa_offset 8
  43              		.cfi_offset 4, -8
  44              		.cfi_offset 14, -4
  93:Core/Src/main.c **** 	NVIC_PriorityGroupConfig(NVIC_PriorityGroup_2);//设置系统中断优先级分组2
  45              		.loc 1 93 2 view .LVU1
  46 0002 4FF4A060 		mov	r0, #1280
  47 0006 FFF7FEFF 		bl	NVIC_PriorityGroupConfig
  48              	.LVL0:
  94:Core/Src/main.c **** 	delay_init(168);  //初始化延时函数
  49              		.loc 1 94 2 view .LVU2
  50 000a A820     		movs	r0, #168
  51 000c FFF7FEFF 		bl	delay_init
  52              	.LVL1:
  95:Core/Src/main.c **** 	USART1_Init(115200);		//初始化串口波特率为115200
  53              		.loc 1 95 2 view .LVU3
  54 0010 4FF4E130 		mov	r0, #115200
  55 0014 FFF7FEFF 		bl	USART1_Init
  56              	.LVL2:
  96:Core/Src/main.c **** 	LED_Init();					//初始化LED 
  57              		.loc 1 96 2 view .LVU4
  58 0018 FFF7FEFF 		bl	LED_Init
  59              	.LVL3:
  97:Core/Src/main.c ****  	LCD_Init();					//LCD初始化  
  60              		.loc 1 97 3 view .LVU5
  61 001c FFF7FEFF 		bl	LCD_Init
  62              	.LVL4:
  98:Core/Src/main.c ****  	KEY_Init();					//按键初始化  
  63              		.loc 1 98 3 view .LVU6
  64 0020 FFF7FEFF 		bl	KEY_Init
  65              	.LVL5:
  99:Core/Src/main.c **** 	W25Q64_Init();				//初始化W25Q64
  66              		.loc 1 99 2 view .LVU7
  67 0024 FFF7FEFF 		bl	W25Q64_Init
  68              	.LVL6:
 100:Core/Src/main.c **** 	Check_SDCard();       //检测SD卡
  69              		.loc 1 100 2 view .LVU8
  70 0028 FFF7FEFF 		bl	Check_SDCard
  71              	.LVL7:
 101:Core/Src/main.c **** 	my_mem_init(SRAMIN);		//初始化内部内存池 
ARM GAS  C:\Users\savao\AppData\Local\Temp\ccowh5Lh.s 			page 4


  72              		.loc 1 101 2 view .LVU9
  73 002c 0020     		movs	r0, #0
  74 002e FFF7FEFF 		bl	my_mem_init
  75              	.LVL8:
 102:Core/Src/main.c **** 	my_mem_init(SRAMCCM);		//初始化CCM内存池 
  76              		.loc 1 102 2 view .LVU10
  77 0032 0220     		movs	r0, #2
  78 0034 FFF7FEFF 		bl	my_mem_init
  79              	.LVL9:
 103:Core/Src/main.c **** 	exfuns_init();			//为fatfs相关变量申请内存  
  80              		.loc 1 103 2 view .LVU11
  81 0038 FFF7FEFF 		bl	exfuns_init
  82              	.LVL10:
 104:Core/Src/main.c ****   f_mount(fs[0],"0:",1); 	//挂载SD卡 
  83              		.loc 1 104 3 view .LVU12
  84 003c 094C     		ldr	r4, .L3
  85 003e 0122     		movs	r2, #1
  86 0040 0949     		ldr	r1, .L3+4
  87 0042 2068     		ldr	r0, [r4]
  88 0044 FFF7FEFF 		bl	f_mount
  89              	.LVL11:
 105:Core/Src/main.c ****  	f_mount(fs[1],"1:",1); 	//挂载FLASH. 
  90              		.loc 1 105 3 view .LVU13
  91 0048 0122     		movs	r2, #1
  92 004a 0849     		ldr	r1, .L3+8
  93 004c 6068     		ldr	r0, [r4, #4]
  94 004e FFF7FEFF 		bl	f_mount
  95              	.LVL12:
 106:Core/Src/main.c **** 	Check_Font();           //检查W25Q64中字库是否存在
  96              		.loc 1 106 2 view .LVU14
  97 0052 FFF7FEFF 		bl	Check_Font
  98              	.LVL13:
 107:Core/Src/main.c **** 	SDCard_test();          //显示SD卡测试内容	
  99              		.loc 1 107 2 view .LVU15
 100 0056 FFF7FEFF 		bl	SDCard_test
 101              	.LVL14:
 108:Core/Src/main.c **** 	Show_Picture();         //显示SD中的图片	
 102              		.loc 1 108 2 view .LVU16
 103 005a FFF7FEFF 		bl	Show_Picture
 104              	.LVL15:
 109:Core/Src/main.c **** }
 105              		.loc 1 109 1 is_stmt 0 view .LVU17
 106 005e 0020     		movs	r0, #0
 107 0060 10BD     		pop	{r4, pc}
 108              	.L4:
 109 0062 00BF     		.align	2
 110              	.L3:
 111 0064 00000000 		.word	fs
 112 0068 00000000 		.word	.LC0
 113 006c 04000000 		.word	.LC1
 114              		.cfi_endproc
 115              	.LFE133:
 117              		.text
 118              	.Letext0:
 119              		.file 2 "c:\\program files (x86)\\gnu arm embedded toolchain\\10 2020-q4-major\\arm-none-eabi\\inc
 120              		.file 3 "c:\\program files (x86)\\gnu arm embedded toolchain\\10 2020-q4-major\\arm-none-eabi\\inc
 121              		.file 4 "Core/Inc/integer.h"
ARM GAS  C:\Users\savao\AppData\Local\Temp\ccowh5Lh.s 			page 5


 122              		.file 5 "Core/Inc/ff.h"
 123              		.file 6 "Drivers/STM32F4xx_FWLIB/inc/misc.h"
 124              		.file 7 "Core/Inc/delay.h"
 125              		.file 8 "Core/Inc/usart.h"
 126              		.file 9 "Core/Inc/led.h"
 127              		.file 10 "Core/Inc/lcd.h"
 128              		.file 11 "Core/Inc/key.h"
 129              		.file 12 "Core/Inc/w25q64.h"
 130              		.file 13 "Core/Inc/test.h"
 131              		.file 14 "Core/Inc/malloc.h"
 132              		.file 15 "Core/Inc/exfuns.h"
ARM GAS  C:\Users\savao\AppData\Local\Temp\ccowh5Lh.s 			page 6


DEFINED SYMBOLS
                            *ABS*:00000000 main.c
C:\Users\savao\AppData\Local\Temp\ccowh5Lh.s:18     .rodata.main.str1.4:00000000 $d
C:\Users\savao\AppData\Local\Temp\ccowh5Lh.s:25     .text.main:00000000 $t
C:\Users\savao\AppData\Local\Temp\ccowh5Lh.s:33     .text.main:00000000 main
C:\Users\savao\AppData\Local\Temp\ccowh5Lh.s:111    .text.main:00000064 $d

UNDEFINED SYMBOLS
NVIC_PriorityGroupConfig
delay_init
USART1_Init
LED_Init
LCD_Init
KEY_Init
W25Q64_Init
Check_SDCard
my_mem_init
exfuns_init
f_mount
Check_Font
SDCard_test
Show_Picture
fs
