ARM GAS  C:\Users\ADMIN\AppData\Local\Temp\ccLu5Eln.s 			page 1


   1              		.cpu cortex-m4
   2              		.eabi_attribute 27, 1
   3              		.eabi_attribute 28, 1
   4              		.eabi_attribute 20, 1
   5              		.eabi_attribute 21, 1
   6              		.eabi_attribute 23, 3
   7              		.eabi_attribute 24, 1
   8              		.eabi_attribute 25, 1
   9              		.eabi_attribute 26, 1
  10              		.eabi_attribute 30, 1
  11              		.eabi_attribute 34, 1
  12              		.eabi_attribute 18, 4
  13              		.file	"w25q64.c"
  14              		.text
  15              	.Ltext0:
  16              		.cfi_sections	.debug_frame
  17              		.section	.text.W25Q64_ReadSR,"ax",%progbits
  18              		.align	1
  19              		.global	W25Q64_ReadSR
  20              		.arch armv7e-m
  21              		.syntax unified
  22              		.thumb
  23              		.thumb_func
  24              		.fpu fpv4-sp-d16
  26              	W25Q64_ReadSR:
  27              	.LFB134:
  28              		.file 1 "Core/Src/w25q64.c"
   1:Core/Src/w25q64.c **** //////////////////////////////////////////////////////////////////////////////////	 
   2:Core/Src/w25q64.c **** //本程序只供学习使用，未经作者许可，不得用于其它商业用途
   3:Core/Src/w25q64.c **** //测试硬件：单片机STM32F407VGT6,STM32F407VxT6最小系统开发板,主频168MHZ，晶振8MHZ
   4:Core/Src/w25q64.c **** //QDtech-TFT液晶驱动 for STM32 FSMC
   5:Core/Src/w25q64.c **** //Chan@ShenZhen QDtech co.,LTD
   6:Core/Src/w25q64.c **** //公司网站:www.qdtft.com
   7:Core/Src/w25q64.c **** //wiki技术资料网站：http://www.lcdwiki.com
   8:Core/Src/w25q64.c **** //我司提供技术支持，任何技术问题欢迎随时交流学习
   9:Core/Src/w25q64.c **** //固话(传真) :+86 0755-21077707 
  10:Core/Src/w25q64.c **** //手机: (销售)18823372746 （技术)15989313508
  11:Core/Src/w25q64.c **** //邮箱:(销售/订单) sales@qdtft.com  (售后/技术服务)service@qdtft.com
  12:Core/Src/w25q64.c **** //QQ:(售前咨询)3002706772 (技术支持)3002778157
  13:Core/Src/w25q64.c **** //技术交流QQ群:778679828
  14:Core/Src/w25q64.c **** //创建日期:2020/06/29
  15:Core/Src/w25q64.c **** //版本：V1.0
  16:Core/Src/w25q64.c **** //版权所有，盗版必究。
  17:Core/Src/w25q64.c **** //Copyright(C) 深圳市全动电子技术有限公司 2018-2028
  18:Core/Src/w25q64.c **** //All rights reserved
  19:Core/Src/w25q64.c **** /************************************************************************************
  20:Core/Src/w25q64.c **** //STM32F407VxT6最小系统开发板内部SD卡示例
  21:Core/Src/w25q64.c **** //     LED0           --->            PA1
  22:Core/Src/w25q64.c **** //     KEY0           --->            PE4
  23:Core/Src/w25q64.c **** //     KEY_UP         --->            PA0
  24:Core/Src/w25q64.c **** //     SD_D0          --->            PC8
  25:Core/Src/w25q64.c **** //     SD_D1          --->            PC9
  26:Core/Src/w25q64.c **** //     SD_D2          --->            PC10
  27:Core/Src/w25q64.c **** //     SD_D3          --->            PC11
  28:Core/Src/w25q64.c **** //     SD_CLK         --->            PC12
  29:Core/Src/w25q64.c **** //     SD_CMD         --->            PD2
  30:Core/Src/w25q64.c **** //     SPI_CLK        --->            PB3
ARM GAS  C:\Users\ADMIN\AppData\Local\Temp\ccLu5Eln.s 			page 2


  31:Core/Src/w25q64.c **** //     SPI_MOSI       --->            PB5
  32:Core/Src/w25q64.c **** //     SPI_MISO       --->            PB4
  33:Core/Src/w25q64.c **** //     USART1_TX      --->            PA9
  34:Core/Src/w25q64.c **** //     USART1_RX      --->            PA10
  35:Core/Src/w25q64.c **** //支持ILI9341/ILI9486/ILI9488/ST7793/ST7796S/R61509/NT35310/NT35510/SSD1963
  36:Core/Src/w25q64.c **** //TFT LCD可以直接插入STM32F407VxT6最小系统开发板TFTLCD插槽或者通过排线接入TFTLCD插座
  37:Core/Src/w25q64.c **** //STM32连接引脚是指TFTLCD插槽或者插座引脚内部连接的STM32引脚
  38:Core/Src/w25q64.c **** //=================================电源接线=======================================//
  39:Core/Src/w25q64.c **** //     LCD模块                    STM32连接引脚
  40:Core/Src/w25q64.c **** //      VDD           --->           DC5V/3.3V          //电源
  41:Core/Src/w25q64.c **** //      GND           --->             GND              //电源地
  42:Core/Src/w25q64.c **** //=============================液晶屏数据线接线===================================//
  43:Core/Src/w25q64.c **** //     LCD模块                    STM32连接引脚
  44:Core/Src/w25q64.c **** //      DB0           --->            PD14        -|   
  45:Core/Src/w25q64.c **** //      DB1           --->            PD15         |  
  46:Core/Src/w25q64.c **** //      DB2           --->            PD0          | 
  47:Core/Src/w25q64.c **** //      DB3           --->            PD1          | 
  48:Core/Src/w25q64.c **** //      DB4           --->            PE7          |
  49:Core/Src/w25q64.c **** //      DB5           --->            PE8          |
  50:Core/Src/w25q64.c **** //      DB6           --->            PE9          |
  51:Core/Src/w25q64.c **** //      DB7           --->            PE10         |===>液晶屏16位并口数据信号
  52:Core/Src/w25q64.c **** //      DB8           --->            PE11         |
  53:Core/Src/w25q64.c **** //      DB9           --->            PE12         |
  54:Core/Src/w25q64.c **** //      DB10          --->            PE13         |
  55:Core/Src/w25q64.c **** //      DB11          --->            PE14         |
  56:Core/Src/w25q64.c **** //      DB12          --->            PE15         |
  57:Core/Src/w25q64.c **** //      DB13          --->            PD8          |
  58:Core/Src/w25q64.c **** //      DB14          --->            PD9          |
  59:Core/Src/w25q64.c **** //      DB15          --->            PD10        -|
  60:Core/Src/w25q64.c **** //=============================液晶屏控制线接线===================================//
  61:Core/Src/w25q64.c **** //     LCD模块 				            STM32连接引脚 
  62:Core/Src/w25q64.c **** //      WR            --->            PD5             //液晶屏写数据控制信号
  63:Core/Src/w25q64.c **** //      RD            --->            PD4             //液晶屏读数据控制信号
  64:Core/Src/w25q64.c **** //      RS            --->            PD11            //液晶屏数据/命令控制信号
  65:Core/Src/w25q64.c **** //      RST           --->          复位引脚（默认）  //液晶屏复位控制信号（也可选择PD13）
  66:Core/Src/w25q64.c **** //      CS            --->            PD7             //液晶屏片选控制信号
  67:Core/Src/w25q64.c **** //      BL            --->            PB15            //液晶屏背光控制信号
  68:Core/Src/w25q64.c **** *************************************************************************************/	
  69:Core/Src/w25q64.c ****  /* @attention
  70:Core/Src/w25q64.c ****   *
  71:Core/Src/w25q64.c ****   * THE PRESENT FIRMWARE WHICH IS FOR GUIDANCE ONLY AIMS AT PROVIDING CUSTOMERS
  72:Core/Src/w25q64.c ****   * WITH CODING INFORMATION REGARDING THEIR PRODUCTS IN ORDER FOR THEM TO SAVE
  73:Core/Src/w25q64.c ****   * TIME. AS A RESULT, QD electronic SHALL NOT BE HELD LIABLE FOR ANY
  74:Core/Src/w25q64.c ****   * DIRECT, INDIRECT OR CONSEQUENTIAL DAMAGES WITH RESPECT TO ANY CLAIMS ARISING
  75:Core/Src/w25q64.c ****   * FROM THE CONTENT OF SUCH FIRMWARE AND/OR THE USE MADE BY CUSTOMERS OF THE
  76:Core/Src/w25q64.c ****   * CODING INFORMATION CONTAINED HEREIN IN CONNECTION WITH THEIR PRODUCTS.
  77:Core/Src/w25q64.c **** *************************************************************************************/
  78:Core/Src/w25q64.c **** #include "w25q64.h" 
  79:Core/Src/w25q64.c **** #include "spi.h"
  80:Core/Src/w25q64.c **** #include "delay.h"	   
  81:Core/Src/w25q64.c **** #include "usart.h"	
  82:Core/Src/w25q64.c **** 	
  83:Core/Src/w25q64.c **** u16 W25QXX_TYPE=W25Q64;	//默认是W25Q64
  84:Core/Src/w25q64.c **** 
  85:Core/Src/w25q64.c **** //4Kbytes为一个Sector
  86:Core/Src/w25q64.c **** //16个扇区为1个Block
  87:Core/Src/w25q64.c **** //W25Q64
ARM GAS  C:\Users\ADMIN\AppData\Local\Temp\ccLu5Eln.s 			page 3


  88:Core/Src/w25q64.c **** //容量为8M字节,共有64个Block,2048个Sector 
  89:Core/Src/w25q64.c **** 										
  90:Core/Src/w25q64.c **** /*****************************************************************************
  91:Core/Src/w25q64.c ****  * @name       :void W25Q64_Init(void)
  92:Core/Src/w25q64.c ****  * @date       :2020-05-08 
  93:Core/Src/w25q64.c ****  * @function   :Initialization of SPI flash IO port
  94:Core/Src/w25q64.c ****  * @parameters :None
  95:Core/Src/w25q64.c ****  * @retvalue   :None
  96:Core/Src/w25q64.c **** ******************************************************************************/	 										
  97:Core/Src/w25q64.c **** void W25Q64_Init(void)
  98:Core/Src/w25q64.c **** { 
  99:Core/Src/w25q64.c ****   GPIO_InitTypeDef  GPIO_InitStructure;
 100:Core/Src/w25q64.c ****   RCC_AHB1PeriphClockCmd(RCC_AHB1Periph_GPIOB, ENABLE);//使能GPIOB时钟
 101:Core/Src/w25q64.c ****   RCC_AHB1PeriphClockCmd(RCC_AHB1Periph_GPIOG, ENABLE);//使能GPIOG时钟
 102:Core/Src/w25q64.c **** 	  //GPIOB14
 103:Core/Src/w25q64.c ****   GPIO_InitStructure.GPIO_Pin = GPIO_Pin_14;//PB14
 104:Core/Src/w25q64.c ****   GPIO_InitStructure.GPIO_Mode = GPIO_Mode_OUT;//输出
 105:Core/Src/w25q64.c ****   GPIO_InitStructure.GPIO_OType = GPIO_OType_PP;//推挽输出
 106:Core/Src/w25q64.c ****   GPIO_InitStructure.GPIO_Speed = GPIO_Speed_100MHz;//100MHz
 107:Core/Src/w25q64.c ****   GPIO_InitStructure.GPIO_PuPd = GPIO_PuPd_UP;//上拉
 108:Core/Src/w25q64.c ****   GPIO_Init(GPIOB, &GPIO_InitStructure);//初始化
 109:Core/Src/w25q64.c **** 	W25Q64_CS=1;			//SPI FLASH不选中
 110:Core/Src/w25q64.c **** 	SPI1_Init();		   			//初始化SPI
 111:Core/Src/w25q64.c **** 	SPI1_SetSpeed(SPI_BaudRatePrescaler_4);		//设置为21M时钟,高速模式 
 112:Core/Src/w25q64.c **** 	W25QXX_TYPE=W25QXX_ReadID();	//读取FLASH ID.
 113:Core/Src/w25q64.c **** }  
 114:Core/Src/w25q64.c **** 
 115:Core/Src/w25q64.c **** /*****************************************************************************
 116:Core/Src/w25q64.c ****  * @name       :u8 W25Q64_ReadSR(void) 
 117:Core/Src/w25q64.c ****  * @date       :2020-05-08 
 118:Core/Src/w25q64.c ****  * @function   :Read the status register of w25q64
 119:Core/Src/w25q64.c **** 								BIT7  6   5   4   3   2   1   0
 120:Core/Src/w25q64.c **** 							  SPR   RV  TB BP2 BP1 BP0 WEL BUSY
 121:Core/Src/w25q64.c **** 								SPR:Default 0, status register protection bit, used with WP
 122:Core/Src/w25q64.c **** 								TB,BP2,BP1,BP0:Flash area write protection settings
 123:Core/Src/w25q64.c **** 								WEL:Write enable lock
 124:Core/Src/w25q64.c **** 								BUSY:Busy flag bit (1, busy; 0, idle)
 125:Core/Src/w25q64.c **** 								Default:0x00
 126:Core/Src/w25q64.c ****  * @parameters :None
 127:Core/Src/w25q64.c ****  * @retvalue   :the value of the status register
 128:Core/Src/w25q64.c **** ******************************************************************************/	
 129:Core/Src/w25q64.c **** u8 W25Q64_ReadSR(void)   
 130:Core/Src/w25q64.c **** {  
  29              		.loc 1 130 1 view -0
  30              		.cfi_startproc
  31              		@ args = 0, pretend = 0, frame = 0
  32              		@ frame_needed = 0, uses_anonymous_args = 0
  33 0000 10B5     		push	{r4, lr}
  34              	.LCFI0:
  35              		.cfi_def_cfa_offset 8
  36              		.cfi_offset 4, -8
  37              		.cfi_offset 14, -4
 131:Core/Src/w25q64.c **** 	u8 byte=0;   
  38              		.loc 1 131 2 view .LVU1
  39              	.LVL0:
 132:Core/Src/w25q64.c **** 	W25Q64_CS=0;                            //使能器件   
  40              		.loc 1 132 2 view .LVU2
ARM GAS  C:\Users\ADMIN\AppData\Local\Temp\ccLu5Eln.s 			page 4


  41              		.loc 1 132 11 is_stmt 0 view .LVU3
  42 0002 074C     		ldr	r4, .L3
  43 0004 0023     		movs	r3, #0
  44 0006 C4F8B832 		str	r3, [r4, #696]
 133:Core/Src/w25q64.c **** 	SPI1_ReadWriteByte(W25X_ReadStatusReg);    //发送读取状态寄存器命令    
  45              		.loc 1 133 2 is_stmt 1 view .LVU4
  46 000a 0520     		movs	r0, #5
  47 000c FFF7FEFF 		bl	SPI1_ReadWriteByte
  48              	.LVL1:
 134:Core/Src/w25q64.c **** 	byte=SPI1_ReadWriteByte(0Xff);             //读取一个字节  
  49              		.loc 1 134 2 view .LVU5
  50              		.loc 1 134 7 is_stmt 0 view .LVU6
  51 0010 FF20     		movs	r0, #255
  52 0012 FFF7FEFF 		bl	SPI1_ReadWriteByte
  53              	.LVL2:
 135:Core/Src/w25q64.c **** 	W25Q64_CS=1;                            //取消片选     
  54              		.loc 1 135 2 is_stmt 1 view .LVU7
  55              		.loc 1 135 11 is_stmt 0 view .LVU8
  56 0016 0123     		movs	r3, #1
  57 0018 C4F8B832 		str	r3, [r4, #696]
 136:Core/Src/w25q64.c **** 	return byte;   
  58              		.loc 1 136 2 is_stmt 1 view .LVU9
 137:Core/Src/w25q64.c **** }
  59              		.loc 1 137 1 is_stmt 0 view .LVU10
  60 001c 10BD     		pop	{r4, pc}
  61              	.L4:
  62 001e 00BF     		.align	2
  63              	.L3:
  64 0020 00804042 		.word	1111523328
  65              		.cfi_endproc
  66              	.LFE134:
  68              		.section	.text.W25Q64_Write_SR,"ax",%progbits
  69              		.align	1
  70              		.global	W25Q64_Write_SR
  71              		.syntax unified
  72              		.thumb
  73              		.thumb_func
  74              		.fpu fpv4-sp-d16
  76              	W25Q64_Write_SR:
  77              	.LVL3:
  78              	.LFB135:
 138:Core/Src/w25q64.c **** 
 139:Core/Src/w25q64.c **** /*****************************************************************************
 140:Core/Src/w25q64.c ****  * @name       :void W25Q64_Write_SR(u8 sr)
 141:Core/Src/w25q64.c ****  * @date       :2020-05-08 
 142:Core/Src/w25q64.c ****  * @function   :Write the status register of w25q64
 143:Core/Src/w25q64.c **** 								(Only SPR,TB,bp2,BP1,bp0(bit 7,5,4,3,2)can be written!!!)
 144:Core/Src/w25q64.c **** 								BIT7  6   5   4   3   2   1   0
 145:Core/Src/w25q64.c **** 							  SPR   RV  TB BP2 BP1 BP0 WEL BUSY
 146:Core/Src/w25q64.c **** 								SPR:Default 0, status register protection bit, used with WP
 147:Core/Src/w25q64.c **** 								TB,BP2,BP1,BP0:Flash area write protection settings
 148:Core/Src/w25q64.c **** 								WEL:Write enable lock
 149:Core/Src/w25q64.c **** 								BUSY:Busy flag bit (1, busy; 0, idle)
 150:Core/Src/w25q64.c **** 								Default:0x00
 151:Core/Src/w25q64.c ****  * @parameters :sr:the value of the status register to be written
 152:Core/Src/w25q64.c ****  * @retvalue   :the value of the status register
 153:Core/Src/w25q64.c **** ******************************************************************************/	 
ARM GAS  C:\Users\ADMIN\AppData\Local\Temp\ccLu5Eln.s 			page 5


 154:Core/Src/w25q64.c **** void W25Q64_Write_SR(u8 sr)   
 155:Core/Src/w25q64.c **** {   
  79              		.loc 1 155 1 is_stmt 1 view -0
  80              		.cfi_startproc
  81              		@ args = 0, pretend = 0, frame = 0
  82              		@ frame_needed = 0, uses_anonymous_args = 0
  83              		.loc 1 155 1 is_stmt 0 view .LVU12
  84 0000 38B5     		push	{r3, r4, r5, lr}
  85              	.LCFI1:
  86              		.cfi_def_cfa_offset 16
  87              		.cfi_offset 3, -16
  88              		.cfi_offset 4, -12
  89              		.cfi_offset 5, -8
  90              		.cfi_offset 14, -4
  91 0002 0446     		mov	r4, r0
 156:Core/Src/w25q64.c **** 	W25Q64_CS=0;                            //使能器件   
  92              		.loc 1 156 2 is_stmt 1 view .LVU13
  93              		.loc 1 156 11 is_stmt 0 view .LVU14
  94 0004 064D     		ldr	r5, .L7
  95 0006 0023     		movs	r3, #0
  96 0008 C5F8B832 		str	r3, [r5, #696]
 157:Core/Src/w25q64.c **** 	SPI1_ReadWriteByte(W25X_WriteStatusReg);   //发送写取状态寄存器命令    
  97              		.loc 1 157 2 is_stmt 1 view .LVU15
  98 000c 0120     		movs	r0, #1
  99              	.LVL4:
 100              		.loc 1 157 2 is_stmt 0 view .LVU16
 101 000e FFF7FEFF 		bl	SPI1_ReadWriteByte
 102              	.LVL5:
 158:Core/Src/w25q64.c **** 	SPI1_ReadWriteByte(sr);               //写入一个字节  
 103              		.loc 1 158 2 is_stmt 1 view .LVU17
 104 0012 2046     		mov	r0, r4
 105 0014 FFF7FEFF 		bl	SPI1_ReadWriteByte
 106              	.LVL6:
 159:Core/Src/w25q64.c **** 	W25Q64_CS=1;                            //取消片选     	      
 107              		.loc 1 159 2 view .LVU18
 108              		.loc 1 159 11 is_stmt 0 view .LVU19
 109 0018 0123     		movs	r3, #1
 110 001a C5F8B832 		str	r3, [r5, #696]
 160:Core/Src/w25q64.c **** } 
 111              		.loc 1 160 1 view .LVU20
 112 001e 38BD     		pop	{r3, r4, r5, pc}
 113              	.L8:
 114              		.align	2
 115              	.L7:
 116 0020 00804042 		.word	1111523328
 117              		.cfi_endproc
 118              	.LFE135:
 120              		.section	.text.W25Q64_Write_Enable,"ax",%progbits
 121              		.align	1
 122              		.global	W25Q64_Write_Enable
 123              		.syntax unified
 124              		.thumb
 125              		.thumb_func
 126              		.fpu fpv4-sp-d16
 128              	W25Q64_Write_Enable:
 129              	.LFB136:
 161:Core/Src/w25q64.c **** 
ARM GAS  C:\Users\ADMIN\AppData\Local\Temp\ccLu5Eln.s 			page 6


 162:Core/Src/w25q64.c **** /*****************************************************************************
 163:Core/Src/w25q64.c ****  * @name       :void W25Q64_Write_Enable(void) 
 164:Core/Src/w25q64.c ****  * @date       :2020-05-08 
 165:Core/Src/w25q64.c ****  * @function   :W25q64 write enable(Set wel)
 166:Core/Src/w25q64.c ****  * @parameters :None
 167:Core/Src/w25q64.c ****  * @retvalue   :None
 168:Core/Src/w25q64.c **** ******************************************************************************/	   
 169:Core/Src/w25q64.c **** void W25Q64_Write_Enable(void)   
 170:Core/Src/w25q64.c **** {
 130              		.loc 1 170 1 is_stmt 1 view -0
 131              		.cfi_startproc
 132              		@ args = 0, pretend = 0, frame = 0
 133              		@ frame_needed = 0, uses_anonymous_args = 0
 134 0000 10B5     		push	{r4, lr}
 135              	.LCFI2:
 136              		.cfi_def_cfa_offset 8
 137              		.cfi_offset 4, -8
 138              		.cfi_offset 14, -4
 171:Core/Src/w25q64.c **** 	W25Q64_CS=0;                            //使能器件   
 139              		.loc 1 171 2 view .LVU22
 140              		.loc 1 171 11 is_stmt 0 view .LVU23
 141 0002 054C     		ldr	r4, .L11
 142 0004 0023     		movs	r3, #0
 143 0006 C4F8B832 		str	r3, [r4, #696]
 172:Core/Src/w25q64.c ****   SPI1_ReadWriteByte(W25X_WriteEnable);    //发送写使能  
 144              		.loc 1 172 3 is_stmt 1 view .LVU24
 145 000a 0620     		movs	r0, #6
 146 000c FFF7FEFF 		bl	SPI1_ReadWriteByte
 147              	.LVL7:
 173:Core/Src/w25q64.c **** 	W25Q64_CS=1;                            //取消片选     	      
 148              		.loc 1 173 2 view .LVU25
 149              		.loc 1 173 11 is_stmt 0 view .LVU26
 150 0010 0123     		movs	r3, #1
 151 0012 C4F8B832 		str	r3, [r4, #696]
 174:Core/Src/w25q64.c **** } 
 152              		.loc 1 174 1 view .LVU27
 153 0016 10BD     		pop	{r4, pc}
 154              	.L12:
 155              		.align	2
 156              	.L11:
 157 0018 00804042 		.word	1111523328
 158              		.cfi_endproc
 159              	.LFE136:
 161              		.section	.text.W25Q64_Write_Disable,"ax",%progbits
 162              		.align	1
 163              		.global	W25Q64_Write_Disable
 164              		.syntax unified
 165              		.thumb
 166              		.thumb_func
 167              		.fpu fpv4-sp-d16
 169              	W25Q64_Write_Disable:
 170              	.LFB137:
 175:Core/Src/w25q64.c **** 
 176:Core/Src/w25q64.c **** /*****************************************************************************
 177:Core/Src/w25q64.c ****  * @name       :void W25Q64_Write_Disable(void) 
 178:Core/Src/w25q64.c ****  * @date       :2020-05-08 
 179:Core/Src/w25q64.c ****  * @function   :W25q64 write disable(Reset wel)
ARM GAS  C:\Users\ADMIN\AppData\Local\Temp\ccLu5Eln.s 			page 7


 180:Core/Src/w25q64.c ****  * @parameters :None
 181:Core/Src/w25q64.c ****  * @retvalue   :None
 182:Core/Src/w25q64.c **** ******************************************************************************/	 
 183:Core/Src/w25q64.c **** void W25Q64_Write_Disable(void)   
 184:Core/Src/w25q64.c **** {  
 171              		.loc 1 184 1 is_stmt 1 view -0
 172              		.cfi_startproc
 173              		@ args = 0, pretend = 0, frame = 0
 174              		@ frame_needed = 0, uses_anonymous_args = 0
 175 0000 10B5     		push	{r4, lr}
 176              	.LCFI3:
 177              		.cfi_def_cfa_offset 8
 178              		.cfi_offset 4, -8
 179              		.cfi_offset 14, -4
 185:Core/Src/w25q64.c **** 	W25Q64_CS=0;                            //使能器件   
 180              		.loc 1 185 2 view .LVU29
 181              		.loc 1 185 11 is_stmt 0 view .LVU30
 182 0002 054C     		ldr	r4, .L15
 183 0004 0023     		movs	r3, #0
 184 0006 C4F8B832 		str	r3, [r4, #696]
 186:Core/Src/w25q64.c ****   SPI1_ReadWriteByte(W25X_WriteDisable);  //发送写禁止指令    
 185              		.loc 1 186 3 is_stmt 1 view .LVU31
 186 000a 0420     		movs	r0, #4
 187 000c FFF7FEFF 		bl	SPI1_ReadWriteByte
 188              	.LVL8:
 187:Core/Src/w25q64.c **** 	W25Q64_CS=1;                            //取消片选     	      
 189              		.loc 1 187 2 view .LVU32
 190              		.loc 1 187 11 is_stmt 0 view .LVU33
 191 0010 0123     		movs	r3, #1
 192 0012 C4F8B832 		str	r3, [r4, #696]
 188:Core/Src/w25q64.c **** }
 193              		.loc 1 188 1 view .LVU34
 194 0016 10BD     		pop	{r4, pc}
 195              	.L16:
 196              		.align	2
 197              	.L15:
 198 0018 00804042 		.word	1111523328
 199              		.cfi_endproc
 200              	.LFE137:
 202              		.section	.text.W25QXX_ReadID,"ax",%progbits
 203              		.align	1
 204              		.global	W25QXX_ReadID
 205              		.syntax unified
 206              		.thumb
 207              		.thumb_func
 208              		.fpu fpv4-sp-d16
 210              	W25QXX_ReadID:
 211              	.LFB138:
 189:Core/Src/w25q64.c **** 
 190:Core/Src/w25q64.c **** /*****************************************************************************
 191:Core/Src/w25q64.c ****  * @name       :u16 W25QXX_ReadID(void)
 192:Core/Src/w25q64.c ****  * @date       :2020-05-08 
 193:Core/Src/w25q64.c ****  * @function   :Read chip ID							
 194:Core/Src/w25q64.c ****  * @parameters :None
 195:Core/Src/w25q64.c ****  * @retvalue   :0XEF13:W25Q80  
 196:Core/Src/w25q64.c **** 								0XEF14:W25Q16    
 197:Core/Src/w25q64.c **** 								0XEF15:W25Q32  
ARM GAS  C:\Users\ADMIN\AppData\Local\Temp\ccLu5Eln.s 			page 8


 198:Core/Src/w25q64.c **** 								0XEF16:W25Q64 
 199:Core/Src/w25q64.c **** 								0XEF17:W25Q128 
 200:Core/Src/w25q64.c **** ******************************************************************************/	 		  
 201:Core/Src/w25q64.c **** u16 W25QXX_ReadID(void)
 202:Core/Src/w25q64.c **** {
 212              		.loc 1 202 1 is_stmt 1 view -0
 213              		.cfi_startproc
 214              		@ args = 0, pretend = 0, frame = 0
 215              		@ frame_needed = 0, uses_anonymous_args = 0
 216 0000 38B5     		push	{r3, r4, r5, lr}
 217              	.LCFI4:
 218              		.cfi_def_cfa_offset 16
 219              		.cfi_offset 3, -16
 220              		.cfi_offset 4, -12
 221              		.cfi_offset 5, -8
 222              		.cfi_offset 14, -4
 203:Core/Src/w25q64.c **** 	u16 Temp = 0;	  
 223              		.loc 1 203 2 view .LVU36
 224              	.LVL9:
 204:Core/Src/w25q64.c **** 	W25Q64_CS=0;				    
 225              		.loc 1 204 2 view .LVU37
 226              		.loc 1 204 11 is_stmt 0 view .LVU38
 227 0002 0F4D     		ldr	r5, .L19
 228 0004 0024     		movs	r4, #0
 229 0006 C5F8B842 		str	r4, [r5, #696]
 205:Core/Src/w25q64.c **** 	SPI1_ReadWriteByte(0x90);//发送读取ID命令	    
 230              		.loc 1 205 2 is_stmt 1 view .LVU39
 231 000a 9020     		movs	r0, #144
 232 000c FFF7FEFF 		bl	SPI1_ReadWriteByte
 233              	.LVL10:
 206:Core/Src/w25q64.c **** 	SPI1_ReadWriteByte(0x00); 	    
 234              		.loc 1 206 2 view .LVU40
 235 0010 2046     		mov	r0, r4
 236 0012 FFF7FEFF 		bl	SPI1_ReadWriteByte
 237              	.LVL11:
 207:Core/Src/w25q64.c **** 	SPI1_ReadWriteByte(0x00); 	    
 238              		.loc 1 207 2 view .LVU41
 239 0016 2046     		mov	r0, r4
 240 0018 FFF7FEFF 		bl	SPI1_ReadWriteByte
 241              	.LVL12:
 208:Core/Src/w25q64.c **** 	SPI1_ReadWriteByte(0x00); 	 			   
 242              		.loc 1 208 2 view .LVU42
 243 001c 2046     		mov	r0, r4
 244 001e FFF7FEFF 		bl	SPI1_ReadWriteByte
 245              	.LVL13:
 209:Core/Src/w25q64.c **** 	Temp|=SPI1_ReadWriteByte(0xFF)<<8;  
 246              		.loc 1 209 2 view .LVU43
 247              		.loc 1 209 8 is_stmt 0 view .LVU44
 248 0022 FF20     		movs	r0, #255
 249 0024 FFF7FEFF 		bl	SPI1_ReadWriteByte
 250              	.LVL14:
 251              		.loc 1 209 32 view .LVU45
 252 0028 0402     		lsls	r4, r0, #8
 253              		.loc 1 209 6 view .LVU46
 254 002a A4B2     		uxth	r4, r4
 255              	.LVL15:
 210:Core/Src/w25q64.c **** 	Temp|=SPI1_ReadWriteByte(0xFF);	 
ARM GAS  C:\Users\ADMIN\AppData\Local\Temp\ccLu5Eln.s 			page 9


 256              		.loc 1 210 2 is_stmt 1 view .LVU47
 257              		.loc 1 210 8 is_stmt 0 view .LVU48
 258 002c FF20     		movs	r0, #255
 259 002e FFF7FEFF 		bl	SPI1_ReadWriteByte
 260              	.LVL16:
 261 0032 80B2     		uxth	r0, r0
 262              	.LVL17:
 211:Core/Src/w25q64.c **** 	W25Q64_CS=1;				    
 263              		.loc 1 211 2 is_stmt 1 view .LVU49
 264              		.loc 1 211 11 is_stmt 0 view .LVU50
 265 0034 0123     		movs	r3, #1
 266 0036 C5F8B832 		str	r3, [r5, #696]
 212:Core/Src/w25q64.c **** 	return Temp;
 267              		.loc 1 212 2 is_stmt 1 view .LVU51
 213:Core/Src/w25q64.c **** }   
 268              		.loc 1 213 1 is_stmt 0 view .LVU52
 269 003a 2043     		orrs	r0, r0, r4
 270              	.LVL18:
 271              		.loc 1 213 1 view .LVU53
 272 003c 38BD     		pop	{r3, r4, r5, pc}
 273              	.L20:
 274 003e 00BF     		.align	2
 275              	.L19:
 276 0040 00804042 		.word	1111523328
 277              		.cfi_endproc
 278              	.LFE138:
 280              		.section	.text.W25Q64_Init,"ax",%progbits
 281              		.align	1
 282              		.global	W25Q64_Init
 283              		.syntax unified
 284              		.thumb
 285              		.thumb_func
 286              		.fpu fpv4-sp-d16
 288              	W25Q64_Init:
 289              	.LFB133:
  98:Core/Src/w25q64.c ****   GPIO_InitTypeDef  GPIO_InitStructure;
 290              		.loc 1 98 1 is_stmt 1 view -0
 291              		.cfi_startproc
 292              		@ args = 0, pretend = 0, frame = 8
 293              		@ frame_needed = 0, uses_anonymous_args = 0
 294 0000 10B5     		push	{r4, lr}
 295              	.LCFI5:
 296              		.cfi_def_cfa_offset 8
 297              		.cfi_offset 4, -8
 298              		.cfi_offset 14, -4
 299 0002 82B0     		sub	sp, sp, #8
 300              	.LCFI6:
 301              		.cfi_def_cfa_offset 16
  99:Core/Src/w25q64.c ****   RCC_AHB1PeriphClockCmd(RCC_AHB1Periph_GPIOB, ENABLE);//使能GPIOB时钟
 302              		.loc 1 99 3 view .LVU55
 100:Core/Src/w25q64.c ****   RCC_AHB1PeriphClockCmd(RCC_AHB1Periph_GPIOG, ENABLE);//使能GPIOG时钟
 303              		.loc 1 100 3 view .LVU56
 304 0004 0121     		movs	r1, #1
 305 0006 0220     		movs	r0, #2
 306 0008 FFF7FEFF 		bl	RCC_AHB1PeriphClockCmd
 307              	.LVL19:
 101:Core/Src/w25q64.c **** 	  //GPIOB14
ARM GAS  C:\Users\ADMIN\AppData\Local\Temp\ccLu5Eln.s 			page 10


 308              		.loc 1 101 3 view .LVU57
 309 000c 0121     		movs	r1, #1
 310 000e 4020     		movs	r0, #64
 311 0010 FFF7FEFF 		bl	RCC_AHB1PeriphClockCmd
 312              	.LVL20:
 103:Core/Src/w25q64.c ****   GPIO_InitStructure.GPIO_Mode = GPIO_Mode_OUT;//输出
 313              		.loc 1 103 3 view .LVU58
 103:Core/Src/w25q64.c ****   GPIO_InitStructure.GPIO_Mode = GPIO_Mode_OUT;//输出
 314              		.loc 1 103 31 is_stmt 0 view .LVU59
 315 0014 4FF48043 		mov	r3, #16384
 316 0018 0093     		str	r3, [sp]
 104:Core/Src/w25q64.c ****   GPIO_InitStructure.GPIO_OType = GPIO_OType_PP;//推挽输出
 317              		.loc 1 104 3 is_stmt 1 view .LVU60
 104:Core/Src/w25q64.c ****   GPIO_InitStructure.GPIO_OType = GPIO_OType_PP;//推挽输出
 318              		.loc 1 104 32 is_stmt 0 view .LVU61
 319 001a 0124     		movs	r4, #1
 320 001c 8DF80440 		strb	r4, [sp, #4]
 105:Core/Src/w25q64.c ****   GPIO_InitStructure.GPIO_Speed = GPIO_Speed_100MHz;//100MHz
 321              		.loc 1 105 3 is_stmt 1 view .LVU62
 105:Core/Src/w25q64.c ****   GPIO_InitStructure.GPIO_Speed = GPIO_Speed_100MHz;//100MHz
 322              		.loc 1 105 33 is_stmt 0 view .LVU63
 323 0020 0023     		movs	r3, #0
 324 0022 8DF80630 		strb	r3, [sp, #6]
 106:Core/Src/w25q64.c ****   GPIO_InitStructure.GPIO_PuPd = GPIO_PuPd_UP;//上拉
 325              		.loc 1 106 3 is_stmt 1 view .LVU64
 106:Core/Src/w25q64.c ****   GPIO_InitStructure.GPIO_PuPd = GPIO_PuPd_UP;//上拉
 326              		.loc 1 106 33 is_stmt 0 view .LVU65
 327 0026 0323     		movs	r3, #3
 328 0028 8DF80530 		strb	r3, [sp, #5]
 107:Core/Src/w25q64.c ****   GPIO_Init(GPIOB, &GPIO_InitStructure);//初始化
 329              		.loc 1 107 3 is_stmt 1 view .LVU66
 107:Core/Src/w25q64.c ****   GPIO_Init(GPIOB, &GPIO_InitStructure);//初始化
 330              		.loc 1 107 32 is_stmt 0 view .LVU67
 331 002c 8DF80740 		strb	r4, [sp, #7]
 108:Core/Src/w25q64.c **** 	W25Q64_CS=1;			//SPI FLASH不选中
 332              		.loc 1 108 3 is_stmt 1 view .LVU68
 333 0030 6946     		mov	r1, sp
 334 0032 0848     		ldr	r0, .L23
 335 0034 FFF7FEFF 		bl	GPIO_Init
 336              	.LVL21:
 109:Core/Src/w25q64.c **** 	SPI1_Init();		   			//初始化SPI
 337              		.loc 1 109 2 view .LVU69
 109:Core/Src/w25q64.c **** 	SPI1_Init();		   			//初始化SPI
 338              		.loc 1 109 11 is_stmt 0 view .LVU70
 339 0038 074B     		ldr	r3, .L23+4
 340 003a C3F8B842 		str	r4, [r3, #696]
 110:Core/Src/w25q64.c **** 	SPI1_SetSpeed(SPI_BaudRatePrescaler_4);		//设置为21M时钟,高速模式 
 341              		.loc 1 110 2 is_stmt 1 view .LVU71
 342 003e FFF7FEFF 		bl	SPI1_Init
 343              	.LVL22:
 111:Core/Src/w25q64.c **** 	W25QXX_TYPE=W25QXX_ReadID();	//读取FLASH ID.
 344              		.loc 1 111 2 view .LVU72
 345 0042 0820     		movs	r0, #8
 346 0044 FFF7FEFF 		bl	SPI1_SetSpeed
 347              	.LVL23:
 112:Core/Src/w25q64.c **** }  
 348              		.loc 1 112 2 view .LVU73
ARM GAS  C:\Users\ADMIN\AppData\Local\Temp\ccLu5Eln.s 			page 11


 112:Core/Src/w25q64.c **** }  
 349              		.loc 1 112 14 is_stmt 0 view .LVU74
 350 0048 FFF7FEFF 		bl	W25QXX_ReadID
 351              	.LVL24:
 112:Core/Src/w25q64.c **** }  
 352              		.loc 1 112 13 view .LVU75
 353 004c 034B     		ldr	r3, .L23+8
 354 004e 1880     		strh	r0, [r3]	@ movhi
 113:Core/Src/w25q64.c **** 
 355              		.loc 1 113 1 view .LVU76
 356 0050 02B0     		add	sp, sp, #8
 357              	.LCFI7:
 358              		.cfi_def_cfa_offset 8
 359              		@ sp needed
 360 0052 10BD     		pop	{r4, pc}
 361              	.L24:
 362              		.align	2
 363              	.L23:
 364 0054 00040240 		.word	1073873920
 365 0058 00804042 		.word	1111523328
 366 005c 00000000 		.word	.LANCHOR0
 367              		.cfi_endproc
 368              	.LFE133:
 370              		.section	.text.W25Q64_Read,"ax",%progbits
 371              		.align	1
 372              		.global	W25Q64_Read
 373              		.syntax unified
 374              		.thumb
 375              		.thumb_func
 376              		.fpu fpv4-sp-d16
 378              	W25Q64_Read:
 379              	.LVL25:
 380              	.LFB139:
 214:Core/Src/w25q64.c **** 
 215:Core/Src/w25q64.c **** /*****************************************************************************
 216:Core/Src/w25q64.c ****  * @name       :void W25Q64_Read(u8* pBuffer,u32 ReadAddr,u16 NumByteToRead) 
 217:Core/Src/w25q64.c ****  * @date       :2020-05-08 
 218:Core/Src/w25q64.c ****  * @function   :read spi flash
 219:Core/Src/w25q64.c **** 								Start reading data of specified length at the specified address							
 220:Core/Src/w25q64.c ****  * @parameters :pBuffer:Data storage area
 221:Core/Src/w25q64.c **** 								ReadAddr:Address to start reading (24bit)
 222:Core/Src/w25q64.c **** 								NumByteToRead:Number of bytes to read (maximum 65535)
 223:Core/Src/w25q64.c ****  * @retvalue   :None
 224:Core/Src/w25q64.c **** ******************************************************************************/			    
 225:Core/Src/w25q64.c **** void W25Q64_Read(u8* pBuffer,u32 ReadAddr,u16 NumByteToRead)   
 226:Core/Src/w25q64.c **** { 
 381              		.loc 1 226 1 is_stmt 1 view -0
 382              		.cfi_startproc
 383              		@ args = 0, pretend = 0, frame = 0
 384              		@ frame_needed = 0, uses_anonymous_args = 0
 385              		.loc 1 226 1 is_stmt 0 view .LVU78
 386 0000 F8B5     		push	{r3, r4, r5, r6, r7, lr}
 387              	.LCFI8:
 388              		.cfi_def_cfa_offset 24
 389              		.cfi_offset 3, -24
 390              		.cfi_offset 4, -20
 391              		.cfi_offset 5, -16
ARM GAS  C:\Users\ADMIN\AppData\Local\Temp\ccLu5Eln.s 			page 12


 392              		.cfi_offset 6, -12
 393              		.cfi_offset 7, -8
 394              		.cfi_offset 14, -4
 395 0002 0646     		mov	r6, r0
 396 0004 0F46     		mov	r7, r1
 397 0006 1546     		mov	r5, r2
 227:Core/Src/w25q64.c ****  	u16 i;   										    
 398              		.loc 1 227 3 is_stmt 1 view .LVU79
 228:Core/Src/w25q64.c **** 	W25Q64_CS=0;                               //使能器件   
 399              		.loc 1 228 2 view .LVU80
 400              		.loc 1 228 11 is_stmt 0 view .LVU81
 401 0008 0024     		movs	r4, #0
 402 000a 0F4B     		ldr	r3, .L29
 403 000c C3F8B842 		str	r4, [r3, #696]
 229:Core/Src/w25q64.c ****   SPI1_ReadWriteByte(W25X_ReadData);         //发送读取命令   
 404              		.loc 1 229 3 is_stmt 1 view .LVU82
 405 0010 0320     		movs	r0, #3
 406              	.LVL26:
 407              		.loc 1 229 3 is_stmt 0 view .LVU83
 408 0012 FFF7FEFF 		bl	SPI1_ReadWriteByte
 409              	.LVL27:
 230:Core/Src/w25q64.c ****   SPI1_ReadWriteByte((u8)((ReadAddr)>>16));  //发送24bit地址    
 410              		.loc 1 230 3 is_stmt 1 view .LVU84
 411 0016 C7F30740 		ubfx	r0, r7, #16, #8
 412 001a FFF7FEFF 		bl	SPI1_ReadWriteByte
 413              	.LVL28:
 231:Core/Src/w25q64.c ****   SPI1_ReadWriteByte((u8)((ReadAddr)>>8));   
 414              		.loc 1 231 3 view .LVU85
 415 001e C7F30720 		ubfx	r0, r7, #8, #8
 416 0022 FFF7FEFF 		bl	SPI1_ReadWriteByte
 417              	.LVL29:
 232:Core/Src/w25q64.c ****   SPI1_ReadWriteByte((u8)ReadAddr);   
 418              		.loc 1 232 3 view .LVU86
 419 0026 F8B2     		uxtb	r0, r7
 420 0028 FFF7FEFF 		bl	SPI1_ReadWriteByte
 421              	.LVL30:
 233:Core/Src/w25q64.c ****   for(i=0;i<NumByteToRead;i++)
 422              		.loc 1 233 3 view .LVU87
 423              		.loc 1 233 3 is_stmt 0 view .LVU88
 424 002c 05E0     		b	.L26
 425              	.LVL31:
 426              	.L27:
 234:Core/Src/w25q64.c **** 	{ 
 235:Core/Src/w25q64.c **** 		pBuffer[i]=SPI1_ReadWriteByte(0XFF);   //循环读数  
 427              		.loc 1 235 3 is_stmt 1 discriminator 3 view .LVU89
 428              		.loc 1 235 14 is_stmt 0 discriminator 3 view .LVU90
 429 002e FF20     		movs	r0, #255
 430 0030 FFF7FEFF 		bl	SPI1_ReadWriteByte
 431              	.LVL32:
 432              		.loc 1 235 13 discriminator 3 view .LVU91
 433 0034 3055     		strb	r0, [r6, r4]
 233:Core/Src/w25q64.c ****   for(i=0;i<NumByteToRead;i++)
 434              		.loc 1 233 27 is_stmt 1 discriminator 3 view .LVU92
 233:Core/Src/w25q64.c ****   for(i=0;i<NumByteToRead;i++)
 435              		.loc 1 233 28 is_stmt 0 discriminator 3 view .LVU93
 436 0036 0134     		adds	r4, r4, #1
 437              	.LVL33:
ARM GAS  C:\Users\ADMIN\AppData\Local\Temp\ccLu5Eln.s 			page 13


 233:Core/Src/w25q64.c ****   for(i=0;i<NumByteToRead;i++)
 438              		.loc 1 233 28 discriminator 3 view .LVU94
 439 0038 A4B2     		uxth	r4, r4
 440              	.LVL34:
 441              	.L26:
 233:Core/Src/w25q64.c ****   for(i=0;i<NumByteToRead;i++)
 442              		.loc 1 233 11 is_stmt 1 discriminator 1 view .LVU95
 233:Core/Src/w25q64.c ****   for(i=0;i<NumByteToRead;i++)
 443              		.loc 1 233 3 is_stmt 0 discriminator 1 view .LVU96
 444 003a AC42     		cmp	r4, r5
 445 003c F7D3     		bcc	.L27
 236:Core/Src/w25q64.c ****   }
 237:Core/Src/w25q64.c **** 	W25Q64_CS=1;  				    	      
 446              		.loc 1 237 2 is_stmt 1 view .LVU97
 447              		.loc 1 237 11 is_stmt 0 view .LVU98
 448 003e 024B     		ldr	r3, .L29
 449 0040 0122     		movs	r2, #1
 450 0042 C3F8B822 		str	r2, [r3, #696]
 238:Core/Src/w25q64.c **** }
 451              		.loc 1 238 1 view .LVU99
 452 0046 F8BD     		pop	{r3, r4, r5, r6, r7, pc}
 453              	.LVL35:
 454              	.L30:
 455              		.loc 1 238 1 view .LVU100
 456              		.align	2
 457              	.L29:
 458 0048 00804042 		.word	1111523328
 459              		.cfi_endproc
 460              	.LFE139:
 462              		.section	.text.W25Q64_Wait_Busy,"ax",%progbits
 463              		.align	1
 464              		.global	W25Q64_Wait_Busy
 465              		.syntax unified
 466              		.thumb
 467              		.thumb_func
 468              		.fpu fpv4-sp-d16
 470              	W25Q64_Wait_Busy:
 471              	.LFB145:
 239:Core/Src/w25q64.c **** 
 240:Core/Src/w25q64.c **** /*****************************************************************************
 241:Core/Src/w25q64.c ****  * @name       :void W25Q64_Read(u8* pBuffer,u32 ReadAddr,u16 NumByteToRead) 
 242:Core/Src/w25q64.c ****  * @date       :2020-05-08 
 243:Core/Src/w25q64.c ****  * @function   :Write less than 256 bytes of data in a page(0~65535)
 244:Core/Src/w25q64.c **** 								Start writing data of specified length at the specified address							
 245:Core/Src/w25q64.c ****  * @parameters :pBuffer:Data storage area
 246:Core/Src/w25q64.c **** 								WriteAddr:Address to start writing (24bit)
 247:Core/Src/w25q64.c **** 								NumByteToWrite:Number of bytes to write (maximum 256),This number 
 248:Core/Src/w25q64.c **** 								              should not exceed the number of bytes left on this page!!!
 249:Core/Src/w25q64.c ****  * @retvalue   :None
 250:Core/Src/w25q64.c **** ******************************************************************************/	   
 251:Core/Src/w25q64.c **** void W25Q64_Write_Page(u8* pBuffer,u32 WriteAddr,u16 NumByteToWrite)
 252:Core/Src/w25q64.c **** {
 253:Core/Src/w25q64.c ****  	u16 i;  
 254:Core/Src/w25q64.c ****   W25Q64_Write_Enable();                  //SET WEL 
 255:Core/Src/w25q64.c **** 	W25Q64_CS=0;                            //使能器件   
 256:Core/Src/w25q64.c ****   SPI1_ReadWriteByte(W25X_PageProgram);      //发送写页命令   
 257:Core/Src/w25q64.c ****   SPI1_ReadWriteByte((u8)((WriteAddr)>>16)); //发送24bit地址    
ARM GAS  C:\Users\ADMIN\AppData\Local\Temp\ccLu5Eln.s 			page 14


 258:Core/Src/w25q64.c ****   SPI1_ReadWriteByte((u8)((WriteAddr)>>8));   
 259:Core/Src/w25q64.c ****   SPI1_ReadWriteByte((u8)WriteAddr);   
 260:Core/Src/w25q64.c ****   for(i=0;i<NumByteToWrite;i++)
 261:Core/Src/w25q64.c **** 	{
 262:Core/Src/w25q64.c **** 		SPI1_ReadWriteByte(pBuffer[i]);//循环写数  
 263:Core/Src/w25q64.c **** 	}
 264:Core/Src/w25q64.c **** 	W25Q64_CS=1;                   //取消片选 
 265:Core/Src/w25q64.c **** 	W25Q64_Wait_Busy();					   //等待写入结束
 266:Core/Src/w25q64.c **** } 
 267:Core/Src/w25q64.c **** 
 268:Core/Src/w25q64.c **** /*****************************************************************************
 269:Core/Src/w25q64.c ****  * @name       :void W25Q64_Write_NoCheck(u8* pBuffer,u32 WriteAddr,u16 NumByteToWrite)  
 270:Core/Src/w25q64.c ****  * @date       :2020-05-08 
 271:Core/Src/w25q64.c ****  * @function   :Write SPI flash without check
 272:Core/Src/w25q64.c **** 								You must ensure that all the data in the address range written is 0xff, 
 273:Core/Src/w25q64.c **** 								otherwise the data written in non-0xff will fail!
 274:Core/Src/w25q64.c **** 								With automatic page change function	
 275:Core/Src/w25q64.c **** 								Start to write the specified length data at the specified address, 
 276:Core/Src/w25q64.c **** 								but make sure that the address does not cross the boundary!								
 277:Core/Src/w25q64.c ****  * @parameters :pBuffer:Data storage area
 278:Core/Src/w25q64.c **** 								WriteAddr:Address to start writing (24bit)
 279:Core/Src/w25q64.c **** 								NumByteToWrite:Number of bytes to write (maximum 65535)
 280:Core/Src/w25q64.c ****  * @retvalue   :None
 281:Core/Src/w25q64.c **** ******************************************************************************/	
 282:Core/Src/w25q64.c **** void W25Q64_Write_NoCheck(u8* pBuffer,u32 WriteAddr,u16 NumByteToWrite)   
 283:Core/Src/w25q64.c **** { 			 		 
 284:Core/Src/w25q64.c **** 	u16 pageremain;	   
 285:Core/Src/w25q64.c **** 	pageremain=256-WriteAddr%256; //单页剩余的字节数		 	    
 286:Core/Src/w25q64.c **** 	if(NumByteToWrite<=pageremain)pageremain=NumByteToWrite;//不大于256个字节
 287:Core/Src/w25q64.c **** 	while(1)
 288:Core/Src/w25q64.c **** 	{	   
 289:Core/Src/w25q64.c **** 		W25Q64_Write_Page(pBuffer,WriteAddr,pageremain);
 290:Core/Src/w25q64.c **** 		if(NumByteToWrite==pageremain)
 291:Core/Src/w25q64.c **** 		{
 292:Core/Src/w25q64.c **** 			break;//写入结束了
 293:Core/Src/w25q64.c **** 	 	}
 294:Core/Src/w25q64.c **** 		else //NumByteToWrite>pageremain
 295:Core/Src/w25q64.c **** 		{
 296:Core/Src/w25q64.c **** 			pBuffer+=pageremain;
 297:Core/Src/w25q64.c **** 			WriteAddr+=pageremain;	
 298:Core/Src/w25q64.c **** 
 299:Core/Src/w25q64.c **** 			NumByteToWrite-=pageremain;			  //减去已经写入了的字节数
 300:Core/Src/w25q64.c **** 			if(NumByteToWrite>256)
 301:Core/Src/w25q64.c **** 			{
 302:Core/Src/w25q64.c **** 				pageremain=256; //一次可以写入256个字节
 303:Core/Src/w25q64.c **** 			}
 304:Core/Src/w25q64.c **** 			else 
 305:Core/Src/w25q64.c **** 			{
 306:Core/Src/w25q64.c **** 				pageremain=NumByteToWrite; 	  //不够256个字节了
 307:Core/Src/w25q64.c **** 			}
 308:Core/Src/w25q64.c **** 		}
 309:Core/Src/w25q64.c **** 	}   
 310:Core/Src/w25q64.c **** } 
 311:Core/Src/w25q64.c **** 
 312:Core/Src/w25q64.c **** u8 W25Q64_BUFFER[4096];	
 313:Core/Src/w25q64.c **** /*****************************************************************************
 314:Core/Src/w25q64.c ****  * @name       :void W25Q64_Write(u8* pBuffer,u32 WriteAddr,u16 NumByteToWrite)     
ARM GAS  C:\Users\ADMIN\AppData\Local\Temp\ccLu5Eln.s 			page 15


 315:Core/Src/w25q64.c ****  * @date       :2020-05-08 
 316:Core/Src/w25q64.c ****  * @function   :Write SPI flash 
 317:Core/Src/w25q64.c **** 								Start to write the specified length data at the specified address
 318:Core/Src/w25q64.c **** 								This function has erase operation!					
 319:Core/Src/w25q64.c ****  * @parameters :pBuffer:Data storage area
 320:Core/Src/w25q64.c **** 								WriteAddr:Address to start writing (24bit)
 321:Core/Src/w25q64.c **** 								NumByteToWrite:Number of bytes to write (maximum 65535)
 322:Core/Src/w25q64.c ****  * @retvalue   :None
 323:Core/Src/w25q64.c **** ******************************************************************************/	 
 324:Core/Src/w25q64.c **** void W25Q64_Write(u8* pBuffer,u32 WriteAddr,u16 NumByteToWrite)   
 325:Core/Src/w25q64.c **** { 
 326:Core/Src/w25q64.c **** 	u32 secpos;
 327:Core/Src/w25q64.c **** 	u16 secoff;
 328:Core/Src/w25q64.c **** 	u16 secremain;	   
 329:Core/Src/w25q64.c ****  	u16 i;    
 330:Core/Src/w25q64.c **** 	u8 * W25QXX_BUF;	  
 331:Core/Src/w25q64.c ****   W25QXX_BUF=W25Q64_BUFFER;	     
 332:Core/Src/w25q64.c ****  	secpos=WriteAddr/4096;//扇区地址  
 333:Core/Src/w25q64.c **** 	secoff=WriteAddr%4096;//在扇区内的偏移
 334:Core/Src/w25q64.c **** 	secremain=4096-secoff;//扇区剩余空间大小   
 335:Core/Src/w25q64.c ****  	//printf("ad:%X,nb:%X\r\n",WriteAddr,NumByteToWrite);//测试用
 336:Core/Src/w25q64.c ****  	if(NumByteToWrite<=secremain)secremain=NumByteToWrite;//不大于4096个字节
 337:Core/Src/w25q64.c **** 	while(1) 
 338:Core/Src/w25q64.c **** 	{	
 339:Core/Src/w25q64.c **** 		W25Q64_Read(W25QXX_BUF,secpos*4096,4096);//读出整个扇区的内容
 340:Core/Src/w25q64.c **** 		for(i=0;i<secremain;i++)//校验数据
 341:Core/Src/w25q64.c **** 		{
 342:Core/Src/w25q64.c **** 			if(W25QXX_BUF[secoff+i]!=0XFF)
 343:Core/Src/w25q64.c **** 			{
 344:Core/Src/w25q64.c **** 				break;//需要擦除  	  
 345:Core/Src/w25q64.c **** 			}
 346:Core/Src/w25q64.c **** 		}
 347:Core/Src/w25q64.c **** 		if(i<secremain)//需要擦除
 348:Core/Src/w25q64.c **** 		{
 349:Core/Src/w25q64.c **** 			W25Q64_Erase_Sector(secpos);//擦除这个扇区
 350:Core/Src/w25q64.c **** 			for(i=0;i<secremain;i++)	   //复制
 351:Core/Src/w25q64.c **** 			{
 352:Core/Src/w25q64.c **** 				W25QXX_BUF[i+secoff]=pBuffer[i];	  
 353:Core/Src/w25q64.c **** 			}
 354:Core/Src/w25q64.c **** 			W25Q64_Write_NoCheck(W25QXX_BUF,secpos*4096,4096);//写入整个扇区  
 355:Core/Src/w25q64.c **** 		}
 356:Core/Src/w25q64.c **** 		else 
 357:Core/Src/w25q64.c **** 		{
 358:Core/Src/w25q64.c **** 			W25Q64_Write_NoCheck(pBuffer,WriteAddr,secremain);//写已经擦除了的,直接写入扇区剩余区间. 				   
 359:Core/Src/w25q64.c **** 		}
 360:Core/Src/w25q64.c **** 		if(NumByteToWrite==secremain)
 361:Core/Src/w25q64.c **** 		{
 362:Core/Src/w25q64.c **** 			break;//写入结束了
 363:Core/Src/w25q64.c **** 		}
 364:Core/Src/w25q64.c **** 		else//写入未结束
 365:Core/Src/w25q64.c **** 		{
 366:Core/Src/w25q64.c **** 			secpos++;//扇区地址增1
 367:Core/Src/w25q64.c **** 			secoff=0;//偏移位置为0 	 
 368:Core/Src/w25q64.c **** 		  pBuffer+=secremain;  //指针偏移
 369:Core/Src/w25q64.c **** 			WriteAddr+=secremain;//写地址偏移	   
 370:Core/Src/w25q64.c **** 		  NumByteToWrite-=secremain;				//字节数递减
 371:Core/Src/w25q64.c **** 			if(NumByteToWrite>4096)
ARM GAS  C:\Users\ADMIN\AppData\Local\Temp\ccLu5Eln.s 			page 16


 372:Core/Src/w25q64.c **** 			{
 373:Core/Src/w25q64.c **** 				secremain=4096;	//下一个扇区还是写不完
 374:Core/Src/w25q64.c **** 			}
 375:Core/Src/w25q64.c **** 			else 
 376:Core/Src/w25q64.c **** 			{
 377:Core/Src/w25q64.c **** 				secremain=NumByteToWrite;			//下一个扇区可以写完了
 378:Core/Src/w25q64.c **** 			}
 379:Core/Src/w25q64.c **** 		}	 
 380:Core/Src/w25q64.c **** 	}	 
 381:Core/Src/w25q64.c **** }
 382:Core/Src/w25q64.c **** 
 383:Core/Src/w25q64.c **** /*****************************************************************************
 384:Core/Src/w25q64.c ****  * @name       :void W25Q64_Erase_Chip(void) 
 385:Core/Src/w25q64.c ****  * @date       :2020-05-08 
 386:Core/Src/w25q64.c ****  * @function   :Erase whole chip(Waiting time is too long)
 387:Core/Src/w25q64.c ****  * @parameters :None
 388:Core/Src/w25q64.c ****  * @retvalue   :None
 389:Core/Src/w25q64.c **** ******************************************************************************/	 
 390:Core/Src/w25q64.c **** void W25Q64_Erase_Chip(void)   
 391:Core/Src/w25q64.c **** {                                   
 392:Core/Src/w25q64.c ****   W25Q64_Write_Enable();                  //SET WEL 
 393:Core/Src/w25q64.c ****   W25Q64_Wait_Busy();   
 394:Core/Src/w25q64.c **** 	W25Q64_CS=0;                            //使能器件   
 395:Core/Src/w25q64.c ****   SPI1_ReadWriteByte(W25X_ChipErase);        //发送片擦除命令  
 396:Core/Src/w25q64.c **** 	W25Q64_CS=1;                            //取消片选     	      
 397:Core/Src/w25q64.c **** 	W25Q64_Wait_Busy();   				   //等待芯片擦除结束
 398:Core/Src/w25q64.c **** }
 399:Core/Src/w25q64.c **** 
 400:Core/Src/w25q64.c **** /*****************************************************************************
 401:Core/Src/w25q64.c ****  * @name       :void W25Q64_Erase_Sector(u32 Dst_Addr)  
 402:Core/Src/w25q64.c ****  * @date       :2020-05-08 
 403:Core/Src/w25q64.c ****  * @function   :Erase a sector(Minimum time: 150ms)
 404:Core/Src/w25q64.c ****  * @parameters :Dst_Addr:The sector address(Set according to actual capacity)
 405:Core/Src/w25q64.c ****  * @retvalue   :None
 406:Core/Src/w25q64.c **** ******************************************************************************/	   
 407:Core/Src/w25q64.c **** void W25Q64_Erase_Sector(u32 Dst_Addr)   
 408:Core/Src/w25q64.c **** {    
 409:Core/Src/w25q64.c ****  //	printf("fe:%x\r\n",Dst_Addr);	//监视falsh擦除情况,测试用   
 410:Core/Src/w25q64.c ****  	Dst_Addr*=4096;
 411:Core/Src/w25q64.c ****   W25Q64_Write_Enable();                  //SET WEL 	 
 412:Core/Src/w25q64.c ****   W25Q64_Wait_Busy();   
 413:Core/Src/w25q64.c **** 	W25Q64_CS=0;                            //使能器件   
 414:Core/Src/w25q64.c ****   SPI1_ReadWriteByte(W25X_SectorErase);      //发送扇区擦除指令 
 415:Core/Src/w25q64.c ****   SPI1_ReadWriteByte((u8)((Dst_Addr)>>16));  //发送24bit地址    
 416:Core/Src/w25q64.c ****   SPI1_ReadWriteByte((u8)((Dst_Addr)>>8));   
 417:Core/Src/w25q64.c ****   SPI1_ReadWriteByte((u8)Dst_Addr);  
 418:Core/Src/w25q64.c **** 	W25Q64_CS=1;                            //取消片选     	      
 419:Core/Src/w25q64.c ****   W25Q64_Wait_Busy();   				   //等待擦除完成
 420:Core/Src/w25q64.c **** } 
 421:Core/Src/w25q64.c **** 
 422:Core/Src/w25q64.c **** /*****************************************************************************
 423:Core/Src/w25q64.c ****  * @name       :void W25Q64_Wait_Busy(void)    
 424:Core/Src/w25q64.c ****  * @date       :2020-05-08 
 425:Core/Src/w25q64.c ****  * @function   :Waiting for idle
 426:Core/Src/w25q64.c ****  * @parameters :None
 427:Core/Src/w25q64.c ****  * @retvalue   :None
 428:Core/Src/w25q64.c **** ******************************************************************************/	 
ARM GAS  C:\Users\ADMIN\AppData\Local\Temp\ccLu5Eln.s 			page 17


 429:Core/Src/w25q64.c **** void W25Q64_Wait_Busy(void)   
 430:Core/Src/w25q64.c **** {   
 472              		.loc 1 430 1 is_stmt 1 view -0
 473              		.cfi_startproc
 474              		@ args = 0, pretend = 0, frame = 0
 475              		@ frame_needed = 0, uses_anonymous_args = 0
 476 0000 08B5     		push	{r3, lr}
 477              	.LCFI9:
 478              		.cfi_def_cfa_offset 8
 479              		.cfi_offset 3, -8
 480              		.cfi_offset 14, -4
 481              	.L32:
 431:Core/Src/w25q64.c **** 	while((W25Q64_ReadSR()&0x01)==0x01);   // 等待BUSY位清空
 482              		.loc 1 431 37 discriminator 1 view .LVU102
 483              		.loc 1 431 7 discriminator 1 view .LVU103
 484              		.loc 1 431 9 is_stmt 0 discriminator 1 view .LVU104
 485 0002 FFF7FEFF 		bl	W25Q64_ReadSR
 486              	.LVL36:
 487              		.loc 1 431 7 discriminator 1 view .LVU105
 488 0006 10F0010F 		tst	r0, #1
 489 000a FAD1     		bne	.L32
 432:Core/Src/w25q64.c **** } 
 490              		.loc 1 432 1 view .LVU106
 491 000c 08BD     		pop	{r3, pc}
 492              		.cfi_endproc
 493              	.LFE145:
 495              		.section	.text.W25Q64_Write_Page,"ax",%progbits
 496              		.align	1
 497              		.global	W25Q64_Write_Page
 498              		.syntax unified
 499              		.thumb
 500              		.thumb_func
 501              		.fpu fpv4-sp-d16
 503              	W25Q64_Write_Page:
 504              	.LVL37:
 505              	.LFB140:
 252:Core/Src/w25q64.c ****  	u16 i;  
 506              		.loc 1 252 1 is_stmt 1 view -0
 507              		.cfi_startproc
 508              		@ args = 0, pretend = 0, frame = 0
 509              		@ frame_needed = 0, uses_anonymous_args = 0
 252:Core/Src/w25q64.c ****  	u16 i;  
 510              		.loc 1 252 1 is_stmt 0 view .LVU108
 511 0000 F8B5     		push	{r3, r4, r5, r6, r7, lr}
 512              	.LCFI10:
 513              		.cfi_def_cfa_offset 24
 514              		.cfi_offset 3, -24
 515              		.cfi_offset 4, -20
 516              		.cfi_offset 5, -16
 517              		.cfi_offset 6, -12
 518              		.cfi_offset 7, -8
 519              		.cfi_offset 14, -4
 520 0002 0646     		mov	r6, r0
 521 0004 0F46     		mov	r7, r1
 522 0006 1546     		mov	r5, r2
 253:Core/Src/w25q64.c ****   W25Q64_Write_Enable();                  //SET WEL 
 523              		.loc 1 253 3 is_stmt 1 view .LVU109
ARM GAS  C:\Users\ADMIN\AppData\Local\Temp\ccLu5Eln.s 			page 18


 254:Core/Src/w25q64.c **** 	W25Q64_CS=0;                            //使能器件   
 524              		.loc 1 254 3 view .LVU110
 525 0008 FFF7FEFF 		bl	W25Q64_Write_Enable
 526              	.LVL38:
 255:Core/Src/w25q64.c ****   SPI1_ReadWriteByte(W25X_PageProgram);      //发送写页命令   
 527              		.loc 1 255 2 view .LVU111
 255:Core/Src/w25q64.c ****   SPI1_ReadWriteByte(W25X_PageProgram);      //发送写页命令   
 528              		.loc 1 255 11 is_stmt 0 view .LVU112
 529 000c 0024     		movs	r4, #0
 530 000e 104B     		ldr	r3, .L38
 531 0010 C3F8B842 		str	r4, [r3, #696]
 256:Core/Src/w25q64.c ****   SPI1_ReadWriteByte((u8)((WriteAddr)>>16)); //发送24bit地址    
 532              		.loc 1 256 3 is_stmt 1 view .LVU113
 533 0014 0220     		movs	r0, #2
 534 0016 FFF7FEFF 		bl	SPI1_ReadWriteByte
 535              	.LVL39:
 257:Core/Src/w25q64.c ****   SPI1_ReadWriteByte((u8)((WriteAddr)>>8));   
 536              		.loc 1 257 3 view .LVU114
 537 001a C7F30740 		ubfx	r0, r7, #16, #8
 538 001e FFF7FEFF 		bl	SPI1_ReadWriteByte
 539              	.LVL40:
 258:Core/Src/w25q64.c ****   SPI1_ReadWriteByte((u8)WriteAddr);   
 540              		.loc 1 258 3 view .LVU115
 541 0022 C7F30720 		ubfx	r0, r7, #8, #8
 542 0026 FFF7FEFF 		bl	SPI1_ReadWriteByte
 543              	.LVL41:
 259:Core/Src/w25q64.c ****   for(i=0;i<NumByteToWrite;i++)
 544              		.loc 1 259 3 view .LVU116
 545 002a F8B2     		uxtb	r0, r7
 546 002c FFF7FEFF 		bl	SPI1_ReadWriteByte
 547              	.LVL42:
 260:Core/Src/w25q64.c **** 	{
 548              		.loc 1 260 3 view .LVU117
 260:Core/Src/w25q64.c **** 	{
 549              		.loc 1 260 3 is_stmt 0 view .LVU118
 550 0030 04E0     		b	.L35
 551              	.LVL43:
 552              	.L36:
 262:Core/Src/w25q64.c **** 	}
 553              		.loc 1 262 3 is_stmt 1 discriminator 3 view .LVU119
 554 0032 305D     		ldrb	r0, [r6, r4]	@ zero_extendqisi2
 555 0034 FFF7FEFF 		bl	SPI1_ReadWriteByte
 556              	.LVL44:
 260:Core/Src/w25q64.c **** 	{
 557              		.loc 1 260 28 discriminator 3 view .LVU120
 260:Core/Src/w25q64.c **** 	{
 558              		.loc 1 260 29 is_stmt 0 discriminator 3 view .LVU121
 559 0038 0134     		adds	r4, r4, #1
 560              	.LVL45:
 260:Core/Src/w25q64.c **** 	{
 561              		.loc 1 260 29 discriminator 3 view .LVU122
 562 003a A4B2     		uxth	r4, r4
 563              	.LVL46:
 564              	.L35:
 260:Core/Src/w25q64.c **** 	{
 565              		.loc 1 260 11 is_stmt 1 discriminator 1 view .LVU123
 260:Core/Src/w25q64.c **** 	{
ARM GAS  C:\Users\ADMIN\AppData\Local\Temp\ccLu5Eln.s 			page 19


 566              		.loc 1 260 3 is_stmt 0 discriminator 1 view .LVU124
 567 003c AC42     		cmp	r4, r5
 568 003e F8D3     		bcc	.L36
 264:Core/Src/w25q64.c **** 	W25Q64_Wait_Busy();					   //等待写入结束
 569              		.loc 1 264 2 is_stmt 1 view .LVU125
 264:Core/Src/w25q64.c **** 	W25Q64_Wait_Busy();					   //等待写入结束
 570              		.loc 1 264 11 is_stmt 0 view .LVU126
 571 0040 034B     		ldr	r3, .L38
 572 0042 0122     		movs	r2, #1
 573 0044 C3F8B822 		str	r2, [r3, #696]
 265:Core/Src/w25q64.c **** } 
 574              		.loc 1 265 2 is_stmt 1 view .LVU127
 575 0048 FFF7FEFF 		bl	W25Q64_Wait_Busy
 576              	.LVL47:
 266:Core/Src/w25q64.c **** 
 577              		.loc 1 266 1 is_stmt 0 view .LVU128
 578 004c F8BD     		pop	{r3, r4, r5, r6, r7, pc}
 579              	.LVL48:
 580              	.L39:
 266:Core/Src/w25q64.c **** 
 581              		.loc 1 266 1 view .LVU129
 582 004e 00BF     		.align	2
 583              	.L38:
 584 0050 00804042 		.word	1111523328
 585              		.cfi_endproc
 586              	.LFE140:
 588              		.section	.text.W25Q64_Write_NoCheck,"ax",%progbits
 589              		.align	1
 590              		.global	W25Q64_Write_NoCheck
 591              		.syntax unified
 592              		.thumb
 593              		.thumb_func
 594              		.fpu fpv4-sp-d16
 596              	W25Q64_Write_NoCheck:
 597              	.LVL49:
 598              	.LFB141:
 283:Core/Src/w25q64.c **** 	u16 pageremain;	   
 599              		.loc 1 283 1 is_stmt 1 view -0
 600              		.cfi_startproc
 601              		@ args = 0, pretend = 0, frame = 0
 602              		@ frame_needed = 0, uses_anonymous_args = 0
 283:Core/Src/w25q64.c **** 	u16 pageremain;	   
 603              		.loc 1 283 1 is_stmt 0 view .LVU131
 604 0000 F8B5     		push	{r3, r4, r5, r6, r7, lr}
 605              	.LCFI11:
 606              		.cfi_def_cfa_offset 24
 607              		.cfi_offset 3, -24
 608              		.cfi_offset 4, -20
 609              		.cfi_offset 5, -16
 610              		.cfi_offset 6, -12
 611              		.cfi_offset 7, -8
 612              		.cfi_offset 14, -4
 613 0002 0746     		mov	r7, r0
 614 0004 0E46     		mov	r6, r1
 615 0006 1446     		mov	r4, r2
 284:Core/Src/w25q64.c **** 	pageremain=256-WriteAddr%256; //单页剩余的字节数		 	    
 616              		.loc 1 284 2 is_stmt 1 view .LVU132
ARM GAS  C:\Users\ADMIN\AppData\Local\Temp\ccLu5Eln.s 			page 20


 285:Core/Src/w25q64.c **** 	if(NumByteToWrite<=pageremain)pageremain=NumByteToWrite;//不大于256个字节
 617              		.loc 1 285 2 view .LVU133
 285:Core/Src/w25q64.c **** 	if(NumByteToWrite<=pageremain)pageremain=NumByteToWrite;//不大于256个字节
 618              		.loc 1 285 26 is_stmt 0 view .LVU134
 619 0008 CDB2     		uxtb	r5, r1
 285:Core/Src/w25q64.c **** 	if(NumByteToWrite<=pageremain)pageremain=NumByteToWrite;//不大于256个字节
 620              		.loc 1 285 12 view .LVU135
 621 000a C5F58075 		rsb	r5, r5, #256
 622 000e ADB2     		uxth	r5, r5
 623              	.LVL50:
 286:Core/Src/w25q64.c **** 	while(1)
 624              		.loc 1 286 2 is_stmt 1 view .LVU136
 286:Core/Src/w25q64.c **** 	while(1)
 625              		.loc 1 286 4 is_stmt 0 view .LVU137
 626 0010 9542     		cmp	r5, r2
 627 0012 03D3     		bcc	.L42
 286:Core/Src/w25q64.c **** 	while(1)
 628              		.loc 1 286 42 view .LVU138
 629 0014 1546     		mov	r5, r2
 630              	.LVL51:
 286:Core/Src/w25q64.c **** 	while(1)
 631              		.loc 1 286 42 view .LVU139
 632 0016 01E0     		b	.L42
 633              	.LVL52:
 634              	.L44:
 302:Core/Src/w25q64.c **** 			}
 635              		.loc 1 302 15 view .LVU140
 636 0018 4FF48075 		mov	r5, #256
 637              	.LVL53:
 638              	.L42:
 287:Core/Src/w25q64.c **** 	{	   
 639              		.loc 1 287 2 is_stmt 1 view .LVU141
 289:Core/Src/w25q64.c **** 		if(NumByteToWrite==pageremain)
 640              		.loc 1 289 3 view .LVU142
 641 001c 2A46     		mov	r2, r5
 642 001e 3146     		mov	r1, r6
 643 0020 3846     		mov	r0, r7
 644 0022 FFF7FEFF 		bl	W25Q64_Write_Page
 645              	.LVL54:
 290:Core/Src/w25q64.c **** 		{
 646              		.loc 1 290 3 view .LVU143
 290:Core/Src/w25q64.c **** 		{
 647              		.loc 1 290 5 is_stmt 0 view .LVU144
 648 0026 AC42     		cmp	r4, r5
 649 0028 08D0     		beq	.L40
 296:Core/Src/w25q64.c **** 			WriteAddr+=pageremain;	
 650              		.loc 1 296 4 is_stmt 1 view .LVU145
 296:Core/Src/w25q64.c **** 			WriteAddr+=pageremain;	
 651              		.loc 1 296 11 is_stmt 0 view .LVU146
 652 002a 2F44     		add	r7, r7, r5
 653              	.LVL55:
 297:Core/Src/w25q64.c **** 
 654              		.loc 1 297 4 is_stmt 1 view .LVU147
 297:Core/Src/w25q64.c **** 
 655              		.loc 1 297 13 is_stmt 0 view .LVU148
 656 002c 2E44     		add	r6, r6, r5
 657              	.LVL56:
ARM GAS  C:\Users\ADMIN\AppData\Local\Temp\ccLu5Eln.s 			page 21


 299:Core/Src/w25q64.c **** 			if(NumByteToWrite>256)
 658              		.loc 1 299 4 is_stmt 1 view .LVU149
 299:Core/Src/w25q64.c **** 			if(NumByteToWrite>256)
 659              		.loc 1 299 18 is_stmt 0 view .LVU150
 660 002e 641B     		subs	r4, r4, r5
 661              	.LVL57:
 299:Core/Src/w25q64.c **** 			if(NumByteToWrite>256)
 662              		.loc 1 299 18 view .LVU151
 663 0030 A4B2     		uxth	r4, r4
 664              	.LVL58:
 300:Core/Src/w25q64.c **** 			{
 665              		.loc 1 300 4 is_stmt 1 view .LVU152
 300:Core/Src/w25q64.c **** 			{
 666              		.loc 1 300 6 is_stmt 0 view .LVU153
 667 0032 B4F5807F 		cmp	r4, #256
 668 0036 EFD8     		bhi	.L44
 306:Core/Src/w25q64.c **** 			}
 669              		.loc 1 306 15 view .LVU154
 670 0038 2546     		mov	r5, r4
 671              	.LVL59:
 306:Core/Src/w25q64.c **** 			}
 672              		.loc 1 306 15 view .LVU155
 673 003a EFE7     		b	.L42
 674              	.LVL60:
 675              	.L40:
 310:Core/Src/w25q64.c **** 
 676              		.loc 1 310 1 view .LVU156
 677 003c F8BD     		pop	{r3, r4, r5, r6, r7, pc}
 310:Core/Src/w25q64.c **** 
 678              		.loc 1 310 1 view .LVU157
 679              		.cfi_endproc
 680              	.LFE141:
 682              		.section	.text.W25Q64_Erase_Chip,"ax",%progbits
 683              		.align	1
 684              		.global	W25Q64_Erase_Chip
 685              		.syntax unified
 686              		.thumb
 687              		.thumb_func
 688              		.fpu fpv4-sp-d16
 690              	W25Q64_Erase_Chip:
 691              	.LFB143:
 391:Core/Src/w25q64.c ****   W25Q64_Write_Enable();                  //SET WEL 
 692              		.loc 1 391 1 is_stmt 1 view -0
 693              		.cfi_startproc
 694              		@ args = 0, pretend = 0, frame = 0
 695              		@ frame_needed = 0, uses_anonymous_args = 0
 696 0000 10B5     		push	{r4, lr}
 697              	.LCFI12:
 698              		.cfi_def_cfa_offset 8
 699              		.cfi_offset 4, -8
 700              		.cfi_offset 14, -4
 392:Core/Src/w25q64.c ****   W25Q64_Wait_Busy();   
 701              		.loc 1 392 3 view .LVU159
 702 0002 FFF7FEFF 		bl	W25Q64_Write_Enable
 703              	.LVL61:
 393:Core/Src/w25q64.c **** 	W25Q64_CS=0;                            //使能器件   
 704              		.loc 1 393 3 view .LVU160
ARM GAS  C:\Users\ADMIN\AppData\Local\Temp\ccLu5Eln.s 			page 22


 705 0006 FFF7FEFF 		bl	W25Q64_Wait_Busy
 706              	.LVL62:
 394:Core/Src/w25q64.c ****   SPI1_ReadWriteByte(W25X_ChipErase);        //发送片擦除命令  
 707              		.loc 1 394 2 view .LVU161
 394:Core/Src/w25q64.c ****   SPI1_ReadWriteByte(W25X_ChipErase);        //发送片擦除命令  
 708              		.loc 1 394 11 is_stmt 0 view .LVU162
 709 000a 064C     		ldr	r4, .L50
 710 000c 0023     		movs	r3, #0
 711 000e C4F8B832 		str	r3, [r4, #696]
 395:Core/Src/w25q64.c **** 	W25Q64_CS=1;                            //取消片选     	      
 712              		.loc 1 395 3 is_stmt 1 view .LVU163
 713 0012 C720     		movs	r0, #199
 714 0014 FFF7FEFF 		bl	SPI1_ReadWriteByte
 715              	.LVL63:
 396:Core/Src/w25q64.c **** 	W25Q64_Wait_Busy();   				   //等待芯片擦除结束
 716              		.loc 1 396 2 view .LVU164
 396:Core/Src/w25q64.c **** 	W25Q64_Wait_Busy();   				   //等待芯片擦除结束
 717              		.loc 1 396 11 is_stmt 0 view .LVU165
 718 0018 0123     		movs	r3, #1
 719 001a C4F8B832 		str	r3, [r4, #696]
 397:Core/Src/w25q64.c **** }
 720              		.loc 1 397 2 is_stmt 1 view .LVU166
 721 001e FFF7FEFF 		bl	W25Q64_Wait_Busy
 722              	.LVL64:
 398:Core/Src/w25q64.c **** 
 723              		.loc 1 398 1 is_stmt 0 view .LVU167
 724 0022 10BD     		pop	{r4, pc}
 725              	.L51:
 726              		.align	2
 727              	.L50:
 728 0024 00804042 		.word	1111523328
 729              		.cfi_endproc
 730              	.LFE143:
 732              		.section	.text.W25Q64_Erase_Sector,"ax",%progbits
 733              		.align	1
 734              		.global	W25Q64_Erase_Sector
 735              		.syntax unified
 736              		.thumb
 737              		.thumb_func
 738              		.fpu fpv4-sp-d16
 740              	W25Q64_Erase_Sector:
 741              	.LVL65:
 742              	.LFB144:
 408:Core/Src/w25q64.c ****  //	printf("fe:%x\r\n",Dst_Addr);	//监视falsh擦除情况,测试用   
 743              		.loc 1 408 1 is_stmt 1 view -0
 744              		.cfi_startproc
 745              		@ args = 0, pretend = 0, frame = 0
 746              		@ frame_needed = 0, uses_anonymous_args = 0
 408:Core/Src/w25q64.c ****  //	printf("fe:%x\r\n",Dst_Addr);	//监视falsh擦除情况,测试用   
 747              		.loc 1 408 1 is_stmt 0 view .LVU169
 748 0000 38B5     		push	{r3, r4, r5, lr}
 749              	.LCFI13:
 750              		.cfi_def_cfa_offset 16
 751              		.cfi_offset 3, -16
 752              		.cfi_offset 4, -12
 753              		.cfi_offset 5, -8
 754              		.cfi_offset 14, -4
ARM GAS  C:\Users\ADMIN\AppData\Local\Temp\ccLu5Eln.s 			page 23


 410:Core/Src/w25q64.c ****   W25Q64_Write_Enable();                  //SET WEL 	 
 755              		.loc 1 410 3 is_stmt 1 view .LVU170
 410:Core/Src/w25q64.c ****   W25Q64_Write_Enable();                  //SET WEL 	 
 756              		.loc 1 410 11 is_stmt 0 view .LVU171
 757 0002 0403     		lsls	r4, r0, #12
 758              	.LVL66:
 411:Core/Src/w25q64.c ****   W25Q64_Wait_Busy();   
 759              		.loc 1 411 3 is_stmt 1 view .LVU172
 760 0004 FFF7FEFF 		bl	W25Q64_Write_Enable
 761              	.LVL67:
 412:Core/Src/w25q64.c **** 	W25Q64_CS=0;                            //使能器件   
 762              		.loc 1 412 3 view .LVU173
 763 0008 FFF7FEFF 		bl	W25Q64_Wait_Busy
 764              	.LVL68:
 413:Core/Src/w25q64.c ****   SPI1_ReadWriteByte(W25X_SectorErase);      //发送扇区擦除指令 
 765              		.loc 1 413 2 view .LVU174
 413:Core/Src/w25q64.c ****   SPI1_ReadWriteByte(W25X_SectorErase);      //发送扇区擦除指令 
 766              		.loc 1 413 11 is_stmt 0 view .LVU175
 767 000c 0C4D     		ldr	r5, .L54
 768 000e 0023     		movs	r3, #0
 769 0010 C5F8B832 		str	r3, [r5, #696]
 414:Core/Src/w25q64.c ****   SPI1_ReadWriteByte((u8)((Dst_Addr)>>16));  //发送24bit地址    
 770              		.loc 1 414 3 is_stmt 1 view .LVU176
 771 0014 2020     		movs	r0, #32
 772 0016 FFF7FEFF 		bl	SPI1_ReadWriteByte
 773              	.LVL69:
 415:Core/Src/w25q64.c ****   SPI1_ReadWriteByte((u8)((Dst_Addr)>>8));   
 774              		.loc 1 415 3 view .LVU177
 775 001a C4F30740 		ubfx	r0, r4, #16, #8
 776 001e FFF7FEFF 		bl	SPI1_ReadWriteByte
 777              	.LVL70:
 416:Core/Src/w25q64.c ****   SPI1_ReadWriteByte((u8)Dst_Addr);  
 778              		.loc 1 416 3 view .LVU178
 416:Core/Src/w25q64.c ****   SPI1_ReadWriteByte((u8)Dst_Addr);  
 779              		.loc 1 416 37 is_stmt 0 view .LVU179
 780 0022 200A     		lsrs	r0, r4, #8
 416:Core/Src/w25q64.c ****   SPI1_ReadWriteByte((u8)Dst_Addr);  
 781              		.loc 1 416 3 view .LVU180
 782 0024 00F0F000 		and	r0, r0, #240
 783 0028 FFF7FEFF 		bl	SPI1_ReadWriteByte
 784              	.LVL71:
 417:Core/Src/w25q64.c **** 	W25Q64_CS=1;                            //取消片选     	      
 785              		.loc 1 417 3 is_stmt 1 view .LVU181
 786 002c 0020     		movs	r0, #0
 787 002e FFF7FEFF 		bl	SPI1_ReadWriteByte
 788              	.LVL72:
 418:Core/Src/w25q64.c ****   W25Q64_Wait_Busy();   				   //等待擦除完成
 789              		.loc 1 418 2 view .LVU182
 418:Core/Src/w25q64.c ****   W25Q64_Wait_Busy();   				   //等待擦除完成
 790              		.loc 1 418 11 is_stmt 0 view .LVU183
 791 0032 0123     		movs	r3, #1
 792 0034 C5F8B832 		str	r3, [r5, #696]
 419:Core/Src/w25q64.c **** } 
 793              		.loc 1 419 3 is_stmt 1 view .LVU184
 794 0038 FFF7FEFF 		bl	W25Q64_Wait_Busy
 795              	.LVL73:
 420:Core/Src/w25q64.c **** 
ARM GAS  C:\Users\ADMIN\AppData\Local\Temp\ccLu5Eln.s 			page 24


 796              		.loc 1 420 1 is_stmt 0 view .LVU185
 797 003c 38BD     		pop	{r3, r4, r5, pc}
 798              	.LVL74:
 799              	.L55:
 420:Core/Src/w25q64.c **** 
 800              		.loc 1 420 1 view .LVU186
 801 003e 00BF     		.align	2
 802              	.L54:
 803 0040 00804042 		.word	1111523328
 804              		.cfi_endproc
 805              	.LFE144:
 807              		.section	.text.W25Q64_Write,"ax",%progbits
 808              		.align	1
 809              		.global	W25Q64_Write
 810              		.syntax unified
 811              		.thumb
 812              		.thumb_func
 813              		.fpu fpv4-sp-d16
 815              	W25Q64_Write:
 816              	.LVL75:
 817              	.LFB142:
 325:Core/Src/w25q64.c **** 	u32 secpos;
 818              		.loc 1 325 1 is_stmt 1 view -0
 819              		.cfi_startproc
 820              		@ args = 0, pretend = 0, frame = 0
 821              		@ frame_needed = 0, uses_anonymous_args = 0
 325:Core/Src/w25q64.c **** 	u32 secpos;
 822              		.loc 1 325 1 is_stmt 0 view .LVU188
 823 0000 2DE9F047 		push	{r4, r5, r6, r7, r8, r9, r10, lr}
 824              	.LCFI14:
 825              		.cfi_def_cfa_offset 32
 826              		.cfi_offset 4, -32
 827              		.cfi_offset 5, -28
 828              		.cfi_offset 6, -24
 829              		.cfi_offset 7, -20
 830              		.cfi_offset 8, -16
 831              		.cfi_offset 9, -12
 832              		.cfi_offset 10, -8
 833              		.cfi_offset 14, -4
 834 0004 0646     		mov	r6, r0
 835 0006 8946     		mov	r9, r1
 836 0008 1746     		mov	r7, r2
 326:Core/Src/w25q64.c **** 	u16 secoff;
 837              		.loc 1 326 2 is_stmt 1 view .LVU189
 327:Core/Src/w25q64.c **** 	u16 secremain;	   
 838              		.loc 1 327 2 view .LVU190
 328:Core/Src/w25q64.c ****  	u16 i;    
 839              		.loc 1 328 2 view .LVU191
 329:Core/Src/w25q64.c **** 	u8 * W25QXX_BUF;	  
 840              		.loc 1 329 3 view .LVU192
 330:Core/Src/w25q64.c ****   W25QXX_BUF=W25Q64_BUFFER;	     
 841              		.loc 1 330 2 view .LVU193
 331:Core/Src/w25q64.c ****  	secpos=WriteAddr/4096;//扇区地址  
 842              		.loc 1 331 3 view .LVU194
 843              	.LVL76:
 332:Core/Src/w25q64.c **** 	secoff=WriteAddr%4096;//在扇区内的偏移
 844              		.loc 1 332 3 view .LVU195
ARM GAS  C:\Users\ADMIN\AppData\Local\Temp\ccLu5Eln.s 			page 25


 332:Core/Src/w25q64.c **** 	secoff=WriteAddr%4096;//在扇区内的偏移
 845              		.loc 1 332 9 is_stmt 0 view .LVU196
 846 000a 4FEA1138 		lsr	r8, r1, #12
 847              	.LVL77:
 333:Core/Src/w25q64.c **** 	secremain=4096-secoff;//扇区剩余空间大小   
 848              		.loc 1 333 2 is_stmt 1 view .LVU197
 333:Core/Src/w25q64.c **** 	secremain=4096-secoff;//扇区剩余空间大小   
 849              		.loc 1 333 8 is_stmt 0 view .LVU198
 850 000e C1F30B05 		ubfx	r5, r1, #0, #12
 851              	.LVL78:
 334:Core/Src/w25q64.c ****  	//printf("ad:%X,nb:%X\r\n",WriteAddr,NumByteToWrite);//测试用
 852              		.loc 1 334 2 is_stmt 1 view .LVU199
 334:Core/Src/w25q64.c ****  	//printf("ad:%X,nb:%X\r\n",WriteAddr,NumByteToWrite);//测试用
 853              		.loc 1 334 11 is_stmt 0 view .LVU200
 854 0012 C5F58054 		rsb	r4, r5, #4096
 855 0016 A4B2     		uxth	r4, r4
 856              	.LVL79:
 336:Core/Src/w25q64.c **** 	while(1) 
 857              		.loc 1 336 3 is_stmt 1 view .LVU201
 336:Core/Src/w25q64.c **** 	while(1) 
 858              		.loc 1 336 5 is_stmt 0 view .LVU202
 859 0018 9442     		cmp	r4, r2
 860 001a 04D3     		bcc	.L58
 336:Core/Src/w25q64.c **** 	while(1) 
 861              		.loc 1 336 41 view .LVU203
 862 001c 1446     		mov	r4, r2
 863              	.LVL80:
 336:Core/Src/w25q64.c **** 	while(1) 
 864              		.loc 1 336 41 view .LVU204
 865 001e 02E0     		b	.L58
 866              	.LVL81:
 867              	.L67:
 373:Core/Src/w25q64.c **** 			}
 868              		.loc 1 373 14 view .LVU205
 869 0020 4FF48054 		mov	r4, #4096
 870              	.LVL82:
 871              	.L68:
 373:Core/Src/w25q64.c **** 			}
 872              		.loc 1 373 14 view .LVU206
 873 0024 0025     		movs	r5, #0
 874              	.LVL83:
 875              	.L58:
 337:Core/Src/w25q64.c **** 	{	
 876              		.loc 1 337 2 is_stmt 1 view .LVU207
 339:Core/Src/w25q64.c **** 		for(i=0;i<secremain;i++)//校验数据
 877              		.loc 1 339 3 view .LVU208
 878 0026 4FEA083A 		lsl	r10, r8, #12
 879 002a 4FF48052 		mov	r2, #4096
 880 002e 5146     		mov	r1, r10
 881 0030 1B48     		ldr	r0, .L72
 882 0032 FFF7FEFF 		bl	W25Q64_Read
 883              	.LVL84:
 340:Core/Src/w25q64.c **** 		{
 884              		.loc 1 340 3 view .LVU209
 340:Core/Src/w25q64.c **** 		{
 885              		.loc 1 340 8 is_stmt 0 view .LVU210
 886 0036 0023     		movs	r3, #0
ARM GAS  C:\Users\ADMIN\AppData\Local\Temp\ccLu5Eln.s 			page 26


 887              	.LVL85:
 888              	.L59:
 340:Core/Src/w25q64.c **** 		{
 889              		.loc 1 340 11 is_stmt 1 discriminator 1 view .LVU211
 340:Core/Src/w25q64.c **** 		{
 890              		.loc 1 340 3 is_stmt 0 discriminator 1 view .LVU212
 891 0038 9C42     		cmp	r4, r3
 892 003a 07D9     		bls	.L60
 342:Core/Src/w25q64.c **** 			{
 893              		.loc 1 342 4 is_stmt 1 view .LVU213
 342:Core/Src/w25q64.c **** 			{
 894              		.loc 1 342 24 is_stmt 0 view .LVU214
 895 003c EA18     		adds	r2, r5, r3
 342:Core/Src/w25q64.c **** 			{
 896              		.loc 1 342 17 view .LVU215
 897 003e 1849     		ldr	r1, .L72
 898 0040 525C     		ldrb	r2, [r2, r1]	@ zero_extendqisi2
 342:Core/Src/w25q64.c **** 			{
 899              		.loc 1 342 6 view .LVU216
 900 0042 FF2A     		cmp	r2, #255
 901 0044 02D1     		bne	.L60
 340:Core/Src/w25q64.c **** 		{
 902              		.loc 1 340 23 is_stmt 1 discriminator 2 view .LVU217
 340:Core/Src/w25q64.c **** 		{
 903              		.loc 1 340 24 is_stmt 0 discriminator 2 view .LVU218
 904 0046 0133     		adds	r3, r3, #1
 905              	.LVL86:
 340:Core/Src/w25q64.c **** 		{
 906              		.loc 1 340 24 discriminator 2 view .LVU219
 907 0048 9BB2     		uxth	r3, r3
 908              	.LVL87:
 340:Core/Src/w25q64.c **** 		{
 909              		.loc 1 340 24 discriminator 2 view .LVU220
 910 004a F5E7     		b	.L59
 911              	.L60:
 347:Core/Src/w25q64.c **** 		{
 912              		.loc 1 347 3 is_stmt 1 view .LVU221
 347:Core/Src/w25q64.c **** 		{
 913              		.loc 1 347 5 is_stmt 0 view .LVU222
 914 004c 9C42     		cmp	r4, r3
 915 004e 11D8     		bhi	.L71
 358:Core/Src/w25q64.c **** 		}
 916              		.loc 1 358 4 is_stmt 1 view .LVU223
 917 0050 2246     		mov	r2, r4
 918 0052 4946     		mov	r1, r9
 919 0054 3046     		mov	r0, r6
 920 0056 FFF7FEFF 		bl	W25Q64_Write_NoCheck
 921              	.LVL88:
 922              	.L65:
 360:Core/Src/w25q64.c **** 		{
 923              		.loc 1 360 3 view .LVU224
 360:Core/Src/w25q64.c **** 		{
 924              		.loc 1 360 5 is_stmt 0 view .LVU225
 925 005a A742     		cmp	r7, r4
 926 005c 1ED0     		beq	.L56
 366:Core/Src/w25q64.c **** 			secoff=0;//偏移位置为0 	 
 927              		.loc 1 366 4 is_stmt 1 view .LVU226
ARM GAS  C:\Users\ADMIN\AppData\Local\Temp\ccLu5Eln.s 			page 27


 366:Core/Src/w25q64.c **** 			secoff=0;//偏移位置为0 	 
 928              		.loc 1 366 10 is_stmt 0 view .LVU227
 929 005e 08F10108 		add	r8, r8, #1
 930              	.LVL89:
 367:Core/Src/w25q64.c **** 		  pBuffer+=secremain;  //指针偏移
 931              		.loc 1 367 4 is_stmt 1 view .LVU228
 368:Core/Src/w25q64.c **** 			WriteAddr+=secremain;//写地址偏移	   
 932              		.loc 1 368 5 view .LVU229
 368:Core/Src/w25q64.c **** 			WriteAddr+=secremain;//写地址偏移	   
 933              		.loc 1 368 12 is_stmt 0 view .LVU230
 934 0062 2644     		add	r6, r6, r4
 935              	.LVL90:
 369:Core/Src/w25q64.c **** 		  NumByteToWrite-=secremain;				//字节数递减
 936              		.loc 1 369 4 is_stmt 1 view .LVU231
 369:Core/Src/w25q64.c **** 		  NumByteToWrite-=secremain;				//字节数递减
 937              		.loc 1 369 13 is_stmt 0 view .LVU232
 938 0064 A144     		add	r9, r9, r4
 939              	.LVL91:
 370:Core/Src/w25q64.c **** 			if(NumByteToWrite>4096)
 940              		.loc 1 370 5 is_stmt 1 view .LVU233
 370:Core/Src/w25q64.c **** 			if(NumByteToWrite>4096)
 941              		.loc 1 370 19 is_stmt 0 view .LVU234
 942 0066 3F1B     		subs	r7, r7, r4
 943              	.LVL92:
 370:Core/Src/w25q64.c **** 			if(NumByteToWrite>4096)
 944              		.loc 1 370 19 view .LVU235
 945 0068 BFB2     		uxth	r7, r7
 946              	.LVL93:
 371:Core/Src/w25q64.c **** 			{
 947              		.loc 1 371 4 is_stmt 1 view .LVU236
 371:Core/Src/w25q64.c **** 			{
 948              		.loc 1 371 6 is_stmt 0 view .LVU237
 949 006a B7F5805F 		cmp	r7, #4096
 950 006e D7D8     		bhi	.L67
 377:Core/Src/w25q64.c **** 			}
 951              		.loc 1 377 14 view .LVU238
 952 0070 3C46     		mov	r4, r7
 953              	.LVL94:
 377:Core/Src/w25q64.c **** 			}
 954              		.loc 1 377 14 view .LVU239
 955 0072 D7E7     		b	.L68
 956              	.LVL95:
 957              	.L71:
 349:Core/Src/w25q64.c **** 			for(i=0;i<secremain;i++)	   //复制
 958              		.loc 1 349 4 is_stmt 1 view .LVU240
 959 0074 4046     		mov	r0, r8
 960 0076 FFF7FEFF 		bl	W25Q64_Erase_Sector
 961              	.LVL96:
 350:Core/Src/w25q64.c **** 			{
 962              		.loc 1 350 4 view .LVU241
 350:Core/Src/w25q64.c **** 			{
 963              		.loc 1 350 9 is_stmt 0 view .LVU242
 964 007a 0023     		movs	r3, #0
 350:Core/Src/w25q64.c **** 			{
 965              		.loc 1 350 4 view .LVU243
 966 007c 05E0     		b	.L63
 967              	.LVL97:
ARM GAS  C:\Users\ADMIN\AppData\Local\Temp\ccLu5Eln.s 			page 28


 968              	.L64:
 352:Core/Src/w25q64.c **** 			}
 969              		.loc 1 352 5 is_stmt 1 discriminator 3 view .LVU244
 352:Core/Src/w25q64.c **** 			}
 970              		.loc 1 352 17 is_stmt 0 discriminator 3 view .LVU245
 971 007e 5919     		adds	r1, r3, r5
 352:Core/Src/w25q64.c **** 			}
 972              		.loc 1 352 33 discriminator 3 view .LVU246
 973 0080 F05C     		ldrb	r0, [r6, r3]	@ zero_extendqisi2
 352:Core/Src/w25q64.c **** 			}
 974              		.loc 1 352 25 discriminator 3 view .LVU247
 975 0082 074A     		ldr	r2, .L72
 976 0084 8854     		strb	r0, [r1, r2]
 350:Core/Src/w25q64.c **** 			{
 977              		.loc 1 350 24 is_stmt 1 discriminator 3 view .LVU248
 350:Core/Src/w25q64.c **** 			{
 978              		.loc 1 350 25 is_stmt 0 discriminator 3 view .LVU249
 979 0086 0133     		adds	r3, r3, #1
 980              	.LVL98:
 350:Core/Src/w25q64.c **** 			{
 981              		.loc 1 350 25 discriminator 3 view .LVU250
 982 0088 9BB2     		uxth	r3, r3
 983              	.LVL99:
 984              	.L63:
 350:Core/Src/w25q64.c **** 			{
 985              		.loc 1 350 12 is_stmt 1 discriminator 1 view .LVU251
 350:Core/Src/w25q64.c **** 			{
 986              		.loc 1 350 4 is_stmt 0 discriminator 1 view .LVU252
 987 008a 9C42     		cmp	r4, r3
 988 008c F7D8     		bhi	.L64
 354:Core/Src/w25q64.c **** 		}
 989              		.loc 1 354 4 is_stmt 1 view .LVU253
 990 008e 4FF48052 		mov	r2, #4096
 991 0092 5146     		mov	r1, r10
 992 0094 0248     		ldr	r0, .L72
 993 0096 FFF7FEFF 		bl	W25Q64_Write_NoCheck
 994              	.LVL100:
 354:Core/Src/w25q64.c **** 		}
 995              		.loc 1 354 4 is_stmt 0 view .LVU254
 996 009a DEE7     		b	.L65
 997              	.L56:
 381:Core/Src/w25q64.c **** 
 998              		.loc 1 381 1 view .LVU255
 999 009c BDE8F087 		pop	{r4, r5, r6, r7, r8, r9, r10, pc}
 1000              	.LVL101:
 1001              	.L73:
 381:Core/Src/w25q64.c **** 
 1002              		.loc 1 381 1 view .LVU256
 1003              		.align	2
 1004              	.L72:
 1005 00a0 00000000 		.word	W25Q64_BUFFER
 1006              		.cfi_endproc
 1007              	.LFE142:
 1009              		.section	.text.W25Q64_PowerDown,"ax",%progbits
 1010              		.align	1
 1011              		.global	W25Q64_PowerDown
 1012              		.syntax unified
ARM GAS  C:\Users\ADMIN\AppData\Local\Temp\ccLu5Eln.s 			page 29


 1013              		.thumb
 1014              		.thumb_func
 1015              		.fpu fpv4-sp-d16
 1017              	W25Q64_PowerDown:
 1018              	.LFB146:
 433:Core/Src/w25q64.c **** 
 434:Core/Src/w25q64.c **** /*****************************************************************************
 435:Core/Src/w25q64.c ****  * @name       :void W25Q64_PowerDown(void)     
 436:Core/Src/w25q64.c ****  * @date       :2020-05-08 
 437:Core/Src/w25q64.c ****  * @function   :Enter power down mode
 438:Core/Src/w25q64.c ****  * @parameters :None
 439:Core/Src/w25q64.c ****  * @retvalue   :None
 440:Core/Src/w25q64.c **** ******************************************************************************/ 
 441:Core/Src/w25q64.c **** void W25Q64_PowerDown(void)   
 442:Core/Src/w25q64.c **** { 
 1019              		.loc 1 442 1 is_stmt 1 view -0
 1020              		.cfi_startproc
 1021              		@ args = 0, pretend = 0, frame = 0
 1022              		@ frame_needed = 0, uses_anonymous_args = 0
 1023 0000 10B5     		push	{r4, lr}
 1024              	.LCFI15:
 1025              		.cfi_def_cfa_offset 8
 1026              		.cfi_offset 4, -8
 1027              		.cfi_offset 14, -4
 443:Core/Src/w25q64.c ****   W25Q64_CS=0;                            //使能器件   
 1028              		.loc 1 443 3 view .LVU258
 1029              		.loc 1 443 12 is_stmt 0 view .LVU259
 1030 0002 074C     		ldr	r4, .L76
 1031 0004 0023     		movs	r3, #0
 1032 0006 C4F8B832 		str	r3, [r4, #696]
 444:Core/Src/w25q64.c ****   SPI1_ReadWriteByte(W25X_PowerDown);        //发送掉电命令  
 1033              		.loc 1 444 3 is_stmt 1 view .LVU260
 1034 000a B920     		movs	r0, #185
 1035 000c FFF7FEFF 		bl	SPI1_ReadWriteByte
 1036              	.LVL102:
 445:Core/Src/w25q64.c **** 	W25Q64_CS=1;                            //取消片选     	      
 1037              		.loc 1 445 2 view .LVU261
 1038              		.loc 1 445 11 is_stmt 0 view .LVU262
 1039 0010 0123     		movs	r3, #1
 1040 0012 C4F8B832 		str	r3, [r4, #696]
 446:Core/Src/w25q64.c ****   delay_us(3);                               //等待TPD  
 1041              		.loc 1 446 3 is_stmt 1 view .LVU263
 1042 0016 0320     		movs	r0, #3
 1043 0018 FFF7FEFF 		bl	delay_us
 1044              	.LVL103:
 447:Core/Src/w25q64.c **** } 
 1045              		.loc 1 447 1 is_stmt 0 view .LVU264
 1046 001c 10BD     		pop	{r4, pc}
 1047              	.L77:
 1048 001e 00BF     		.align	2
 1049              	.L76:
 1050 0020 00804042 		.word	1111523328
 1051              		.cfi_endproc
 1052              	.LFE146:
 1054              		.section	.text.W25Q64_WAKEUP,"ax",%progbits
 1055              		.align	1
 1056              		.global	W25Q64_WAKEUP
ARM GAS  C:\Users\ADMIN\AppData\Local\Temp\ccLu5Eln.s 			page 30


 1057              		.syntax unified
 1058              		.thumb
 1059              		.thumb_func
 1060              		.fpu fpv4-sp-d16
 1062              	W25Q64_WAKEUP:
 1063              	.LFB147:
 448:Core/Src/w25q64.c **** 
 449:Core/Src/w25q64.c **** /*****************************************************************************
 450:Core/Src/w25q64.c ****  * @name       :void W25Q64_WAKEUP(void)       
 451:Core/Src/w25q64.c ****  * @date       :2020-05-08 
 452:Core/Src/w25q64.c ****  * @function   :Enter wake up mode
 453:Core/Src/w25q64.c ****  * @parameters :None
 454:Core/Src/w25q64.c ****  * @retvalue   :None
 455:Core/Src/w25q64.c **** ******************************************************************************/  
 456:Core/Src/w25q64.c **** void W25Q64_WAKEUP(void)   
 457:Core/Src/w25q64.c **** {  
 1064              		.loc 1 457 1 is_stmt 1 view -0
 1065              		.cfi_startproc
 1066              		@ args = 0, pretend = 0, frame = 0
 1067              		@ frame_needed = 0, uses_anonymous_args = 0
 1068 0000 10B5     		push	{r4, lr}
 1069              	.LCFI16:
 1070              		.cfi_def_cfa_offset 8
 1071              		.cfi_offset 4, -8
 1072              		.cfi_offset 14, -4
 458:Core/Src/w25q64.c **** 	W25Q64_CS=0;                            //使能器件   
 1073              		.loc 1 458 2 view .LVU266
 1074              		.loc 1 458 11 is_stmt 0 view .LVU267
 1075 0002 074C     		ldr	r4, .L80
 1076 0004 0023     		movs	r3, #0
 1077 0006 C4F8B832 		str	r3, [r4, #696]
 459:Core/Src/w25q64.c ****   SPI1_ReadWriteByte(W25X_ReleasePowerDown);   //  send W25X_PowerDown command 0xAB    
 1078              		.loc 1 459 3 is_stmt 1 view .LVU268
 1079 000a AB20     		movs	r0, #171
 1080 000c FFF7FEFF 		bl	SPI1_ReadWriteByte
 1081              	.LVL104:
 460:Core/Src/w25q64.c **** 	W25Q64_CS=1;                            //取消片选     	      
 1082              		.loc 1 460 2 view .LVU269
 1083              		.loc 1 460 11 is_stmt 0 view .LVU270
 1084 0010 0123     		movs	r3, #1
 1085 0012 C4F8B832 		str	r3, [r4, #696]
 461:Core/Src/w25q64.c ****   delay_us(3);                               //等待TRES1
 1086              		.loc 1 461 3 is_stmt 1 view .LVU271
 1087 0016 0320     		movs	r0, #3
 1088 0018 FFF7FEFF 		bl	delay_us
 1089              	.LVL105:
 462:Core/Src/w25q64.c **** }   
 1090              		.loc 1 462 1 is_stmt 0 view .LVU272
 1091 001c 10BD     		pop	{r4, pc}
 1092              	.L81:
 1093 001e 00BF     		.align	2
 1094              	.L80:
 1095 0020 00804042 		.word	1111523328
 1096              		.cfi_endproc
 1097              	.LFE147:
 1099              		.global	W25Q64_BUFFER
 1100              		.global	W25QXX_TYPE
ARM GAS  C:\Users\ADMIN\AppData\Local\Temp\ccLu5Eln.s 			page 31


 1101              		.section	.bss.W25Q64_BUFFER,"aw",%nobits
 1102              		.align	2
 1105              	W25Q64_BUFFER:
 1106 0000 00000000 		.space	4096
 1106      00000000 
 1106      00000000 
 1106      00000000 
 1106      00000000 
 1107              		.section	.data.W25QXX_TYPE,"aw"
 1108              		.align	1
 1109              		.set	.LANCHOR0,. + 0
 1112              	W25QXX_TYPE:
 1113 0000 16EF     		.short	-4330
 1114              		.text
 1115              	.Letext0:
 1116              		.file 2 "d:\\install\\gnu arm embedded toolchain\\10 2020-q4-major\\arm-none-eabi\\include\\machin
 1117              		.file 3 "d:\\install\\gnu arm embedded toolchain\\10 2020-q4-major\\arm-none-eabi\\include\\sys\\_
 1118              		.file 4 "Core/Inc/stm32f4xx.h"
 1119              		.file 5 "Drivers/STM32F4xx_FWLIB/inc/stm32f4xx_gpio.h"
 1120              		.file 6 "Core/Inc/w25q64.h"
 1121              		.file 7 "Core/Inc/spi.h"
 1122              		.file 8 "Core/Inc/delay.h"
 1123              		.file 9 "Drivers/STM32F4xx_FWLIB/inc/stm32f4xx_rcc.h"
ARM GAS  C:\Users\ADMIN\AppData\Local\Temp\ccLu5Eln.s 			page 32


DEFINED SYMBOLS
                            *ABS*:00000000 w25q64.c
C:\Users\ADMIN\AppData\Local\Temp\ccLu5Eln.s:18     .text.W25Q64_ReadSR:00000000 $t
C:\Users\ADMIN\AppData\Local\Temp\ccLu5Eln.s:26     .text.W25Q64_ReadSR:00000000 W25Q64_ReadSR
C:\Users\ADMIN\AppData\Local\Temp\ccLu5Eln.s:64     .text.W25Q64_ReadSR:00000020 $d
C:\Users\ADMIN\AppData\Local\Temp\ccLu5Eln.s:69     .text.W25Q64_Write_SR:00000000 $t
C:\Users\ADMIN\AppData\Local\Temp\ccLu5Eln.s:76     .text.W25Q64_Write_SR:00000000 W25Q64_Write_SR
C:\Users\ADMIN\AppData\Local\Temp\ccLu5Eln.s:116    .text.W25Q64_Write_SR:00000020 $d
C:\Users\ADMIN\AppData\Local\Temp\ccLu5Eln.s:121    .text.W25Q64_Write_Enable:00000000 $t
C:\Users\ADMIN\AppData\Local\Temp\ccLu5Eln.s:128    .text.W25Q64_Write_Enable:00000000 W25Q64_Write_Enable
C:\Users\ADMIN\AppData\Local\Temp\ccLu5Eln.s:157    .text.W25Q64_Write_Enable:00000018 $d
C:\Users\ADMIN\AppData\Local\Temp\ccLu5Eln.s:162    .text.W25Q64_Write_Disable:00000000 $t
C:\Users\ADMIN\AppData\Local\Temp\ccLu5Eln.s:169    .text.W25Q64_Write_Disable:00000000 W25Q64_Write_Disable
C:\Users\ADMIN\AppData\Local\Temp\ccLu5Eln.s:198    .text.W25Q64_Write_Disable:00000018 $d
C:\Users\ADMIN\AppData\Local\Temp\ccLu5Eln.s:203    .text.W25QXX_ReadID:00000000 $t
C:\Users\ADMIN\AppData\Local\Temp\ccLu5Eln.s:210    .text.W25QXX_ReadID:00000000 W25QXX_ReadID
C:\Users\ADMIN\AppData\Local\Temp\ccLu5Eln.s:276    .text.W25QXX_ReadID:00000040 $d
C:\Users\ADMIN\AppData\Local\Temp\ccLu5Eln.s:281    .text.W25Q64_Init:00000000 $t
C:\Users\ADMIN\AppData\Local\Temp\ccLu5Eln.s:288    .text.W25Q64_Init:00000000 W25Q64_Init
C:\Users\ADMIN\AppData\Local\Temp\ccLu5Eln.s:364    .text.W25Q64_Init:00000054 $d
C:\Users\ADMIN\AppData\Local\Temp\ccLu5Eln.s:371    .text.W25Q64_Read:00000000 $t
C:\Users\ADMIN\AppData\Local\Temp\ccLu5Eln.s:378    .text.W25Q64_Read:00000000 W25Q64_Read
C:\Users\ADMIN\AppData\Local\Temp\ccLu5Eln.s:458    .text.W25Q64_Read:00000048 $d
C:\Users\ADMIN\AppData\Local\Temp\ccLu5Eln.s:463    .text.W25Q64_Wait_Busy:00000000 $t
C:\Users\ADMIN\AppData\Local\Temp\ccLu5Eln.s:470    .text.W25Q64_Wait_Busy:00000000 W25Q64_Wait_Busy
C:\Users\ADMIN\AppData\Local\Temp\ccLu5Eln.s:496    .text.W25Q64_Write_Page:00000000 $t
C:\Users\ADMIN\AppData\Local\Temp\ccLu5Eln.s:503    .text.W25Q64_Write_Page:00000000 W25Q64_Write_Page
C:\Users\ADMIN\AppData\Local\Temp\ccLu5Eln.s:584    .text.W25Q64_Write_Page:00000050 $d
C:\Users\ADMIN\AppData\Local\Temp\ccLu5Eln.s:589    .text.W25Q64_Write_NoCheck:00000000 $t
C:\Users\ADMIN\AppData\Local\Temp\ccLu5Eln.s:596    .text.W25Q64_Write_NoCheck:00000000 W25Q64_Write_NoCheck
C:\Users\ADMIN\AppData\Local\Temp\ccLu5Eln.s:683    .text.W25Q64_Erase_Chip:00000000 $t
C:\Users\ADMIN\AppData\Local\Temp\ccLu5Eln.s:690    .text.W25Q64_Erase_Chip:00000000 W25Q64_Erase_Chip
C:\Users\ADMIN\AppData\Local\Temp\ccLu5Eln.s:728    .text.W25Q64_Erase_Chip:00000024 $d
C:\Users\ADMIN\AppData\Local\Temp\ccLu5Eln.s:733    .text.W25Q64_Erase_Sector:00000000 $t
C:\Users\ADMIN\AppData\Local\Temp\ccLu5Eln.s:740    .text.W25Q64_Erase_Sector:00000000 W25Q64_Erase_Sector
C:\Users\ADMIN\AppData\Local\Temp\ccLu5Eln.s:803    .text.W25Q64_Erase_Sector:00000040 $d
C:\Users\ADMIN\AppData\Local\Temp\ccLu5Eln.s:808    .text.W25Q64_Write:00000000 $t
C:\Users\ADMIN\AppData\Local\Temp\ccLu5Eln.s:815    .text.W25Q64_Write:00000000 W25Q64_Write
C:\Users\ADMIN\AppData\Local\Temp\ccLu5Eln.s:1005   .text.W25Q64_Write:000000a0 $d
C:\Users\ADMIN\AppData\Local\Temp\ccLu5Eln.s:1105   .bss.W25Q64_BUFFER:00000000 W25Q64_BUFFER
C:\Users\ADMIN\AppData\Local\Temp\ccLu5Eln.s:1010   .text.W25Q64_PowerDown:00000000 $t
C:\Users\ADMIN\AppData\Local\Temp\ccLu5Eln.s:1017   .text.W25Q64_PowerDown:00000000 W25Q64_PowerDown
C:\Users\ADMIN\AppData\Local\Temp\ccLu5Eln.s:1050   .text.W25Q64_PowerDown:00000020 $d
C:\Users\ADMIN\AppData\Local\Temp\ccLu5Eln.s:1055   .text.W25Q64_WAKEUP:00000000 $t
C:\Users\ADMIN\AppData\Local\Temp\ccLu5Eln.s:1062   .text.W25Q64_WAKEUP:00000000 W25Q64_WAKEUP
C:\Users\ADMIN\AppData\Local\Temp\ccLu5Eln.s:1095   .text.W25Q64_WAKEUP:00000020 $d
C:\Users\ADMIN\AppData\Local\Temp\ccLu5Eln.s:1112   .data.W25QXX_TYPE:00000000 W25QXX_TYPE
C:\Users\ADMIN\AppData\Local\Temp\ccLu5Eln.s:1102   .bss.W25Q64_BUFFER:00000000 $d
C:\Users\ADMIN\AppData\Local\Temp\ccLu5Eln.s:1108   .data.W25QXX_TYPE:00000000 $d

UNDEFINED SYMBOLS
SPI1_ReadWriteByte
RCC_AHB1PeriphClockCmd
GPIO_Init
SPI1_Init
SPI1_SetSpeed
delay_us
ARM GAS  C:\Users\ADMIN\AppData\Local\Temp\ccLu5Eln.s 			page 33


