ARM GAS  C:\Users\savao\AppData\Local\Temp\ccJsOxSo.s 			page 1


   1              		.cpu cortex-m4
   2              		.eabi_attribute 27, 1
   3              		.eabi_attribute 28, 1
   4              		.eabi_attribute 20, 1
   5              		.eabi_attribute 21, 1
   6              		.eabi_attribute 23, 3
   7              		.eabi_attribute 24, 1
   8              		.eabi_attribute 25, 1
   9              		.eabi_attribute 26, 1
  10              		.eabi_attribute 30, 1
  11              		.eabi_attribute 34, 1
  12              		.eabi_attribute 18, 4
  13              		.file	"main.c"
  14              		.text
  15              	.Ltext0:
  16              		.cfi_sections	.debug_frame
  17              		.section	.text.main,"ax",%progbits
  18              		.align	1
  19              		.global	main
  20              		.arch armv7e-m
  21              		.syntax unified
  22              		.thumb
  23              		.thumb_func
  24              		.fpu fpv4-sp-d16
  26              	main:
  27              	.LFB133:
  28              		.file 1 "Core/Src/main.c"
   1:Core/Src/main.c **** //////////////////////////////////////////////////////////////////////////////////	 
   2:Core/Src/main.c **** //本程序只供学习使用，未经作者许可，不得用于其它商业用途
   3:Core/Src/main.c **** //测试硬件：单片机STM32F407VGT6,STM32F407VxT6最小系统开发板,主频168MHZ，晶振8MHZ
   4:Core/Src/main.c **** //QDtech-TFT液晶驱动 for STM32 FSMC
   5:Core/Src/main.c **** //Chan@ShenZhen QDtech co.,LTD
   6:Core/Src/main.c **** //公司网站:www.qdtft.com
   7:Core/Src/main.c **** //wiki技术资料网站：http://www.lcdwiki.com
   8:Core/Src/main.c **** //我司提供技术支持，任何技术问题欢迎随时交流学习
   9:Core/Src/main.c **** //固话(传真) :+86 0755-21077707 
  10:Core/Src/main.c **** //手机: (销售)18823372746 （技术)15989313508
  11:Core/Src/main.c **** //邮箱:(销售/订单) sales@qdtft.com  (售后/技术服务)service@qdtft.com
  12:Core/Src/main.c **** //QQ:(售前咨询)3002706772 (技术支持)3002778157
  13:Core/Src/main.c **** //技术交流QQ群:778679828
  14:Core/Src/main.c **** //创建日期:2020/06/29
  15:Core/Src/main.c **** //版本：V1.0
  16:Core/Src/main.c **** //版权所有，盗版必究。
  17:Core/Src/main.c **** //Copyright(C) 深圳市全动电子技术有限公司 2018-2028
  18:Core/Src/main.c **** //All rights reserved
  19:Core/Src/main.c **** /************************************************************************************
  20:Core/Src/main.c **** //STM32F407VxT6最小系统开发板TFT LCD示例
  21:Core/Src/main.c **** //支持ILI9341/ILI9486/ILI9488/ST7793/ST7796S/R61509/NT35310/NT35510/SSD1963
  22:Core/Src/main.c **** //TFT LCD可以直接插入STM32F407VxT6最小系统开发板TFTLCD插槽或者通过排线接入TFTLCD插座
  23:Core/Src/main.c **** //STM32连接引脚是指TFTLCD插槽或者插座引脚内部连接的STM32引脚
  24:Core/Src/main.c **** //=================================电源接线=======================================//
  25:Core/Src/main.c **** //     LCD模块                    STM32连接引脚
  26:Core/Src/main.c **** //      VDD           --->           DC5V/3.3V          //电源
  27:Core/Src/main.c **** //      GND           --->             GND              //电源地
  28:Core/Src/main.c **** //=============================液晶屏数据线接线===================================//
  29:Core/Src/main.c **** //     LCD模块                    STM32连接引脚
  30:Core/Src/main.c **** //      DB0           --->            PD14        -|   
ARM GAS  C:\Users\savao\AppData\Local\Temp\ccJsOxSo.s 			page 2


  31:Core/Src/main.c **** //      DB1           --->            PD15         |  
  32:Core/Src/main.c **** //      DB2           --->            PD0          | 
  33:Core/Src/main.c **** //      DB3           --->            PD1          | 
  34:Core/Src/main.c **** //      DB4           --->            PE7          |
  35:Core/Src/main.c **** //      DB5           --->            PE8          |
  36:Core/Src/main.c **** //      DB6           --->            PE9          |
  37:Core/Src/main.c **** //      DB7           --->            PE10         |===>液晶屏16位并口数据信号
  38:Core/Src/main.c **** //      DB8           --->            PE11         |
  39:Core/Src/main.c **** //      DB9           --->            PE12         |
  40:Core/Src/main.c **** //      DB10          --->            PE13         |
  41:Core/Src/main.c **** //      DB11          --->            PE14         |
  42:Core/Src/main.c **** //      DB12          --->            PE15         |
  43:Core/Src/main.c **** //      DB13          --->            PD8          |
  44:Core/Src/main.c **** //      DB14          --->            PD9          |
  45:Core/Src/main.c **** //      DB15          --->            PD10        -|
  46:Core/Src/main.c **** //=============================液晶屏控制线接线===================================//
  47:Core/Src/main.c **** //     LCD模块 				            STM32连接引脚 
  48:Core/Src/main.c **** //      WR/CLK            --->            PD5             //液晶屏写数据控制信号
  49:Core/Src/main.c **** //      RD            --->            PD4             //液晶屏读数据控制信号
  50:Core/Src/main.c **** //      RS            --->            PD11            //液晶屏数据/命令控制信号
  51:Core/Src/main.c **** //      RST           --->          复位引脚（默认）  //液晶屏复位控制信号（也可选择PD13）
  52:Core/Src/main.c **** //      CS            --->            PD7             //液晶屏片选控制信号
  53:Core/Src/main.c **** //      BL/LED            --->            PB15            //液晶屏背光控制信号
  54:Core/Src/main.c **** *************************************************************************************/	
  55:Core/Src/main.c ****  /* @attention
  56:Core/Src/main.c ****   *
  57:Core/Src/main.c ****   * THE PRESENT FIRMWARE WHICH IS FOR GUIDANCE ONLY AIMS AT PROVIDING CUSTOMERS
  58:Core/Src/main.c ****   * WITH CODING INFORMATION REGARDING THEIR PRODUCTS IN ORDER FOR THEM TO SAVE
  59:Core/Src/main.c ****   * TIME. AS A RESULT, QD electronic SHALL NOT BE HELD LIABLE FOR ANY
  60:Core/Src/main.c ****   * DIRECT, INDIRECT OR CONSEQUENTIAL DAMAGES WITH RESPECT TO ANY CLAIMS ARISING
  61:Core/Src/main.c ****   * FROM THE CONTENT OF SUCH FIRMWARE AND/OR THE USE MADE BY CUSTOMERS OF THE
  62:Core/Src/main.c ****   * CODING INFORMATION CONTAINED HEREIN IN CONNECTION WITH THEIR PRODUCTS.
  63:Core/Src/main.c **** *************************************************************************************/		
  64:Core/Src/main.c **** #include "delay.h"
  65:Core/Src/main.c **** #include "sys.h"
  66:Core/Src/main.c **** #include "lcd.h"
  67:Core/Src/main.c **** #include "gui.h"
  68:Core/Src/main.c **** #include "test.h"
  69:Core/Src/main.c **** #include "usart.h"
  70:Core/Src/main.c **** #include "led.h"
  71:Core/Src/main.c **** 
  72:Core/Src/main.c **** int main(void)
  73:Core/Src/main.c **** {	
  29              		.loc 1 73 1 view -0
  30              		.cfi_startproc
  31              		@ Volatile: function does not return.
  32              		@ args = 0, pretend = 0, frame = 0
  33              		@ frame_needed = 0, uses_anonymous_args = 0
  34 0000 08B5     		push	{r3, lr}
  35              	.LCFI0:
  36              		.cfi_def_cfa_offset 8
  37              		.cfi_offset 3, -8
  38              		.cfi_offset 14, -4
  74:Core/Src/main.c **** 	NVIC_PriorityGroupConfig(NVIC_PriorityGroup_2);//设置系统中断优先级分组2
  39              		.loc 1 74 2 view .LVU1
  40 0002 4FF4A060 		mov	r0, #1280
  41 0006 FFF7FEFF 		bl	NVIC_PriorityGroupConfig
ARM GAS  C:\Users\savao\AppData\Local\Temp\ccJsOxSo.s 			page 3


  42              	.LVL0:
  75:Core/Src/main.c **** 	delay_init(168);     //初始化延时函数
  43              		.loc 1 75 2 view .LVU2
  44 000a A820     		movs	r0, #168
  45 000c FFF7FEFF 		bl	delay_init
  46              	.LVL1:
  76:Core/Src/main.c **** 	USART1_Init(115200); //串口1初始化
  47              		.loc 1 76 2 view .LVU3
  48 0010 4FF4E130 		mov	r0, #115200
  49 0014 FFF7FEFF 		bl	USART1_Init
  50              	.LVL2:
  77:Core/Src/main.c **** 	LED_Init();          //初始化LED
  51              		.loc 1 77 2 view .LVU4
  52 0018 FFF7FEFF 		bl	LED_Init
  53              	.LVL3:
  78:Core/Src/main.c **** 	LCD_Init();	   //液晶屏初始化
  54              		.loc 1 78 2 view .LVU5
  55 001c FFF7FEFF 		bl	LCD_Init
  56              	.LVL4:
  79:Core/Src/main.c **** 	LED0=0;       //点亮LED0
  57              		.loc 1 79 2 view .LVU6
  58              		.loc 1 79 6 is_stmt 0 view .LVU7
  59 0020 134B     		ldr	r3, .L4
  60 0022 0022     		movs	r2, #0
  61 0024 C3F88422 		str	r2, [r3, #644]
  62              	.L2:
  80:Core/Src/main.c ****   //循环测试
  81:Core/Src/main.c **** 	while(1)
  63              		.loc 1 81 2 is_stmt 1 discriminator 1 view .LVU8
  82:Core/Src/main.c **** 	{
  83:Core/Src/main.c **** 		main_test(); 		//测试主界面
  64              		.loc 1 83 3 discriminator 1 view .LVU9
  65 0028 FFF7FEFF 		bl	main_test
  66              	.LVL5:
  84:Core/Src/main.c **** 		Test_Read();     //读ID和颜色值测试
  67              		.loc 1 84 3 discriminator 1 view .LVU10
  68 002c FFF7FEFF 		bl	Test_Read
  69              	.LVL6:
  85:Core/Src/main.c **** 		Test_Color();  		//简单刷屏填充测试
  70              		.loc 1 85 3 discriminator 1 view .LVU11
  71 0030 FFF7FEFF 		bl	Test_Color
  72              	.LVL7:
  86:Core/Src/main.c **** 		Test_FillRec();		//GUI矩形绘图测试
  73              		.loc 1 86 3 discriminator 1 view .LVU12
  74 0034 FFF7FEFF 		bl	Test_FillRec
  75              	.LVL8:
  87:Core/Src/main.c **** 		Test_Circle(); 		//GUI画圆测试
  76              		.loc 1 87 3 discriminator 1 view .LVU13
  77 0038 FFF7FEFF 		bl	Test_Circle
  78              	.LVL9:
  88:Core/Src/main.c **** 		Test_Triangle();    //GUI三角形绘图测试
  79              		.loc 1 88 3 discriminator 1 view .LVU14
  80 003c FFF7FEFF 		bl	Test_Triangle
  81              	.LVL10:
  89:Core/Src/main.c **** 		English_Font_test();//英文字体示例测试
  82              		.loc 1 89 3 discriminator 1 view .LVU15
  83 0040 FFF7FEFF 		bl	English_Font_test
ARM GAS  C:\Users\savao\AppData\Local\Temp\ccJsOxSo.s 			page 4


  84              	.LVL11:
  90:Core/Src/main.c **** 		Chinese_Font_test();//中文字体示例测试
  85              		.loc 1 90 3 discriminator 1 view .LVU16
  86 0044 FFF7FEFF 		bl	Chinese_Font_test
  87              	.LVL12:
  91:Core/Src/main.c **** 		Pic_test();			//图片显示示例测试
  88              		.loc 1 91 3 discriminator 1 view .LVU17
  89 0048 FFF7FEFF 		bl	Pic_test
  90              	.LVL13:
  92:Core/Src/main.c **** 		Test_Dynamic_Num(); //动态数字显示测试
  91              		.loc 1 92 3 discriminator 1 view .LVU18
  92 004c FFF7FEFF 		bl	Test_Dynamic_Num
  93              	.LVL14:
  93:Core/Src/main.c **** 		Rotate_Test();   //旋转显示测试
  94              		.loc 1 93 3 discriminator 1 view .LVU19
  95 0050 FFF7FEFF 		bl	Rotate_Test
  96              	.LVL15:
  94:Core/Src/main.c **** 		POINT_Test();        // Loading 测试 
  97              		.loc 1 94 3 discriminator 1 view .LVU20
  98 0054 FFF7FEFF 		bl	POINT_Test
  99              	.LVL16:
  95:Core/Src/main.c **** 		Combo_Test();		     // 下拉列表测试
 100              		.loc 1 95 3 discriminator 1 view .LVU21
 101 0058 FFF7FEFF 		bl	Combo_Test
 102              	.LVL17:
  96:Core/Src/main.c **** 		ProgresBar_Test();	 // 进度条测试	
 103              		.loc 1 96 3 discriminator 1 view .LVU22
 104 005c FFF7FEFF 		bl	ProgresBar_Test
 105              	.LVL18:
  97:Core/Src/main.c **** 		BarReport_Test();	   // 条形报表测试
 106              		.loc 1 97 3 discriminator 1 view .LVU23
 107 0060 FFF7FEFF 		bl	BarReport_Test
 108              	.LVL19:
  98:Core/Src/main.c **** 		Window_Test();		   // 窗口测试	
 109              		.loc 1 98 3 discriminator 1 view .LVU24
 110 0064 FFF7FEFF 		bl	Window_Test
 111              	.LVL20:
  99:Core/Src/main.c **** 		Button_Test();		   // 按钮测试	
 112              		.loc 1 99 3 discriminator 1 view .LVU25
 113 0068 FFF7FEFF 		bl	Button_Test
 114              	.LVL21:
  81:Core/Src/main.c **** 	{
 115              		.loc 1 81 7 discriminator 1 view .LVU26
 116 006c DCE7     		b	.L2
 117              	.L5:
 118 006e 00BF     		.align	2
 119              	.L4:
 120 0070 00004042 		.word	1111490560
 121              		.cfi_endproc
 122              	.LFE133:
 124              		.text
 125              	.Letext0:
 126              		.file 2 "c:\\program files (x86)\\gnu arm embedded toolchain\\10 2020-q4-major\\arm-none-eabi\\inc
 127              		.file 3 "c:\\program files (x86)\\gnu arm embedded toolchain\\10 2020-q4-major\\arm-none-eabi\\inc
 128              		.file 4 "Drivers/STM32F4xx_FWLIB/inc/misc.h"
 129              		.file 5 "Core/Inc/delay.h"
 130              		.file 6 "Core/Inc/usart.h"
ARM GAS  C:\Users\savao\AppData\Local\Temp\ccJsOxSo.s 			page 5


 131              		.file 7 "Core/Inc/led.h"
 132              		.file 8 "Core/Inc/lcd.h"
 133              		.file 9 "Core/Inc/test.h"
ARM GAS  C:\Users\savao\AppData\Local\Temp\ccJsOxSo.s 			page 6


DEFINED SYMBOLS
                            *ABS*:00000000 main.c
C:\Users\savao\AppData\Local\Temp\ccJsOxSo.s:18     .text.main:00000000 $t
C:\Users\savao\AppData\Local\Temp\ccJsOxSo.s:26     .text.main:00000000 main
C:\Users\savao\AppData\Local\Temp\ccJsOxSo.s:120    .text.main:00000070 $d

UNDEFINED SYMBOLS
NVIC_PriorityGroupConfig
delay_init
USART1_Init
LED_Init
LCD_Init
main_test
Test_Read
Test_Color
Test_FillRec
Test_Circle
Test_Triangle
English_Font_test
Chinese_Font_test
Pic_test
Test_Dynamic_Num
Rotate_Test
POINT_Test
Combo_Test
ProgresBar_Test
BarReport_Test
Window_Test
Button_Test
