ARM GAS  C:\Users\savao\AppData\Local\Temp\ccqVHOWU.s 			page 1


   1              		.cpu cortex-m4
   2              		.eabi_attribute 27, 1
   3              		.eabi_attribute 28, 1
   4              		.eabi_attribute 20, 1
   5              		.eabi_attribute 21, 1
   6              		.eabi_attribute 23, 3
   7              		.eabi_attribute 24, 1
   8              		.eabi_attribute 25, 1
   9              		.eabi_attribute 26, 1
  10              		.eabi_attribute 30, 1
  11              		.eabi_attribute 34, 1
  12              		.eabi_attribute 18, 4
  13              		.file	"stm32f4xx_syscfg.c"
  14              		.text
  15              	.Ltext0:
  16              		.cfi_sections	.debug_frame
  17              		.section	.text.SYSCFG_DeInit,"ax",%progbits
  18              		.align	1
  19              		.global	SYSCFG_DeInit
  20              		.arch armv7e-m
  21              		.syntax unified
  22              		.thumb
  23              		.thumb_func
  24              		.fpu fpv4-sp-d16
  26              	SYSCFG_DeInit:
  27              	.LFB130:
  28              		.file 1 "Drivers/STM32F4xx_FWLIB/src/stm32f4xx_syscfg.c"
   1:Drivers/STM32F4xx_FWLIB/src/stm32f4xx_syscfg.c **** /**
   2:Drivers/STM32F4xx_FWLIB/src/stm32f4xx_syscfg.c ****   ******************************************************************************
   3:Drivers/STM32F4xx_FWLIB/src/stm32f4xx_syscfg.c ****   * @file    stm32f4xx_syscfg.c
   4:Drivers/STM32F4xx_FWLIB/src/stm32f4xx_syscfg.c ****   * @author  MCD Application Team
   5:Drivers/STM32F4xx_FWLIB/src/stm32f4xx_syscfg.c ****   * @version V1.4.0
   6:Drivers/STM32F4xx_FWLIB/src/stm32f4xx_syscfg.c ****   * @date    04-August-2014
   7:Drivers/STM32F4xx_FWLIB/src/stm32f4xx_syscfg.c ****   * @brief   This file provides firmware functions to manage the SYSCFG peripheral.
   8:Drivers/STM32F4xx_FWLIB/src/stm32f4xx_syscfg.c ****   *
   9:Drivers/STM32F4xx_FWLIB/src/stm32f4xx_syscfg.c ****  @verbatim
  10:Drivers/STM32F4xx_FWLIB/src/stm32f4xx_syscfg.c ****     
  11:Drivers/STM32F4xx_FWLIB/src/stm32f4xx_syscfg.c ****  ===============================================================================
  12:Drivers/STM32F4xx_FWLIB/src/stm32f4xx_syscfg.c ****                      ##### How to use this driver #####
  13:Drivers/STM32F4xx_FWLIB/src/stm32f4xx_syscfg.c ****  ===============================================================================
  14:Drivers/STM32F4xx_FWLIB/src/stm32f4xx_syscfg.c ****     [..] This driver provides functions for:
  15:Drivers/STM32F4xx_FWLIB/src/stm32f4xx_syscfg.c ****             
  16:Drivers/STM32F4xx_FWLIB/src/stm32f4xx_syscfg.c ****        (#) Remapping the memory accessible in the code area using SYSCFG_MemoryRemapConfig()
  17:Drivers/STM32F4xx_FWLIB/src/stm32f4xx_syscfg.c ****             
  18:Drivers/STM32F4xx_FWLIB/src/stm32f4xx_syscfg.c ****        (#) Swapping the internal flash Bank1 and Bank2 this features is only visible for 
  19:Drivers/STM32F4xx_FWLIB/src/stm32f4xx_syscfg.c ****            STM32F42xxx/43xxx devices Devices. 
  20:Drivers/STM32F4xx_FWLIB/src/stm32f4xx_syscfg.c ****                 
  21:Drivers/STM32F4xx_FWLIB/src/stm32f4xx_syscfg.c ****        (#) Manage the EXTI lines connection to the GPIOs using SYSCFG_EXTILineConfig()
  22:Drivers/STM32F4xx_FWLIB/src/stm32f4xx_syscfg.c ****               
  23:Drivers/STM32F4xx_FWLIB/src/stm32f4xx_syscfg.c ****        (#) Select the ETHERNET media interface (RMII/RII) using SYSCFG_ETH_MediaInterfaceConfig()
  24:Drivers/STM32F4xx_FWLIB/src/stm32f4xx_syscfg.c ****   
  25:Drivers/STM32F4xx_FWLIB/src/stm32f4xx_syscfg.c ****        -@- SYSCFG APB clock must be enabled to get write access to SYSCFG registers,
  26:Drivers/STM32F4xx_FWLIB/src/stm32f4xx_syscfg.c ****            using RCC_APB2PeriphClockCmd(RCC_APB2Periph_SYSCFG, ENABLE);
  27:Drivers/STM32F4xx_FWLIB/src/stm32f4xx_syscfg.c ****                    
  28:Drivers/STM32F4xx_FWLIB/src/stm32f4xx_syscfg.c ****  @endverbatim      
  29:Drivers/STM32F4xx_FWLIB/src/stm32f4xx_syscfg.c ****   ******************************************************************************
  30:Drivers/STM32F4xx_FWLIB/src/stm32f4xx_syscfg.c ****   * @attention
ARM GAS  C:\Users\savao\AppData\Local\Temp\ccqVHOWU.s 			page 2


  31:Drivers/STM32F4xx_FWLIB/src/stm32f4xx_syscfg.c ****   *
  32:Drivers/STM32F4xx_FWLIB/src/stm32f4xx_syscfg.c ****   * <h2><center>&copy; COPYRIGHT 2014 STMicroelectronics</center></h2>
  33:Drivers/STM32F4xx_FWLIB/src/stm32f4xx_syscfg.c ****   *
  34:Drivers/STM32F4xx_FWLIB/src/stm32f4xx_syscfg.c ****   * Licensed under MCD-ST Liberty SW License Agreement V2, (the "License");
  35:Drivers/STM32F4xx_FWLIB/src/stm32f4xx_syscfg.c ****   * You may not use this file except in compliance with the License.
  36:Drivers/STM32F4xx_FWLIB/src/stm32f4xx_syscfg.c ****   * You may obtain a copy of the License at:
  37:Drivers/STM32F4xx_FWLIB/src/stm32f4xx_syscfg.c ****   *
  38:Drivers/STM32F4xx_FWLIB/src/stm32f4xx_syscfg.c ****   *        http://www.st.com/software_license_agreement_liberty_v2
  39:Drivers/STM32F4xx_FWLIB/src/stm32f4xx_syscfg.c ****   *
  40:Drivers/STM32F4xx_FWLIB/src/stm32f4xx_syscfg.c ****   * Unless required by applicable law or agreed to in writing, software 
  41:Drivers/STM32F4xx_FWLIB/src/stm32f4xx_syscfg.c ****   * distributed under the License is distributed on an "AS IS" BASIS, 
  42:Drivers/STM32F4xx_FWLIB/src/stm32f4xx_syscfg.c ****   * WITHOUT WARRANTIES OR CONDITIONS OF ANY KIND, either express or implied.
  43:Drivers/STM32F4xx_FWLIB/src/stm32f4xx_syscfg.c ****   * See the License for the specific language governing permissions and
  44:Drivers/STM32F4xx_FWLIB/src/stm32f4xx_syscfg.c ****   * limitations under the License.
  45:Drivers/STM32F4xx_FWLIB/src/stm32f4xx_syscfg.c ****   *
  46:Drivers/STM32F4xx_FWLIB/src/stm32f4xx_syscfg.c ****   ******************************************************************************
  47:Drivers/STM32F4xx_FWLIB/src/stm32f4xx_syscfg.c ****   */
  48:Drivers/STM32F4xx_FWLIB/src/stm32f4xx_syscfg.c **** 
  49:Drivers/STM32F4xx_FWLIB/src/stm32f4xx_syscfg.c **** /* Includes ------------------------------------------------------------------*/
  50:Drivers/STM32F4xx_FWLIB/src/stm32f4xx_syscfg.c **** #include "stm32f4xx_syscfg.h"
  51:Drivers/STM32F4xx_FWLIB/src/stm32f4xx_syscfg.c **** #include "stm32f4xx_rcc.h"
  52:Drivers/STM32F4xx_FWLIB/src/stm32f4xx_syscfg.c **** 
  53:Drivers/STM32F4xx_FWLIB/src/stm32f4xx_syscfg.c **** /** @addtogroup STM32F4xx_StdPeriph_Driver
  54:Drivers/STM32F4xx_FWLIB/src/stm32f4xx_syscfg.c ****   * @{
  55:Drivers/STM32F4xx_FWLIB/src/stm32f4xx_syscfg.c ****   */
  56:Drivers/STM32F4xx_FWLIB/src/stm32f4xx_syscfg.c **** 
  57:Drivers/STM32F4xx_FWLIB/src/stm32f4xx_syscfg.c **** /** @defgroup SYSCFG 
  58:Drivers/STM32F4xx_FWLIB/src/stm32f4xx_syscfg.c ****   * @brief SYSCFG driver modules
  59:Drivers/STM32F4xx_FWLIB/src/stm32f4xx_syscfg.c ****   * @{
  60:Drivers/STM32F4xx_FWLIB/src/stm32f4xx_syscfg.c ****   */ 
  61:Drivers/STM32F4xx_FWLIB/src/stm32f4xx_syscfg.c **** 
  62:Drivers/STM32F4xx_FWLIB/src/stm32f4xx_syscfg.c **** /* Private typedef -----------------------------------------------------------*/
  63:Drivers/STM32F4xx_FWLIB/src/stm32f4xx_syscfg.c **** /* Private define ------------------------------------------------------------*/
  64:Drivers/STM32F4xx_FWLIB/src/stm32f4xx_syscfg.c **** /* ------------ RCC registers bit address in the alias region ----------- */
  65:Drivers/STM32F4xx_FWLIB/src/stm32f4xx_syscfg.c **** #define SYSCFG_OFFSET             (SYSCFG_BASE - PERIPH_BASE)
  66:Drivers/STM32F4xx_FWLIB/src/stm32f4xx_syscfg.c **** /* ---  MEMRMP Register ---*/ 
  67:Drivers/STM32F4xx_FWLIB/src/stm32f4xx_syscfg.c **** /* Alias word address of UFB_MODE bit */ 
  68:Drivers/STM32F4xx_FWLIB/src/stm32f4xx_syscfg.c **** #define MEMRMP_OFFSET             SYSCFG_OFFSET 
  69:Drivers/STM32F4xx_FWLIB/src/stm32f4xx_syscfg.c **** #define UFB_MODE_BitNumber        ((uint8_t)0x8) 
  70:Drivers/STM32F4xx_FWLIB/src/stm32f4xx_syscfg.c **** #define UFB_MODE_BB               (PERIPH_BB_BASE + (MEMRMP_OFFSET * 32) + (UFB_MODE_BitNumber * 4)
  71:Drivers/STM32F4xx_FWLIB/src/stm32f4xx_syscfg.c **** 
  72:Drivers/STM32F4xx_FWLIB/src/stm32f4xx_syscfg.c **** 
  73:Drivers/STM32F4xx_FWLIB/src/stm32f4xx_syscfg.c **** /* ---  PMC Register ---*/ 
  74:Drivers/STM32F4xx_FWLIB/src/stm32f4xx_syscfg.c **** /* Alias word address of MII_RMII_SEL bit */ 
  75:Drivers/STM32F4xx_FWLIB/src/stm32f4xx_syscfg.c **** #define PMC_OFFSET                (SYSCFG_OFFSET + 0x04) 
  76:Drivers/STM32F4xx_FWLIB/src/stm32f4xx_syscfg.c **** #define MII_RMII_SEL_BitNumber    ((uint8_t)0x17) 
  77:Drivers/STM32F4xx_FWLIB/src/stm32f4xx_syscfg.c **** #define PMC_MII_RMII_SEL_BB       (PERIPH_BB_BASE + (PMC_OFFSET * 32) + (MII_RMII_SEL_BitNumber * 4
  78:Drivers/STM32F4xx_FWLIB/src/stm32f4xx_syscfg.c **** 
  79:Drivers/STM32F4xx_FWLIB/src/stm32f4xx_syscfg.c **** /* ---  CMPCR Register ---*/ 
  80:Drivers/STM32F4xx_FWLIB/src/stm32f4xx_syscfg.c **** /* Alias word address of CMP_PD bit */ 
  81:Drivers/STM32F4xx_FWLIB/src/stm32f4xx_syscfg.c **** #define CMPCR_OFFSET              (SYSCFG_OFFSET + 0x20) 
  82:Drivers/STM32F4xx_FWLIB/src/stm32f4xx_syscfg.c **** #define CMP_PD_BitNumber          ((uint8_t)0x00) 
  83:Drivers/STM32F4xx_FWLIB/src/stm32f4xx_syscfg.c **** #define CMPCR_CMP_PD_BB           (PERIPH_BB_BASE + (CMPCR_OFFSET * 32) + (CMP_PD_BitNumber * 4)) 
  84:Drivers/STM32F4xx_FWLIB/src/stm32f4xx_syscfg.c **** 
  85:Drivers/STM32F4xx_FWLIB/src/stm32f4xx_syscfg.c **** /* Private macro -------------------------------------------------------------*/
  86:Drivers/STM32F4xx_FWLIB/src/stm32f4xx_syscfg.c **** /* Private variables ---------------------------------------------------------*/
  87:Drivers/STM32F4xx_FWLIB/src/stm32f4xx_syscfg.c **** /* Private function prototypes -----------------------------------------------*/
ARM GAS  C:\Users\savao\AppData\Local\Temp\ccqVHOWU.s 			page 3


  88:Drivers/STM32F4xx_FWLIB/src/stm32f4xx_syscfg.c **** /* Private functions ---------------------------------------------------------*/
  89:Drivers/STM32F4xx_FWLIB/src/stm32f4xx_syscfg.c **** 
  90:Drivers/STM32F4xx_FWLIB/src/stm32f4xx_syscfg.c **** /** @defgroup SYSCFG_Private_Functions
  91:Drivers/STM32F4xx_FWLIB/src/stm32f4xx_syscfg.c ****   * @{
  92:Drivers/STM32F4xx_FWLIB/src/stm32f4xx_syscfg.c ****   */ 
  93:Drivers/STM32F4xx_FWLIB/src/stm32f4xx_syscfg.c **** 
  94:Drivers/STM32F4xx_FWLIB/src/stm32f4xx_syscfg.c **** /**
  95:Drivers/STM32F4xx_FWLIB/src/stm32f4xx_syscfg.c ****   * @brief  Deinitializes the Alternate Functions (remap and EXTI configuration)
  96:Drivers/STM32F4xx_FWLIB/src/stm32f4xx_syscfg.c ****   *   registers to their default reset values.
  97:Drivers/STM32F4xx_FWLIB/src/stm32f4xx_syscfg.c ****   * @param  None
  98:Drivers/STM32F4xx_FWLIB/src/stm32f4xx_syscfg.c ****   * @retval None
  99:Drivers/STM32F4xx_FWLIB/src/stm32f4xx_syscfg.c ****   */
 100:Drivers/STM32F4xx_FWLIB/src/stm32f4xx_syscfg.c **** void SYSCFG_DeInit(void)
 101:Drivers/STM32F4xx_FWLIB/src/stm32f4xx_syscfg.c **** {
  29              		.loc 1 101 1 view -0
  30              		.cfi_startproc
  31              		@ args = 0, pretend = 0, frame = 0
  32              		@ frame_needed = 0, uses_anonymous_args = 0
  33 0000 08B5     		push	{r3, lr}
  34              	.LCFI0:
  35              		.cfi_def_cfa_offset 8
  36              		.cfi_offset 3, -8
  37              		.cfi_offset 14, -4
 102:Drivers/STM32F4xx_FWLIB/src/stm32f4xx_syscfg.c ****    RCC_APB2PeriphResetCmd(RCC_APB2Periph_SYSCFG, ENABLE);
  38              		.loc 1 102 4 view .LVU1
  39 0002 0121     		movs	r1, #1
  40 0004 4FF48040 		mov	r0, #16384
  41 0008 FFF7FEFF 		bl	RCC_APB2PeriphResetCmd
  42              	.LVL0:
 103:Drivers/STM32F4xx_FWLIB/src/stm32f4xx_syscfg.c ****    RCC_APB2PeriphResetCmd(RCC_APB2Periph_SYSCFG, DISABLE);
  43              		.loc 1 103 4 view .LVU2
  44 000c 0021     		movs	r1, #0
  45 000e 4FF48040 		mov	r0, #16384
  46 0012 FFF7FEFF 		bl	RCC_APB2PeriphResetCmd
  47              	.LVL1:
 104:Drivers/STM32F4xx_FWLIB/src/stm32f4xx_syscfg.c **** }
  48              		.loc 1 104 1 is_stmt 0 view .LVU3
  49 0016 08BD     		pop	{r3, pc}
  50              		.cfi_endproc
  51              	.LFE130:
  53              		.section	.text.SYSCFG_MemoryRemapConfig,"ax",%progbits
  54              		.align	1
  55              		.global	SYSCFG_MemoryRemapConfig
  56              		.syntax unified
  57              		.thumb
  58              		.thumb_func
  59              		.fpu fpv4-sp-d16
  61              	SYSCFG_MemoryRemapConfig:
  62              	.LVL2:
  63              	.LFB131:
 105:Drivers/STM32F4xx_FWLIB/src/stm32f4xx_syscfg.c **** 
 106:Drivers/STM32F4xx_FWLIB/src/stm32f4xx_syscfg.c **** /**
 107:Drivers/STM32F4xx_FWLIB/src/stm32f4xx_syscfg.c ****   * @brief  Changes the mapping of the specified pin.
 108:Drivers/STM32F4xx_FWLIB/src/stm32f4xx_syscfg.c ****   * @param  SYSCFG_Memory: selects the memory remapping.
 109:Drivers/STM32F4xx_FWLIB/src/stm32f4xx_syscfg.c ****   *         This parameter can be one of the following values:
 110:Drivers/STM32F4xx_FWLIB/src/stm32f4xx_syscfg.c ****   *            @arg SYSCFG_MemoryRemap_Flash:       Main Flash memory mapped at 0x00000000  
 111:Drivers/STM32F4xx_FWLIB/src/stm32f4xx_syscfg.c ****   *            @arg SYSCFG_MemoryRemap_SystemFlash: System Flash memory mapped at 0x00000000
ARM GAS  C:\Users\savao\AppData\Local\Temp\ccqVHOWU.s 			page 4


 112:Drivers/STM32F4xx_FWLIB/src/stm32f4xx_syscfg.c ****   *            @arg SYSCFG_MemoryRemap_FSMC:        FSMC (Bank1 (NOR/PSRAM 1 and 2) mapped at 0x000
 113:Drivers/STM32F4xx_FWLIB/src/stm32f4xx_syscfg.c ****   *            @arg SYSCFG_MemoryRemap_FMC:         FMC (Bank1 (NOR/PSRAM 1 and 2) mapped at 0x0000
 114:Drivers/STM32F4xx_FWLIB/src/stm32f4xx_syscfg.c ****   *            @arg SYSCFG_MemoryRemap_SRAM:        Embedded SRAM (112kB) mapped at 0x00000000
 115:Drivers/STM32F4xx_FWLIB/src/stm32f4xx_syscfg.c ****   *            @arg SYSCFG_MemoryRemap_SDRAM:       FMC (External SDRAM)  mapped at 0x00000000 for 
 116:Drivers/STM32F4xx_FWLIB/src/stm32f4xx_syscfg.c ****   * @retval None
 117:Drivers/STM32F4xx_FWLIB/src/stm32f4xx_syscfg.c ****   */
 118:Drivers/STM32F4xx_FWLIB/src/stm32f4xx_syscfg.c **** void SYSCFG_MemoryRemapConfig(uint8_t SYSCFG_MemoryRemap)
 119:Drivers/STM32F4xx_FWLIB/src/stm32f4xx_syscfg.c **** {
  64              		.loc 1 119 1 is_stmt 1 view -0
  65              		.cfi_startproc
  66              		@ args = 0, pretend = 0, frame = 0
  67              		@ frame_needed = 0, uses_anonymous_args = 0
  68              		@ link register save eliminated.
 120:Drivers/STM32F4xx_FWLIB/src/stm32f4xx_syscfg.c ****   /* Check the parameters */
 121:Drivers/STM32F4xx_FWLIB/src/stm32f4xx_syscfg.c ****   assert_param(IS_SYSCFG_MEMORY_REMAP_CONFING(SYSCFG_MemoryRemap));
  69              		.loc 1 121 3 view .LVU5
 122:Drivers/STM32F4xx_FWLIB/src/stm32f4xx_syscfg.c **** 
 123:Drivers/STM32F4xx_FWLIB/src/stm32f4xx_syscfg.c ****   SYSCFG->MEMRMP = SYSCFG_MemoryRemap;
  70              		.loc 1 123 3 view .LVU6
  71              		.loc 1 123 18 is_stmt 0 view .LVU7
  72 0000 014B     		ldr	r3, .L4
  73 0002 1860     		str	r0, [r3]
 124:Drivers/STM32F4xx_FWLIB/src/stm32f4xx_syscfg.c **** }
  74              		.loc 1 124 1 view .LVU8
  75 0004 7047     		bx	lr
  76              	.L5:
  77 0006 00BF     		.align	2
  78              	.L4:
  79 0008 00380140 		.word	1073821696
  80              		.cfi_endproc
  81              	.LFE131:
  83              		.section	.text.SYSCFG_MemorySwappingBank,"ax",%progbits
  84              		.align	1
  85              		.global	SYSCFG_MemorySwappingBank
  86              		.syntax unified
  87              		.thumb
  88              		.thumb_func
  89              		.fpu fpv4-sp-d16
  91              	SYSCFG_MemorySwappingBank:
  92              	.LVL3:
  93              	.LFB132:
 125:Drivers/STM32F4xx_FWLIB/src/stm32f4xx_syscfg.c **** 
 126:Drivers/STM32F4xx_FWLIB/src/stm32f4xx_syscfg.c **** /**
 127:Drivers/STM32F4xx_FWLIB/src/stm32f4xx_syscfg.c ****   * @brief  Enables or disables the Interal FLASH Bank Swapping.
 128:Drivers/STM32F4xx_FWLIB/src/stm32f4xx_syscfg.c ****   *   
 129:Drivers/STM32F4xx_FWLIB/src/stm32f4xx_syscfg.c ****   * @note   This function can be used only for STM32F42xxx/43xxx devices. 
 130:Drivers/STM32F4xx_FWLIB/src/stm32f4xx_syscfg.c ****   *
 131:Drivers/STM32F4xx_FWLIB/src/stm32f4xx_syscfg.c ****   * @param  NewState: new state of Interal FLASH Bank swapping.
 132:Drivers/STM32F4xx_FWLIB/src/stm32f4xx_syscfg.c ****   *          This parameter can be one of the following values:
 133:Drivers/STM32F4xx_FWLIB/src/stm32f4xx_syscfg.c ****   *            @arg ENABLE: Flash Bank2 mapped at 0x08000000 (and aliased @0x00000000) 
 134:Drivers/STM32F4xx_FWLIB/src/stm32f4xx_syscfg.c ****   *                         and Flash Bank1 mapped at 0x08100000 (and aliased at 0x00100000)   
 135:Drivers/STM32F4xx_FWLIB/src/stm32f4xx_syscfg.c ****   *            @arg DISABLE:(the default state) Flash Bank1 mapped at 0x08000000 (and aliased @0x00
 136:Drivers/STM32F4xx_FWLIB/src/stm32f4xx_syscfg.c ****                             and Flash Bank2 mapped at 0x08100000 (and aliased at 0x00100000)  
 137:Drivers/STM32F4xx_FWLIB/src/stm32f4xx_syscfg.c ****   * @retval None
 138:Drivers/STM32F4xx_FWLIB/src/stm32f4xx_syscfg.c ****   */
 139:Drivers/STM32F4xx_FWLIB/src/stm32f4xx_syscfg.c **** void SYSCFG_MemorySwappingBank(FunctionalState NewState)
 140:Drivers/STM32F4xx_FWLIB/src/stm32f4xx_syscfg.c **** {
ARM GAS  C:\Users\savao\AppData\Local\Temp\ccqVHOWU.s 			page 5


  94              		.loc 1 140 1 is_stmt 1 view -0
  95              		.cfi_startproc
  96              		@ args = 0, pretend = 0, frame = 0
  97              		@ frame_needed = 0, uses_anonymous_args = 0
  98              		@ link register save eliminated.
 141:Drivers/STM32F4xx_FWLIB/src/stm32f4xx_syscfg.c ****   /* Check the parameters */
 142:Drivers/STM32F4xx_FWLIB/src/stm32f4xx_syscfg.c ****   assert_param(IS_FUNCTIONAL_STATE(NewState));
  99              		.loc 1 142 3 view .LVU10
 143:Drivers/STM32F4xx_FWLIB/src/stm32f4xx_syscfg.c **** 
 144:Drivers/STM32F4xx_FWLIB/src/stm32f4xx_syscfg.c ****   *(__IO uint32_t *) UFB_MODE_BB = (uint32_t)NewState;
 100              		.loc 1 144 3 view .LVU11
 101              		.loc 1 144 34 is_stmt 0 view .LVU12
 102 0000 014B     		ldr	r3, .L7
 103 0002 1862     		str	r0, [r3, #32]
 145:Drivers/STM32F4xx_FWLIB/src/stm32f4xx_syscfg.c **** }
 104              		.loc 1 145 1 view .LVU13
 105 0004 7047     		bx	lr
 106              	.L8:
 107 0006 00BF     		.align	2
 108              	.L7:
 109 0008 00002742 		.word	1109852160
 110              		.cfi_endproc
 111              	.LFE132:
 113              		.section	.text.SYSCFG_EXTILineConfig,"ax",%progbits
 114              		.align	1
 115              		.global	SYSCFG_EXTILineConfig
 116              		.syntax unified
 117              		.thumb
 118              		.thumb_func
 119              		.fpu fpv4-sp-d16
 121              	SYSCFG_EXTILineConfig:
 122              	.LVL4:
 123              	.LFB133:
 146:Drivers/STM32F4xx_FWLIB/src/stm32f4xx_syscfg.c **** 
 147:Drivers/STM32F4xx_FWLIB/src/stm32f4xx_syscfg.c **** /**
 148:Drivers/STM32F4xx_FWLIB/src/stm32f4xx_syscfg.c ****   * @brief  Selects the GPIO pin used as EXTI Line.
 149:Drivers/STM32F4xx_FWLIB/src/stm32f4xx_syscfg.c ****   * @param  EXTI_PortSourceGPIOx : selects the GPIO port to be used as source for
 150:Drivers/STM32F4xx_FWLIB/src/stm32f4xx_syscfg.c ****   *          EXTI lines where x can be (A..K) for STM32F42xxx/43xxx devices, (A..I) 
 151:Drivers/STM32F4xx_FWLIB/src/stm32f4xx_syscfg.c ****   *          for STM32F405xx/407xx and STM32F415xx/417xx devices or (A, B, C, D and H)
 152:Drivers/STM32F4xx_FWLIB/src/stm32f4xx_syscfg.c ****   *          for STM32401xx devices.  
 153:Drivers/STM32F4xx_FWLIB/src/stm32f4xx_syscfg.c ****   *            
 154:Drivers/STM32F4xx_FWLIB/src/stm32f4xx_syscfg.c ****   * @param  EXTI_PinSourcex: specifies the EXTI line to be configured.
 155:Drivers/STM32F4xx_FWLIB/src/stm32f4xx_syscfg.c ****   *           This parameter can be EXTI_PinSourcex where x can be (0..15, except
 156:Drivers/STM32F4xx_FWLIB/src/stm32f4xx_syscfg.c ****   *           for EXTI_PortSourceGPIOI x can be (0..11) for STM32F405xx/407xx
 157:Drivers/STM32F4xx_FWLIB/src/stm32f4xx_syscfg.c ****   *           and STM32F405xx/407xx devices and for EXTI_PortSourceGPIOK x can   
 158:Drivers/STM32F4xx_FWLIB/src/stm32f4xx_syscfg.c ****   *           be (0..7) for STM32F42xxx/43xxx devices. 
 159:Drivers/STM32F4xx_FWLIB/src/stm32f4xx_syscfg.c ****   *             
 160:Drivers/STM32F4xx_FWLIB/src/stm32f4xx_syscfg.c ****   * @retval None
 161:Drivers/STM32F4xx_FWLIB/src/stm32f4xx_syscfg.c ****   */
 162:Drivers/STM32F4xx_FWLIB/src/stm32f4xx_syscfg.c **** void SYSCFG_EXTILineConfig(uint8_t EXTI_PortSourceGPIOx, uint8_t EXTI_PinSourcex)
 163:Drivers/STM32F4xx_FWLIB/src/stm32f4xx_syscfg.c **** {
 124              		.loc 1 163 1 is_stmt 1 view -0
 125              		.cfi_startproc
 126              		@ args = 0, pretend = 0, frame = 0
 127              		@ frame_needed = 0, uses_anonymous_args = 0
 128              		@ link register save eliminated.
 129              		.loc 1 163 1 is_stmt 0 view .LVU15
ARM GAS  C:\Users\savao\AppData\Local\Temp\ccqVHOWU.s 			page 6


 130 0000 10B4     		push	{r4}
 131              	.LCFI1:
 132              		.cfi_def_cfa_offset 4
 133              		.cfi_offset 4, -4
 164:Drivers/STM32F4xx_FWLIB/src/stm32f4xx_syscfg.c ****   uint32_t tmp = 0x00;
 134              		.loc 1 164 3 is_stmt 1 view .LVU16
 135              	.LVL5:
 165:Drivers/STM32F4xx_FWLIB/src/stm32f4xx_syscfg.c **** 
 166:Drivers/STM32F4xx_FWLIB/src/stm32f4xx_syscfg.c ****   /* Check the parameters */
 167:Drivers/STM32F4xx_FWLIB/src/stm32f4xx_syscfg.c ****   assert_param(IS_EXTI_PORT_SOURCE(EXTI_PortSourceGPIOx));
 136              		.loc 1 167 3 view .LVU17
 168:Drivers/STM32F4xx_FWLIB/src/stm32f4xx_syscfg.c ****   assert_param(IS_EXTI_PIN_SOURCE(EXTI_PinSourcex));
 137              		.loc 1 168 3 view .LVU18
 169:Drivers/STM32F4xx_FWLIB/src/stm32f4xx_syscfg.c **** 
 170:Drivers/STM32F4xx_FWLIB/src/stm32f4xx_syscfg.c ****   tmp = ((uint32_t)0x0F) << (0x04 * (EXTI_PinSourcex & (uint8_t)0x03));
 138              		.loc 1 170 3 view .LVU19
 139              		.loc 1 170 54 is_stmt 0 view .LVU20
 140 0002 01F00302 		and	r2, r1, #3
 141              		.loc 1 170 35 view .LVU21
 142 0006 9200     		lsls	r2, r2, #2
 143              		.loc 1 170 7 view .LVU22
 144 0008 0F24     		movs	r4, #15
 145 000a 04FA02FC 		lsl	ip, r4, r2
 146              	.LVL6:
 171:Drivers/STM32F4xx_FWLIB/src/stm32f4xx_syscfg.c ****   SYSCFG->EXTICR[EXTI_PinSourcex >> 0x02] &= ~tmp;
 147              		.loc 1 171 3 is_stmt 1 view .LVU23
 148              		.loc 1 171 43 is_stmt 0 view .LVU24
 149 000e 8908     		lsrs	r1, r1, #2
 150              	.LVL7:
 151              		.loc 1 171 43 view .LVU25
 152 0010 084B     		ldr	r3, .L11
 153 0012 0231     		adds	r1, r1, #2
 154 0014 53F82140 		ldr	r4, [r3, r1, lsl #2]
 155 0018 24EA0C04 		bic	r4, r4, ip
 156 001c 43F82140 		str	r4, [r3, r1, lsl #2]
 172:Drivers/STM32F4xx_FWLIB/src/stm32f4xx_syscfg.c ****   SYSCFG->EXTICR[EXTI_PinSourcex >> 0x02] |= (((uint32_t)EXTI_PortSourceGPIOx) << (0x04 * (EXTI_Pin
 157              		.loc 1 172 3 is_stmt 1 view .LVU26
 158              		.loc 1 172 43 is_stmt 0 view .LVU27
 159 0020 53F82140 		ldr	r4, [r3, r1, lsl #2]
 160              		.loc 1 172 80 view .LVU28
 161 0024 9040     		lsls	r0, r0, r2
 162              	.LVL8:
 163              		.loc 1 172 43 view .LVU29
 164 0026 0443     		orrs	r4, r4, r0
 165 0028 43F82140 		str	r4, [r3, r1, lsl #2]
 173:Drivers/STM32F4xx_FWLIB/src/stm32f4xx_syscfg.c **** }
 166              		.loc 1 173 1 view .LVU30
 167 002c 5DF8044B 		ldr	r4, [sp], #4
 168              	.LCFI2:
 169              		.cfi_restore 4
 170              		.cfi_def_cfa_offset 0
 171 0030 7047     		bx	lr
 172              	.L12:
 173 0032 00BF     		.align	2
 174              	.L11:
 175 0034 00380140 		.word	1073821696
 176              		.cfi_endproc
ARM GAS  C:\Users\savao\AppData\Local\Temp\ccqVHOWU.s 			page 7


 177              	.LFE133:
 179              		.section	.text.SYSCFG_ETH_MediaInterfaceConfig,"ax",%progbits
 180              		.align	1
 181              		.global	SYSCFG_ETH_MediaInterfaceConfig
 182              		.syntax unified
 183              		.thumb
 184              		.thumb_func
 185              		.fpu fpv4-sp-d16
 187              	SYSCFG_ETH_MediaInterfaceConfig:
 188              	.LVL9:
 189              	.LFB134:
 174:Drivers/STM32F4xx_FWLIB/src/stm32f4xx_syscfg.c **** 
 175:Drivers/STM32F4xx_FWLIB/src/stm32f4xx_syscfg.c **** /**
 176:Drivers/STM32F4xx_FWLIB/src/stm32f4xx_syscfg.c ****   * @brief  Selects the ETHERNET media interface 
 177:Drivers/STM32F4xx_FWLIB/src/stm32f4xx_syscfg.c ****   * @param  SYSCFG_ETH_MediaInterface: specifies the Media Interface mode. 
 178:Drivers/STM32F4xx_FWLIB/src/stm32f4xx_syscfg.c ****   *          This parameter can be one of the following values: 
 179:Drivers/STM32F4xx_FWLIB/src/stm32f4xx_syscfg.c ****   *            @arg SYSCFG_ETH_MediaInterface_MII: MII mode selected
 180:Drivers/STM32F4xx_FWLIB/src/stm32f4xx_syscfg.c ****   *            @arg SYSCFG_ETH_MediaInterface_RMII: RMII mode selected 
 181:Drivers/STM32F4xx_FWLIB/src/stm32f4xx_syscfg.c ****   * @retval None 
 182:Drivers/STM32F4xx_FWLIB/src/stm32f4xx_syscfg.c ****   */
 183:Drivers/STM32F4xx_FWLIB/src/stm32f4xx_syscfg.c **** void SYSCFG_ETH_MediaInterfaceConfig(uint32_t SYSCFG_ETH_MediaInterface) 
 184:Drivers/STM32F4xx_FWLIB/src/stm32f4xx_syscfg.c **** { 
 190              		.loc 1 184 1 is_stmt 1 view -0
 191              		.cfi_startproc
 192              		@ args = 0, pretend = 0, frame = 0
 193              		@ frame_needed = 0, uses_anonymous_args = 0
 194              		@ link register save eliminated.
 185:Drivers/STM32F4xx_FWLIB/src/stm32f4xx_syscfg.c ****   assert_param(IS_SYSCFG_ETH_MEDIA_INTERFACE(SYSCFG_ETH_MediaInterface)); 
 195              		.loc 1 185 3 view .LVU32
 186:Drivers/STM32F4xx_FWLIB/src/stm32f4xx_syscfg.c ****   /* Configure MII_RMII selection bit */ 
 187:Drivers/STM32F4xx_FWLIB/src/stm32f4xx_syscfg.c ****   *(__IO uint32_t *) PMC_MII_RMII_SEL_BB = SYSCFG_ETH_MediaInterface; 
 196              		.loc 1 187 3 view .LVU33
 197              		.loc 1 187 42 is_stmt 0 view .LVU34
 198 0000 014B     		ldr	r3, .L14
 199 0002 C3F8DC00 		str	r0, [r3, #220]
 188:Drivers/STM32F4xx_FWLIB/src/stm32f4xx_syscfg.c **** }
 200              		.loc 1 188 1 view .LVU35
 201 0006 7047     		bx	lr
 202              	.L15:
 203              		.align	2
 204              	.L14:
 205 0008 00002742 		.word	1109852160
 206              		.cfi_endproc
 207              	.LFE134:
 209              		.section	.text.SYSCFG_CompensationCellCmd,"ax",%progbits
 210              		.align	1
 211              		.global	SYSCFG_CompensationCellCmd
 212              		.syntax unified
 213              		.thumb
 214              		.thumb_func
 215              		.fpu fpv4-sp-d16
 217              	SYSCFG_CompensationCellCmd:
 218              	.LVL10:
 219              	.LFB135:
 189:Drivers/STM32F4xx_FWLIB/src/stm32f4xx_syscfg.c **** 
 190:Drivers/STM32F4xx_FWLIB/src/stm32f4xx_syscfg.c **** /**
 191:Drivers/STM32F4xx_FWLIB/src/stm32f4xx_syscfg.c ****   * @brief  Enables or disables the I/O Compensation Cell.
ARM GAS  C:\Users\savao\AppData\Local\Temp\ccqVHOWU.s 			page 8


 192:Drivers/STM32F4xx_FWLIB/src/stm32f4xx_syscfg.c ****   * @note   The I/O compensation cell can be used only when the device supply
 193:Drivers/STM32F4xx_FWLIB/src/stm32f4xx_syscfg.c ****   *         voltage ranges from 2.4 to 3.6 V.  
 194:Drivers/STM32F4xx_FWLIB/src/stm32f4xx_syscfg.c ****   * @param  NewState: new state of the I/O Compensation Cell.
 195:Drivers/STM32F4xx_FWLIB/src/stm32f4xx_syscfg.c ****   *          This parameter can be one of the following values:
 196:Drivers/STM32F4xx_FWLIB/src/stm32f4xx_syscfg.c ****   *            @arg ENABLE: I/O compensation cell enabled  
 197:Drivers/STM32F4xx_FWLIB/src/stm32f4xx_syscfg.c ****   *            @arg DISABLE: I/O compensation cell power-down mode  
 198:Drivers/STM32F4xx_FWLIB/src/stm32f4xx_syscfg.c ****   * @retval None
 199:Drivers/STM32F4xx_FWLIB/src/stm32f4xx_syscfg.c ****   */
 200:Drivers/STM32F4xx_FWLIB/src/stm32f4xx_syscfg.c **** void SYSCFG_CompensationCellCmd(FunctionalState NewState)
 201:Drivers/STM32F4xx_FWLIB/src/stm32f4xx_syscfg.c **** {
 220              		.loc 1 201 1 is_stmt 1 view -0
 221              		.cfi_startproc
 222              		@ args = 0, pretend = 0, frame = 0
 223              		@ frame_needed = 0, uses_anonymous_args = 0
 224              		@ link register save eliminated.
 202:Drivers/STM32F4xx_FWLIB/src/stm32f4xx_syscfg.c ****   /* Check the parameters */
 203:Drivers/STM32F4xx_FWLIB/src/stm32f4xx_syscfg.c ****   assert_param(IS_FUNCTIONAL_STATE(NewState));
 225              		.loc 1 203 3 view .LVU37
 204:Drivers/STM32F4xx_FWLIB/src/stm32f4xx_syscfg.c **** 
 205:Drivers/STM32F4xx_FWLIB/src/stm32f4xx_syscfg.c ****   *(__IO uint32_t *) CMPCR_CMP_PD_BB = (uint32_t)NewState;
 226              		.loc 1 205 3 view .LVU38
 227              		.loc 1 205 38 is_stmt 0 view .LVU39
 228 0000 014B     		ldr	r3, .L17
 229 0002 C3F80004 		str	r0, [r3, #1024]
 206:Drivers/STM32F4xx_FWLIB/src/stm32f4xx_syscfg.c **** }
 230              		.loc 1 206 1 view .LVU40
 231 0006 7047     		bx	lr
 232              	.L18:
 233              		.align	2
 234              	.L17:
 235 0008 00002742 		.word	1109852160
 236              		.cfi_endproc
 237              	.LFE135:
 239              		.section	.text.SYSCFG_GetCompensationCellStatus,"ax",%progbits
 240              		.align	1
 241              		.global	SYSCFG_GetCompensationCellStatus
 242              		.syntax unified
 243              		.thumb
 244              		.thumb_func
 245              		.fpu fpv4-sp-d16
 247              	SYSCFG_GetCompensationCellStatus:
 248              	.LFB136:
 207:Drivers/STM32F4xx_FWLIB/src/stm32f4xx_syscfg.c **** 
 208:Drivers/STM32F4xx_FWLIB/src/stm32f4xx_syscfg.c **** /**
 209:Drivers/STM32F4xx_FWLIB/src/stm32f4xx_syscfg.c ****   * @brief  Checks whether the I/O Compensation Cell ready flag is set or not.
 210:Drivers/STM32F4xx_FWLIB/src/stm32f4xx_syscfg.c ****   * @param  None
 211:Drivers/STM32F4xx_FWLIB/src/stm32f4xx_syscfg.c ****   * @retval The new state of the I/O Compensation Cell ready flag (SET or RESET)
 212:Drivers/STM32F4xx_FWLIB/src/stm32f4xx_syscfg.c ****   */
 213:Drivers/STM32F4xx_FWLIB/src/stm32f4xx_syscfg.c **** FlagStatus SYSCFG_GetCompensationCellStatus(void)
 214:Drivers/STM32F4xx_FWLIB/src/stm32f4xx_syscfg.c **** {
 249              		.loc 1 214 1 is_stmt 1 view -0
 250              		.cfi_startproc
 251              		@ args = 0, pretend = 0, frame = 0
 252              		@ frame_needed = 0, uses_anonymous_args = 0
 253              		@ link register save eliminated.
 215:Drivers/STM32F4xx_FWLIB/src/stm32f4xx_syscfg.c ****   FlagStatus bitstatus = RESET;
 254              		.loc 1 215 3 view .LVU42
ARM GAS  C:\Users\savao\AppData\Local\Temp\ccqVHOWU.s 			page 9


 255              	.LVL11:
 216:Drivers/STM32F4xx_FWLIB/src/stm32f4xx_syscfg.c ****     
 217:Drivers/STM32F4xx_FWLIB/src/stm32f4xx_syscfg.c ****   if ((SYSCFG->CMPCR & SYSCFG_CMPCR_READY ) != (uint32_t)RESET)
 256              		.loc 1 217 3 view .LVU43
 257              		.loc 1 217 14 is_stmt 0 view .LVU44
 258 0000 044B     		ldr	r3, .L22
 259 0002 1B6A     		ldr	r3, [r3, #32]
 260              		.loc 1 217 6 view .LVU45
 261 0004 13F4807F 		tst	r3, #256
 262 0008 01D0     		beq	.L21
 218:Drivers/STM32F4xx_FWLIB/src/stm32f4xx_syscfg.c ****   {
 219:Drivers/STM32F4xx_FWLIB/src/stm32f4xx_syscfg.c ****     bitstatus = SET;
 263              		.loc 1 219 15 view .LVU46
 264 000a 0120     		movs	r0, #1
 265 000c 7047     		bx	lr
 266              	.L21:
 220:Drivers/STM32F4xx_FWLIB/src/stm32f4xx_syscfg.c ****   }
 221:Drivers/STM32F4xx_FWLIB/src/stm32f4xx_syscfg.c ****   else
 222:Drivers/STM32F4xx_FWLIB/src/stm32f4xx_syscfg.c ****   {
 223:Drivers/STM32F4xx_FWLIB/src/stm32f4xx_syscfg.c ****     bitstatus = RESET;
 267              		.loc 1 223 15 view .LVU47
 268 000e 0020     		movs	r0, #0
 269              	.LVL12:
 224:Drivers/STM32F4xx_FWLIB/src/stm32f4xx_syscfg.c ****   }
 225:Drivers/STM32F4xx_FWLIB/src/stm32f4xx_syscfg.c ****   return bitstatus;
 270              		.loc 1 225 3 is_stmt 1 view .LVU48
 226:Drivers/STM32F4xx_FWLIB/src/stm32f4xx_syscfg.c **** }
 271              		.loc 1 226 1 is_stmt 0 view .LVU49
 272 0010 7047     		bx	lr
 273              	.L23:
 274 0012 00BF     		.align	2
 275              	.L22:
 276 0014 00380140 		.word	1073821696
 277              		.cfi_endproc
 278              	.LFE136:
 280              		.text
 281              	.Letext0:
 282              		.file 2 "c:\\program files (x86)\\gnu arm embedded toolchain\\10 2020-q4-major\\arm-none-eabi\\inc
 283              		.file 3 "c:\\program files (x86)\\gnu arm embedded toolchain\\10 2020-q4-major\\arm-none-eabi\\inc
 284              		.file 4 "Core/Inc/stm32f4xx.h"
 285              		.file 5 "Drivers/STM32F4xx_FWLIB/inc/stm32f4xx_rcc.h"
ARM GAS  C:\Users\savao\AppData\Local\Temp\ccqVHOWU.s 			page 10


DEFINED SYMBOLS
                            *ABS*:00000000 stm32f4xx_syscfg.c
C:\Users\savao\AppData\Local\Temp\ccqVHOWU.s:18     .text.SYSCFG_DeInit:00000000 $t
C:\Users\savao\AppData\Local\Temp\ccqVHOWU.s:26     .text.SYSCFG_DeInit:00000000 SYSCFG_DeInit
C:\Users\savao\AppData\Local\Temp\ccqVHOWU.s:54     .text.SYSCFG_MemoryRemapConfig:00000000 $t
C:\Users\savao\AppData\Local\Temp\ccqVHOWU.s:61     .text.SYSCFG_MemoryRemapConfig:00000000 SYSCFG_MemoryRemapConfig
C:\Users\savao\AppData\Local\Temp\ccqVHOWU.s:79     .text.SYSCFG_MemoryRemapConfig:00000008 $d
C:\Users\savao\AppData\Local\Temp\ccqVHOWU.s:84     .text.SYSCFG_MemorySwappingBank:00000000 $t
C:\Users\savao\AppData\Local\Temp\ccqVHOWU.s:91     .text.SYSCFG_MemorySwappingBank:00000000 SYSCFG_MemorySwappingBank
C:\Users\savao\AppData\Local\Temp\ccqVHOWU.s:109    .text.SYSCFG_MemorySwappingBank:00000008 $d
C:\Users\savao\AppData\Local\Temp\ccqVHOWU.s:114    .text.SYSCFG_EXTILineConfig:00000000 $t
C:\Users\savao\AppData\Local\Temp\ccqVHOWU.s:121    .text.SYSCFG_EXTILineConfig:00000000 SYSCFG_EXTILineConfig
C:\Users\savao\AppData\Local\Temp\ccqVHOWU.s:175    .text.SYSCFG_EXTILineConfig:00000034 $d
C:\Users\savao\AppData\Local\Temp\ccqVHOWU.s:180    .text.SYSCFG_ETH_MediaInterfaceConfig:00000000 $t
C:\Users\savao\AppData\Local\Temp\ccqVHOWU.s:187    .text.SYSCFG_ETH_MediaInterfaceConfig:00000000 SYSCFG_ETH_MediaInterfaceConfig
C:\Users\savao\AppData\Local\Temp\ccqVHOWU.s:205    .text.SYSCFG_ETH_MediaInterfaceConfig:00000008 $d
C:\Users\savao\AppData\Local\Temp\ccqVHOWU.s:210    .text.SYSCFG_CompensationCellCmd:00000000 $t
C:\Users\savao\AppData\Local\Temp\ccqVHOWU.s:217    .text.SYSCFG_CompensationCellCmd:00000000 SYSCFG_CompensationCellCmd
C:\Users\savao\AppData\Local\Temp\ccqVHOWU.s:235    .text.SYSCFG_CompensationCellCmd:00000008 $d
C:\Users\savao\AppData\Local\Temp\ccqVHOWU.s:240    .text.SYSCFG_GetCompensationCellStatus:00000000 $t
C:\Users\savao\AppData\Local\Temp\ccqVHOWU.s:247    .text.SYSCFG_GetCompensationCellStatus:00000000 SYSCFG_GetCompensationCellStatus
C:\Users\savao\AppData\Local\Temp\ccqVHOWU.s:276    .text.SYSCFG_GetCompensationCellStatus:00000014 $d

UNDEFINED SYMBOLS
RCC_APB2PeriphResetCmd
