ARM GAS  C:\Users\savao\AppData\Local\Temp\ccvZX5Kk.s 			page 1


   1              		.cpu cortex-m4
   2              		.eabi_attribute 27, 1
   3              		.eabi_attribute 28, 1
   4              		.eabi_attribute 20, 1
   5              		.eabi_attribute 21, 1
   6              		.eabi_attribute 23, 3
   7              		.eabi_attribute 24, 1
   8              		.eabi_attribute 25, 1
   9              		.eabi_attribute 26, 1
  10              		.eabi_attribute 30, 1
  11              		.eabi_attribute 34, 1
  12              		.eabi_attribute 18, 4
  13              		.file	"exti.c"
  14              		.text
  15              	.Ltext0:
  16              		.cfi_sections	.debug_frame
  17              		.section	.text.EXTI0_IRQHandler,"ax",%progbits
  18              		.align	1
  19              		.global	EXTI0_IRQHandler
  20              		.arch armv7e-m
  21              		.syntax unified
  22              		.thumb
  23              		.thumb_func
  24              		.fpu fpv4-sp-d16
  26              	EXTI0_IRQHandler:
  27              	.LFB130:
  28              		.file 1 "Core/Src/exti.c"
   1:Core/Src/exti.c **** //////////////////////////////////////////////////////////////////////////////////	 
   2:Core/Src/exti.c **** //本程序只供学习使用，未经作者许可，不得用于其它商业用途
   3:Core/Src/exti.c **** //测试硬件：单片机STM32F407VGT6,STM32F407VxT6最小系统开发板,主频168MHZ，晶振8MHZ
   4:Core/Src/exti.c **** //QDtech-TFT液晶驱动 for STM32 FSMC
   5:Core/Src/exti.c **** //Chan@ShenZhen QDtech co.,LTD
   6:Core/Src/exti.c **** //公司网站:www.qdtft.com
   7:Core/Src/exti.c **** //wiki技术资料网站：http://www.lcdwiki.com
   8:Core/Src/exti.c **** //我司提供技术支持，任何技术问题欢迎随时交流学习
   9:Core/Src/exti.c **** //固话(传真) :+86 0755-21077707 
  10:Core/Src/exti.c **** //手机: (销售)18823372746 （技术)15989313508
  11:Core/Src/exti.c **** //邮箱:(销售/订单) sales@qdtft.com  (售后/技术服务)service@qdtft.com
  12:Core/Src/exti.c **** //QQ:(售前咨询)3002706772 (技术支持)3002778157
  13:Core/Src/exti.c **** //技术交流QQ群:778679828
  14:Core/Src/exti.c **** //创建日期:2020/06/29
  15:Core/Src/exti.c **** //版本：V1.0
  16:Core/Src/exti.c **** //版权所有，盗版必究。
  17:Core/Src/exti.c **** //Copyright(C) 深圳市全动电子技术有限公司 2018-2028
  18:Core/Src/exti.c **** //All rights reserved
  19:Core/Src/exti.c **** /************************************************************************************
  20:Core/Src/exti.c **** //STM32F407VxT6最小系统开发板外部中断示例
  21:Core/Src/exti.c **** //LED0   --->   PA1
  22:Core/Src/exti.c **** //LED1   --->   PC5
  23:Core/Src/exti.c **** //KEY0   --->   PE4
  24:Core/Src/exti.c **** //KEY_UP --->   PA0
  25:Core/Src/exti.c **** *************************************************************************************/	
  26:Core/Src/exti.c ****  /* @attention
  27:Core/Src/exti.c ****   *
  28:Core/Src/exti.c ****   * THE PRESENT FIRMWARE WHICH IS FOR GUIDANCE ONLY AIMS AT PROVIDING CUSTOMERS
  29:Core/Src/exti.c ****   * WITH CODING INFORMATION REGARDING THEIR PRODUCTS IN ORDER FOR THEM TO SAVE
  30:Core/Src/exti.c ****   * TIME. AS A RESULT, QD electronic SHALL NOT BE HELD LIABLE FOR ANY
ARM GAS  C:\Users\savao\AppData\Local\Temp\ccvZX5Kk.s 			page 2


  31:Core/Src/exti.c ****   * DIRECT, INDIRECT OR CONSEQUENTIAL DAMAGES WITH RESPECT TO ANY CLAIMS ARISING
  32:Core/Src/exti.c ****   * FROM THE CONTENT OF SUCH FIRMWARE AND/OR THE USE MADE BY CUSTOMERS OF THE
  33:Core/Src/exti.c ****   * CODING INFORMATION CONTAINED HEREIN IN CONNECTION WITH THEIR PRODUCTS.
  34:Core/Src/exti.c **** *************************************************************************************/
  35:Core/Src/exti.c **** #include "exti.h"
  36:Core/Src/exti.c **** #include "delay.h" 
  37:Core/Src/exti.c **** #include "led.h" 
  38:Core/Src/exti.c **** #include "key.h"
  39:Core/Src/exti.c **** 
  40:Core/Src/exti.c **** /*****************************************************************************
  41:Core/Src/exti.c ****  * @name       :void EXTI0_IRQHandler(void)
  42:Core/Src/exti.c ****  * @date       :2020-05-08 
  43:Core/Src/exti.c ****  * @function   :External interrupt 0 service routine
  44:Core/Src/exti.c ****  * @parameters :None
  45:Core/Src/exti.c ****  * @retvalue   :None
  46:Core/Src/exti.c **** ******************************************************************************/	 
  47:Core/Src/exti.c **** void EXTI0_IRQHandler(void)
  48:Core/Src/exti.c **** {
  29              		.loc 1 48 1 view -0
  30              		.cfi_startproc
  31              		@ args = 0, pretend = 0, frame = 0
  32              		@ frame_needed = 0, uses_anonymous_args = 0
  33 0000 08B5     		push	{r3, lr}
  34              	.LCFI0:
  35              		.cfi_def_cfa_offset 8
  36              		.cfi_offset 3, -8
  37              		.cfi_offset 14, -4
  49:Core/Src/exti.c **** 	delay_ms(10);	//消抖
  38              		.loc 1 49 2 view .LVU1
  39 0002 0A20     		movs	r0, #10
  40 0004 FFF7FEFF 		bl	delay_ms
  41              	.LVL0:
  50:Core/Src/exti.c **** 	if(KEY_UP_VALUE==1)	 
  42              		.loc 1 50 2 view .LVU2
  43              		.loc 1 50 5 is_stmt 0 view .LVU3
  44 0008 0121     		movs	r1, #1
  45 000a 0948     		ldr	r0, .L5
  46 000c FFF7FEFF 		bl	GPIO_ReadInputDataBit
  47              	.LVL1:
  48              		.loc 1 50 4 view .LVU4
  49 0010 0128     		cmp	r0, #1
  50 0012 03D0     		beq	.L4
  51              	.L2:
  51:Core/Src/exti.c **** 	{
  52:Core/Src/exti.c **** 		LED1=!LED1;
  53:Core/Src/exti.c **** 	}		 
  54:Core/Src/exti.c **** 	EXTI_ClearITPendingBit(EXTI_Line0); //清除LINE0上的中断标志位 
  52              		.loc 1 54 2 is_stmt 1 view .LVU5
  53 0014 0120     		movs	r0, #1
  54 0016 FFF7FEFF 		bl	EXTI_ClearITPendingBit
  55              	.LVL2:
  55:Core/Src/exti.c **** }	
  56              		.loc 1 55 1 is_stmt 0 view .LVU6
  57 001a 08BD     		pop	{r3, pc}
  58              	.L4:
  52:Core/Src/exti.c **** 	}		 
  59              		.loc 1 52 3 is_stmt 1 view .LVU7
ARM GAS  C:\Users\savao\AppData\Local\Temp\ccvZX5Kk.s 			page 3


  52:Core/Src/exti.c **** 	}		 
  60              		.loc 1 52 9 is_stmt 0 view .LVU8
  61 001c 054A     		ldr	r2, .L5+4
  62 001e D2F89432 		ldr	r3, [r2, #660]
  52:Core/Src/exti.c **** 	}		 
  63              		.loc 1 52 8 view .LVU9
  64 0022 B3FA83F3 		clz	r3, r3
  65 0026 5B09     		lsrs	r3, r3, #5
  52:Core/Src/exti.c **** 	}		 
  66              		.loc 1 52 7 view .LVU10
  67 0028 C2F89432 		str	r3, [r2, #660]
  68 002c F2E7     		b	.L2
  69              	.L6:
  70 002e 00BF     		.align	2
  71              	.L5:
  72 0030 00000240 		.word	1073872896
  73 0034 00004142 		.word	1111556096
  74              		.cfi_endproc
  75              	.LFE130:
  77              		.section	.text.EXTI4_IRQHandler,"ax",%progbits
  78              		.align	1
  79              		.global	EXTI4_IRQHandler
  80              		.syntax unified
  81              		.thumb
  82              		.thumb_func
  83              		.fpu fpv4-sp-d16
  85              	EXTI4_IRQHandler:
  86              	.LFB131:
  56:Core/Src/exti.c **** 
  57:Core/Src/exti.c **** /*****************************************************************************
  58:Core/Src/exti.c ****  * @name       :void EXTI4_IRQHandler(void)
  59:Core/Src/exti.c ****  * @date       :2020-05-08 
  60:Core/Src/exti.c ****  * @function   :External interrupt 4 service routine
  61:Core/Src/exti.c ****  * @parameters :None
  62:Core/Src/exti.c ****  * @retvalue   :None
  63:Core/Src/exti.c **** ******************************************************************************/	
  64:Core/Src/exti.c **** void EXTI4_IRQHandler(void)
  65:Core/Src/exti.c **** {
  87              		.loc 1 65 1 is_stmt 1 view -0
  88              		.cfi_startproc
  89              		@ args = 0, pretend = 0, frame = 0
  90              		@ frame_needed = 0, uses_anonymous_args = 0
  91 0000 08B5     		push	{r3, lr}
  92              	.LCFI1:
  93              		.cfi_def_cfa_offset 8
  94              		.cfi_offset 3, -8
  95              		.cfi_offset 14, -4
  66:Core/Src/exti.c **** 	delay_ms(10);	//消抖
  96              		.loc 1 66 2 view .LVU12
  97 0002 0A20     		movs	r0, #10
  98 0004 FFF7FEFF 		bl	delay_ms
  99              	.LVL3:
  67:Core/Src/exti.c **** 	if(KEY0_VALUE==0)	 
 100              		.loc 1 67 2 view .LVU13
 101              		.loc 1 67 5 is_stmt 0 view .LVU14
 102 0008 1021     		movs	r1, #16
 103 000a 0848     		ldr	r0, .L10
ARM GAS  C:\Users\savao\AppData\Local\Temp\ccvZX5Kk.s 			page 4


 104 000c FFF7FEFF 		bl	GPIO_ReadInputDataBit
 105              	.LVL4:
 106              		.loc 1 67 4 view .LVU15
 107 0010 38B9     		cbnz	r0, .L8
  68:Core/Src/exti.c **** 	{				 
  69:Core/Src/exti.c **** 		LED0=!LED0;		
 108              		.loc 1 69 3 is_stmt 1 view .LVU16
 109              		.loc 1 69 9 is_stmt 0 view .LVU17
 110 0012 074A     		ldr	r2, .L10+4
 111 0014 D2F88432 		ldr	r3, [r2, #644]
 112              		.loc 1 69 8 view .LVU18
 113 0018 B3FA83F3 		clz	r3, r3
 114 001c 5B09     		lsrs	r3, r3, #5
 115              		.loc 1 69 7 view .LVU19
 116 001e C2F88432 		str	r3, [r2, #644]
 117              	.L8:
  70:Core/Src/exti.c **** 	}		 
  71:Core/Src/exti.c **** 	EXTI_ClearITPendingBit(EXTI_Line4);//清除LINE4上的中断标志位  
 118              		.loc 1 71 2 is_stmt 1 view .LVU20
 119 0022 1020     		movs	r0, #16
 120 0024 FFF7FEFF 		bl	EXTI_ClearITPendingBit
 121              	.LVL5:
  72:Core/Src/exti.c **** }
 122              		.loc 1 72 1 is_stmt 0 view .LVU21
 123 0028 08BD     		pop	{r3, pc}
 124              	.L11:
 125 002a 00BF     		.align	2
 126              	.L10:
 127 002c 00100240 		.word	1073876992
 128 0030 00004042 		.word	1111490560
 129              		.cfi_endproc
 130              	.LFE131:
 132              		.section	.text.EXTIX_Init,"ax",%progbits
 133              		.align	1
 134              		.global	EXTIX_Init
 135              		.syntax unified
 136              		.thumb
 137              		.thumb_func
 138              		.fpu fpv4-sp-d16
 140              	EXTIX_Init:
 141              	.LFB132:
  73:Core/Src/exti.c **** 
  74:Core/Src/exti.c **** /*****************************************************************************
  75:Core/Src/exti.c ****  * @name       :void EXTIX_Init(void)
  76:Core/Src/exti.c ****  * @date       :2020-05-08 
  77:Core/Src/exti.c ****  * @function   :External interrupt initializer
  78:Core/Src/exti.c ****  * @parameters :None
  79:Core/Src/exti.c ****  * @retvalue   :None
  80:Core/Src/exti.c **** ******************************************************************************/	   
  81:Core/Src/exti.c **** void EXTIX_Init(void)
  82:Core/Src/exti.c **** {
 142              		.loc 1 82 1 is_stmt 1 view -0
 143              		.cfi_startproc
 144              		@ args = 0, pretend = 0, frame = 16
 145              		@ frame_needed = 0, uses_anonymous_args = 0
 146 0000 30B5     		push	{r4, r5, lr}
 147              	.LCFI2:
ARM GAS  C:\Users\savao\AppData\Local\Temp\ccvZX5Kk.s 			page 5


 148              		.cfi_def_cfa_offset 12
 149              		.cfi_offset 4, -12
 150              		.cfi_offset 5, -8
 151              		.cfi_offset 14, -4
 152 0002 85B0     		sub	sp, sp, #20
 153              	.LCFI3:
 154              		.cfi_def_cfa_offset 32
  83:Core/Src/exti.c **** 	NVIC_InitTypeDef   NVIC_InitStructure;
 155              		.loc 1 83 2 view .LVU23
  84:Core/Src/exti.c **** 	EXTI_InitTypeDef   EXTI_InitStructure;
 156              		.loc 1 84 2 view .LVU24
  85:Core/Src/exti.c **** 	RCC_APB2PeriphClockCmd(RCC_APB2Periph_SYSCFG, ENABLE);//使能SYSCFG时钟
 157              		.loc 1 85 2 view .LVU25
 158 0004 0121     		movs	r1, #1
 159 0006 4FF48040 		mov	r0, #16384
 160 000a FFF7FEFF 		bl	RCC_APB2PeriphClockCmd
 161              	.LVL6:
  86:Core/Src/exti.c **** 
  87:Core/Src/exti.c **** 	SYSCFG_EXTILineConfig(EXTI_PortSourceGPIOE, EXTI_PinSource4);//PE4 连接到中断线4
 162              		.loc 1 87 2 view .LVU26
 163 000e 0421     		movs	r1, #4
 164 0010 0846     		mov	r0, r1
 165 0012 FFF7FEFF 		bl	SYSCFG_EXTILineConfig
 166              	.LVL7:
  88:Core/Src/exti.c **** 	SYSCFG_EXTILineConfig(EXTI_PortSourceGPIOA, EXTI_PinSource0);//PA0 连接到中断线0
 167              		.loc 1 88 2 view .LVU27
 168 0016 0021     		movs	r1, #0
 169 0018 0846     		mov	r0, r1
 170 001a FFF7FEFF 		bl	SYSCFG_EXTILineConfig
 171              	.LVL8:
  89:Core/Src/exti.c **** 
  90:Core/Src/exti.c **** 	//配置EXTI_Line0
  91:Core/Src/exti.c **** 	EXTI_InitStructure.EXTI_Line = EXTI_Line0;//LINE0
 172              		.loc 1 91 2 view .LVU28
 173              		.loc 1 91 31 is_stmt 0 view .LVU29
 174 001e 0124     		movs	r4, #1
 175 0020 0194     		str	r4, [sp, #4]
  92:Core/Src/exti.c **** 	EXTI_InitStructure.EXTI_Mode = EXTI_Mode_Interrupt;//中断事件
 176              		.loc 1 92 2 is_stmt 1 view .LVU30
 177              		.loc 1 92 31 is_stmt 0 view .LVU31
 178 0022 0025     		movs	r5, #0
 179 0024 8DF80850 		strb	r5, [sp, #8]
  93:Core/Src/exti.c **** 	EXTI_InitStructure.EXTI_Trigger = EXTI_Trigger_Rising; //上升沿触发 
 180              		.loc 1 93 2 is_stmt 1 view .LVU32
 181              		.loc 1 93 34 is_stmt 0 view .LVU33
 182 0028 0823     		movs	r3, #8
 183 002a 8DF80930 		strb	r3, [sp, #9]
  94:Core/Src/exti.c **** 	EXTI_InitStructure.EXTI_LineCmd = ENABLE;//使能LINE0
 184              		.loc 1 94 2 is_stmt 1 view .LVU34
 185              		.loc 1 94 34 is_stmt 0 view .LVU35
 186 002e 8DF80A40 		strb	r4, [sp, #10]
  95:Core/Src/exti.c **** 	EXTI_Init(&EXTI_InitStructure);//配置
 187              		.loc 1 95 2 is_stmt 1 view .LVU36
 188 0032 01A8     		add	r0, sp, #4
 189 0034 FFF7FEFF 		bl	EXTI_Init
 190              	.LVL9:
  96:Core/Src/exti.c **** 
ARM GAS  C:\Users\savao\AppData\Local\Temp\ccvZX5Kk.s 			page 6


  97:Core/Src/exti.c **** 	//配置EXTI_Line4
  98:Core/Src/exti.c **** 	EXTI_InitStructure.EXTI_Line = EXTI_Line4;
 191              		.loc 1 98 2 view .LVU37
 192              		.loc 1 98 31 is_stmt 0 view .LVU38
 193 0038 1023     		movs	r3, #16
 194 003a 0193     		str	r3, [sp, #4]
  99:Core/Src/exti.c **** 	EXTI_InitStructure.EXTI_Mode = EXTI_Mode_Interrupt;//中断事件
 195              		.loc 1 99 2 is_stmt 1 view .LVU39
 196              		.loc 1 99 31 is_stmt 0 view .LVU40
 197 003c 8DF80850 		strb	r5, [sp, #8]
 100:Core/Src/exti.c **** 	EXTI_InitStructure.EXTI_Trigger = EXTI_Trigger_Falling; //下降沿触发
 198              		.loc 1 100 2 is_stmt 1 view .LVU41
 199              		.loc 1 100 34 is_stmt 0 view .LVU42
 200 0040 0C23     		movs	r3, #12
 201 0042 8DF80930 		strb	r3, [sp, #9]
 101:Core/Src/exti.c **** 	EXTI_InitStructure.EXTI_LineCmd = ENABLE;//中断线使能
 202              		.loc 1 101 2 is_stmt 1 view .LVU43
 203              		.loc 1 101 34 is_stmt 0 view .LVU44
 204 0046 8DF80A40 		strb	r4, [sp, #10]
 102:Core/Src/exti.c **** 	EXTI_Init(&EXTI_InitStructure);//配置
 205              		.loc 1 102 2 is_stmt 1 view .LVU45
 206 004a 01A8     		add	r0, sp, #4
 207 004c FFF7FEFF 		bl	EXTI_Init
 208              	.LVL10:
 103:Core/Src/exti.c **** 
 104:Core/Src/exti.c **** 	NVIC_InitStructure.NVIC_IRQChannel = EXTI0_IRQn;//外部中断0
 209              		.loc 1 104 2 view .LVU46
 210              		.loc 1 104 37 is_stmt 0 view .LVU47
 211 0050 0623     		movs	r3, #6
 212 0052 8DF80C30 		strb	r3, [sp, #12]
 105:Core/Src/exti.c **** 	NVIC_InitStructure.NVIC_IRQChannelPreemptionPriority = 0x00;//抢占优先级0
 213              		.loc 1 105 2 is_stmt 1 view .LVU48
 214              		.loc 1 105 55 is_stmt 0 view .LVU49
 215 0056 8DF80D50 		strb	r5, [sp, #13]
 106:Core/Src/exti.c **** 	NVIC_InitStructure.NVIC_IRQChannelSubPriority = 0x02;//子优先级2
 216              		.loc 1 106 2 is_stmt 1 view .LVU50
 217              		.loc 1 106 48 is_stmt 0 view .LVU51
 218 005a 0225     		movs	r5, #2
 219 005c 8DF80E50 		strb	r5, [sp, #14]
 107:Core/Src/exti.c **** 	NVIC_InitStructure.NVIC_IRQChannelCmd = ENABLE;//使能外部中断通道
 220              		.loc 1 107 2 is_stmt 1 view .LVU52
 221              		.loc 1 107 40 is_stmt 0 view .LVU53
 222 0060 8DF80F40 		strb	r4, [sp, #15]
 108:Core/Src/exti.c **** 	NVIC_Init(&NVIC_InitStructure);//配置
 223              		.loc 1 108 2 is_stmt 1 view .LVU54
 224 0064 03A8     		add	r0, sp, #12
 225 0066 FFF7FEFF 		bl	NVIC_Init
 226              	.LVL11:
 109:Core/Src/exti.c **** 
 110:Core/Src/exti.c **** 	NVIC_InitStructure.NVIC_IRQChannel = EXTI4_IRQn;//外部中断4
 227              		.loc 1 110 2 view .LVU55
 228              		.loc 1 110 37 is_stmt 0 view .LVU56
 229 006a 0A23     		movs	r3, #10
 230 006c 8DF80C30 		strb	r3, [sp, #12]
 111:Core/Src/exti.c **** 	NVIC_InitStructure.NVIC_IRQChannelPreemptionPriority = 0x01;//抢占优先级1
 231              		.loc 1 111 2 is_stmt 1 view .LVU57
 232              		.loc 1 111 55 is_stmt 0 view .LVU58
ARM GAS  C:\Users\savao\AppData\Local\Temp\ccvZX5Kk.s 			page 7


 233 0070 8DF80D40 		strb	r4, [sp, #13]
 112:Core/Src/exti.c **** 	NVIC_InitStructure.NVIC_IRQChannelSubPriority = 0x02;//子优先级2
 234              		.loc 1 112 2 is_stmt 1 view .LVU59
 235              		.loc 1 112 48 is_stmt 0 view .LVU60
 236 0074 8DF80E50 		strb	r5, [sp, #14]
 113:Core/Src/exti.c **** 	NVIC_InitStructure.NVIC_IRQChannelCmd = ENABLE;//使能外部中断通道
 237              		.loc 1 113 2 is_stmt 1 view .LVU61
 238              		.loc 1 113 40 is_stmt 0 view .LVU62
 239 0078 8DF80F40 		strb	r4, [sp, #15]
 114:Core/Src/exti.c **** 	NVIC_Init(&NVIC_InitStructure);//配置 
 240              		.loc 1 114 2 is_stmt 1 view .LVU63
 241 007c 03A8     		add	r0, sp, #12
 242 007e FFF7FEFF 		bl	NVIC_Init
 243              	.LVL12:
 115:Core/Src/exti.c **** }
 244              		.loc 1 115 1 is_stmt 0 view .LVU64
 245 0082 05B0     		add	sp, sp, #20
 246              	.LCFI4:
 247              		.cfi_def_cfa_offset 12
 248              		@ sp needed
 249 0084 30BD     		pop	{r4, r5, pc}
 250              		.cfi_endproc
 251              	.LFE132:
 253              		.text
 254              	.Letext0:
 255              		.file 2 "c:\\program files (x86)\\gnu arm embedded toolchain\\10 2020-q4-major\\arm-none-eabi\\inc
 256              		.file 3 "c:\\program files (x86)\\gnu arm embedded toolchain\\10 2020-q4-major\\arm-none-eabi\\inc
 257              		.file 4 "Core/Inc/stm32f4xx.h"
 258              		.file 5 "Drivers/STM32F4xx_FWLIB/inc/stm32f4xx_exti.h"
 259              		.file 6 "Drivers/STM32F4xx_FWLIB/inc/misc.h"
 260              		.file 7 "Drivers/STM32F4xx_FWLIB/inc/stm32f4xx_rcc.h"
 261              		.file 8 "Drivers/STM32F4xx_FWLIB/inc/stm32f4xx_syscfg.h"
 262              		.file 9 "Core/Inc/delay.h"
 263              		.file 10 "Drivers/STM32F4xx_FWLIB/inc/stm32f4xx_gpio.h"
ARM GAS  C:\Users\savao\AppData\Local\Temp\ccvZX5Kk.s 			page 8


DEFINED SYMBOLS
                            *ABS*:00000000 exti.c
C:\Users\savao\AppData\Local\Temp\ccvZX5Kk.s:18     .text.EXTI0_IRQHandler:00000000 $t
C:\Users\savao\AppData\Local\Temp\ccvZX5Kk.s:26     .text.EXTI0_IRQHandler:00000000 EXTI0_IRQHandler
C:\Users\savao\AppData\Local\Temp\ccvZX5Kk.s:72     .text.EXTI0_IRQHandler:00000030 $d
C:\Users\savao\AppData\Local\Temp\ccvZX5Kk.s:78     .text.EXTI4_IRQHandler:00000000 $t
C:\Users\savao\AppData\Local\Temp\ccvZX5Kk.s:85     .text.EXTI4_IRQHandler:00000000 EXTI4_IRQHandler
C:\Users\savao\AppData\Local\Temp\ccvZX5Kk.s:127    .text.EXTI4_IRQHandler:0000002c $d
C:\Users\savao\AppData\Local\Temp\ccvZX5Kk.s:133    .text.EXTIX_Init:00000000 $t
C:\Users\savao\AppData\Local\Temp\ccvZX5Kk.s:140    .text.EXTIX_Init:00000000 EXTIX_Init

UNDEFINED SYMBOLS
delay_ms
GPIO_ReadInputDataBit
EXTI_ClearITPendingBit
RCC_APB2PeriphClockCmd
SYSCFG_EXTILineConfig
EXTI_Init
NVIC_Init
