ARM GAS  C:\Users\savao\AppData\Local\Temp\ccTZ8lyW.s 			page 1


   1              		.cpu cortex-m4
   2              		.eabi_attribute 27, 1
   3              		.eabi_attribute 28, 1
   4              		.eabi_attribute 20, 1
   5              		.eabi_attribute 21, 1
   6              		.eabi_attribute 23, 3
   7              		.eabi_attribute 24, 1
   8              		.eabi_attribute 25, 1
   9              		.eabi_attribute 26, 1
  10              		.eabi_attribute 30, 1
  11              		.eabi_attribute 34, 1
  12              		.eabi_attribute 18, 4
  13              		.file	"key.c"
  14              		.text
  15              	.Ltext0:
  16              		.cfi_sections	.debug_frame
  17              		.section	.text.KEY_Init,"ax",%progbits
  18              		.align	1
  19              		.global	KEY_Init
  20              		.arch armv7e-m
  21              		.syntax unified
  22              		.thumb
  23              		.thumb_func
  24              		.fpu fpv4-sp-d16
  26              	KEY_Init:
  27              	.LFB130:
  28              		.file 1 "Core/Src/key.c"
   1:Core/Src/key.c **** //////////////////////////////////////////////////////////////////////////////////	 
   2:Core/Src/key.c **** //本程序只供学习使用，未经作者许可，不得用于其它商业用途
   3:Core/Src/key.c **** //测试硬件：单片机STM32F407VGT6,STM32F407VxT6最小系统开发板,主频168MHZ，晶振8MHZ
   4:Core/Src/key.c **** //QDtech-TFT液晶驱动 for STM32 FSMC
   5:Core/Src/key.c **** //Chan@ShenZhen QDtech co.,LTD
   6:Core/Src/key.c **** //公司网站:www.qdtft.com
   7:Core/Src/key.c **** //wiki技术资料网站：http://www.lcdwiki.com
   8:Core/Src/key.c **** //我司提供技术支持，任何技术问题欢迎随时交流学习
   9:Core/Src/key.c **** //固话(传真) :+86 0755-21077707 
  10:Core/Src/key.c **** //手机: (销售)18823372746 （技术)15989313508
  11:Core/Src/key.c **** //邮箱:(销售/订单) sales@qdtft.com  (售后/技术服务)service@qdtft.com
  12:Core/Src/key.c **** //QQ:(售前咨询)3002706772 (技术支持)3002778157
  13:Core/Src/key.c **** //技术交流QQ群:778679828
  14:Core/Src/key.c **** //创建日期:2020/06/29
  15:Core/Src/key.c **** //版本：V1.0
  16:Core/Src/key.c **** //版权所有，盗版必究。
  17:Core/Src/key.c **** //Copyright(C) 深圳市全动电子技术有限公司 2018-2028
  18:Core/Src/key.c **** //All rights reserved
  19:Core/Src/key.c **** /************************************************************************************
  20:Core/Src/key.c **** //STM32F407VxT6最小系统开发板外部中断示例
  21:Core/Src/key.c **** //LED0   --->   PA1
  22:Core/Src/key.c **** //LED1   --->   PC5
  23:Core/Src/key.c **** //KEY0   --->   PE4
  24:Core/Src/key.c **** //KEY_UP --->   PA0
  25:Core/Src/key.c **** *************************************************************************************/	
  26:Core/Src/key.c ****  /* @attention
  27:Core/Src/key.c ****   *
  28:Core/Src/key.c ****   * THE PRESENT FIRMWARE WHICH IS FOR GUIDANCE ONLY AIMS AT PROVIDING CUSTOMERS
  29:Core/Src/key.c ****   * WITH CODING INFORMATION REGARDING THEIR PRODUCTS IN ORDER FOR THEM TO SAVE
  30:Core/Src/key.c ****   * TIME. AS A RESULT, QD electronic SHALL NOT BE HELD LIABLE FOR ANY
ARM GAS  C:\Users\savao\AppData\Local\Temp\ccTZ8lyW.s 			page 2


  31:Core/Src/key.c ****   * DIRECT, INDIRECT OR CONSEQUENTIAL DAMAGES WITH RESPECT TO ANY CLAIMS ARISING
  32:Core/Src/key.c ****   * FROM THE CONTENT OF SUCH FIRMWARE AND/OR THE USE MADE BY CUSTOMERS OF THE
  33:Core/Src/key.c ****   * CODING INFORMATION CONTAINED HEREIN IN CONNECTION WITH THEIR PRODUCTS.
  34:Core/Src/key.c **** *************************************************************************************/
  35:Core/Src/key.c **** #include "key.h"
  36:Core/Src/key.c **** #include "delay.h"  
  37:Core/Src/key.c **** 
  38:Core/Src/key.c **** /*****************************************************************************
  39:Core/Src/key.c ****  * @name       :void KEY_Init(void)
  40:Core/Src/key.c ****  * @date       :2020-05-08 
  41:Core/Src/key.c ****  * @function   :Initialize KEY GPIO
  42:Core/Src/key.c ****  * @parameters :None
  43:Core/Src/key.c ****  * @retvalue   :None
  44:Core/Src/key.c **** ******************************************************************************/	 
  45:Core/Src/key.c **** void KEY_Init(void)
  46:Core/Src/key.c **** {
  29              		.loc 1 46 1 view -0
  30              		.cfi_startproc
  31              		@ args = 0, pretend = 0, frame = 8
  32              		@ frame_needed = 0, uses_anonymous_args = 0
  33 0000 10B5     		push	{r4, lr}
  34              	.LCFI0:
  35              		.cfi_def_cfa_offset 8
  36              		.cfi_offset 4, -8
  37              		.cfi_offset 14, -4
  38 0002 82B0     		sub	sp, sp, #8
  39              	.LCFI1:
  40              		.cfi_def_cfa_offset 16
  47:Core/Src/key.c **** 	GPIO_InitTypeDef  GPIO_InitStructure;
  41              		.loc 1 47 2 view .LVU1
  48:Core/Src/key.c **** 	RCC_AHB1PeriphClockCmd(RCC_AHB1Periph_GPIOA|RCC_AHB1Periph_GPIOE, ENABLE);//使能GPIOA,GPIOE时钟
  42              		.loc 1 48 2 view .LVU2
  43 0004 0121     		movs	r1, #1
  44 0006 1120     		movs	r0, #17
  45 0008 FFF7FEFF 		bl	RCC_AHB1PeriphClockCmd
  46              	.LVL0:
  49:Core/Src/key.c **** 	GPIO_InitStructure.GPIO_Pin = GPIO_Pin_4;          //KEY0 对应引脚
  47              		.loc 1 49 2 view .LVU3
  48              		.loc 1 49 30 is_stmt 0 view .LVU4
  49 000c 1023     		movs	r3, #16
  50 000e 0093     		str	r3, [sp]
  50:Core/Src/key.c **** 	GPIO_InitStructure.GPIO_Mode = GPIO_Mode_IN;       //普通输入模式
  51              		.loc 1 50 2 is_stmt 1 view .LVU5
  52              		.loc 1 50 31 is_stmt 0 view .LVU6
  53 0010 0023     		movs	r3, #0
  54 0012 8DF80430 		strb	r3, [sp, #4]
  51:Core/Src/key.c **** 	GPIO_InitStructure.GPIO_Speed = GPIO_Speed_100MHz; //100M
  55              		.loc 1 51 2 is_stmt 1 view .LVU7
  56              		.loc 1 51 32 is_stmt 0 view .LVU8
  57 0016 0323     		movs	r3, #3
  58 0018 8DF80530 		strb	r3, [sp, #5]
  52:Core/Src/key.c **** 	GPIO_InitStructure.GPIO_PuPd = GPIO_PuPd_UP ;      //上拉
  59              		.loc 1 52 2 is_stmt 1 view .LVU9
  60              		.loc 1 52 31 is_stmt 0 view .LVU10
  61 001c 0124     		movs	r4, #1
  62 001e 8DF80740 		strb	r4, [sp, #7]
  53:Core/Src/key.c **** 	GPIO_Init(GPIOE, &GPIO_InitStructure);             //初始化PE4
ARM GAS  C:\Users\savao\AppData\Local\Temp\ccTZ8lyW.s 			page 3


  63              		.loc 1 53 2 is_stmt 1 view .LVU11
  64 0022 6946     		mov	r1, sp
  65 0024 0648     		ldr	r0, .L3
  66 0026 FFF7FEFF 		bl	GPIO_Init
  67              	.LVL1:
  54:Core/Src/key.c **** 	 
  55:Core/Src/key.c **** 	GPIO_InitStructure.GPIO_Pin = GPIO_Pin_0;          //KEY_UP对应引脚PA0
  68              		.loc 1 55 2 view .LVU12
  69              		.loc 1 55 30 is_stmt 0 view .LVU13
  70 002a 0094     		str	r4, [sp]
  56:Core/Src/key.c **** 	GPIO_InitStructure.GPIO_PuPd = GPIO_PuPd_DOWN ;    //下拉
  71              		.loc 1 56 2 is_stmt 1 view .LVU14
  72              		.loc 1 56 31 is_stmt 0 view .LVU15
  73 002c 0223     		movs	r3, #2
  74 002e 8DF80730 		strb	r3, [sp, #7]
  57:Core/Src/key.c **** 	GPIO_Init(GPIOA, &GPIO_InitStructure);             //初始化PA0
  75              		.loc 1 57 2 is_stmt 1 view .LVU16
  76 0032 6946     		mov	r1, sp
  77 0034 0348     		ldr	r0, .L3+4
  78 0036 FFF7FEFF 		bl	GPIO_Init
  79              	.LVL2:
  58:Core/Src/key.c **** } 
  80              		.loc 1 58 1 is_stmt 0 view .LVU17
  81 003a 02B0     		add	sp, sp, #8
  82              	.LCFI2:
  83              		.cfi_def_cfa_offset 8
  84              		@ sp needed
  85 003c 10BD     		pop	{r4, pc}
  86              	.L4:
  87 003e 00BF     		.align	2
  88              	.L3:
  89 0040 00100240 		.word	1073876992
  90 0044 00000240 		.word	1073872896
  91              		.cfi_endproc
  92              	.LFE130:
  94              		.text
  95              	.Letext0:
  96              		.file 2 "c:\\program files (x86)\\gnu arm embedded toolchain\\10 2020-q4-major\\arm-none-eabi\\inc
  97              		.file 3 "c:\\program files (x86)\\gnu arm embedded toolchain\\10 2020-q4-major\\arm-none-eabi\\inc
  98              		.file 4 "Core/Inc/stm32f4xx.h"
  99              		.file 5 "Drivers/STM32F4xx_FWLIB/inc/stm32f4xx_gpio.h"
 100              		.file 6 "Drivers/STM32F4xx_FWLIB/inc/stm32f4xx_rcc.h"
ARM GAS  C:\Users\savao\AppData\Local\Temp\ccTZ8lyW.s 			page 4


DEFINED SYMBOLS
                            *ABS*:00000000 key.c
C:\Users\savao\AppData\Local\Temp\ccTZ8lyW.s:18     .text.KEY_Init:00000000 $t
C:\Users\savao\AppData\Local\Temp\ccTZ8lyW.s:26     .text.KEY_Init:00000000 KEY_Init
C:\Users\savao\AppData\Local\Temp\ccTZ8lyW.s:89     .text.KEY_Init:00000040 $d

UNDEFINED SYMBOLS
RCC_AHB1PeriphClockCmd
GPIO_Init
