ARM GAS  C:\Users\savao\AppData\Local\Temp\ccZozS2m.s 			page 1


   1              		.cpu cortex-m4
   2              		.eabi_attribute 27, 1
   3              		.eabi_attribute 28, 1
   4              		.eabi_attribute 20, 1
   5              		.eabi_attribute 21, 1
   6              		.eabi_attribute 23, 3
   7              		.eabi_attribute 24, 1
   8              		.eabi_attribute 25, 1
   9              		.eabi_attribute 26, 1
  10              		.eabi_attribute 30, 1
  11              		.eabi_attribute 34, 1
  12              		.eabi_attribute 18, 4
  13              		.file	"main.c"
  14              		.text
  15              	.Ltext0:
  16              		.cfi_sections	.debug_frame
  17              		.section	.text.main,"ax",%progbits
  18              		.align	1
  19              		.global	main
  20              		.arch armv7e-m
  21              		.syntax unified
  22              		.thumb
  23              		.thumb_func
  24              		.fpu fpv4-sp-d16
  26              	main:
  27              	.LFB130:
  28              		.file 1 "Core/Src/main.c"
   1:Core/Src/main.c **** //////////////////////////////////////////////////////////////////////////////////	 
   2:Core/Src/main.c **** //本程序只供学习使用，未经作者许可，不得用于其它商业用途
   3:Core/Src/main.c **** //测试硬件：单片机STM32F407VGT6,STM32F407VxT6最小系统开发板,主频168MHZ，晶振8MHZ
   4:Core/Src/main.c **** //QDtech-TFT液晶驱动 for STM32 FSMC
   5:Core/Src/main.c **** //Chan@ShenZhen QDtech co.,LTD
   6:Core/Src/main.c **** //公司网站:www.qdtft.com
   7:Core/Src/main.c **** //wiki技术资料网站：http://www.lcdwiki.com
   8:Core/Src/main.c **** //我司提供技术支持，任何技术问题欢迎随时交流学习
   9:Core/Src/main.c **** //固话(传真) :+86 0755-21077707 
  10:Core/Src/main.c **** //手机: (销售)18823372746 （技术)15989313508
  11:Core/Src/main.c **** //邮箱:(销售/订单) sales@qdtft.com  (售后/技术服务)service@qdtft.com
  12:Core/Src/main.c **** //QQ:(售前咨询)3002706772 (技术支持)3002778157
  13:Core/Src/main.c **** //技术交流QQ群:778679828
  14:Core/Src/main.c **** //创建日期:2020/06/29
  15:Core/Src/main.c **** //版本：V1.0
  16:Core/Src/main.c **** //版权所有，盗版必究。
  17:Core/Src/main.c **** //Copyright(C) 深圳市全动电子技术有限公司 2018-2028
  18:Core/Src/main.c **** //All rights reserved
  19:Core/Src/main.c **** /************************************************************************************
  20:Core/Src/main.c **** //STM32F407VxT6最小系统开发板外部中断示例
  21:Core/Src/main.c **** //LED0   --->   PA1
  22:Core/Src/main.c **** //LED1   --->   PC5
  23:Core/Src/main.c **** //KEY0   --->   PE4
  24:Core/Src/main.c **** //KEY_UP --->   PA0
  25:Core/Src/main.c **** *************************************************************************************/	
  26:Core/Src/main.c ****  /* @attention
  27:Core/Src/main.c ****   *
  28:Core/Src/main.c ****   * THE PRESENT FIRMWARE WHICH IS FOR GUIDANCE ONLY AIMS AT PROVIDING CUSTOMERS
  29:Core/Src/main.c ****   * WITH CODING INFORMATION REGARDING THEIR PRODUCTS IN ORDER FOR THEM TO SAVE
  30:Core/Src/main.c ****   * TIME. AS A RESULT, QD electronic SHALL NOT BE HELD LIABLE FOR ANY
ARM GAS  C:\Users\savao\AppData\Local\Temp\ccZozS2m.s 			page 2


  31:Core/Src/main.c ****   * DIRECT, INDIRECT OR CONSEQUENTIAL DAMAGES WITH RESPECT TO ANY CLAIMS ARISING
  32:Core/Src/main.c ****   * FROM THE CONTENT OF SUCH FIRMWARE AND/OR THE USE MADE BY CUSTOMERS OF THE
  33:Core/Src/main.c ****   * CODING INFORMATION CONTAINED HEREIN IN CONNECTION WITH THEIR PRODUCTS.
  34:Core/Src/main.c **** *************************************************************************************/		
  35:Core/Src/main.c **** #include "delay.h"
  36:Core/Src/main.c **** #include "sys.h"
  37:Core/Src/main.c **** #include "led.h"
  38:Core/Src/main.c **** #include "key.h"
  39:Core/Src/main.c **** #include "exti.h"
  40:Core/Src/main.c **** 
  41:Core/Src/main.c **** int main(void)
  42:Core/Src/main.c **** {
  29              		.loc 1 42 1 view -0
  30              		.cfi_startproc
  31              		@ Volatile: function does not return.
  32              		@ args = 0, pretend = 0, frame = 0
  33              		@ frame_needed = 0, uses_anonymous_args = 0
  34 0000 08B5     		push	{r3, lr}
  35              	.LCFI0:
  36              		.cfi_def_cfa_offset 8
  37              		.cfi_offset 3, -8
  38              		.cfi_offset 14, -4
  43:Core/Src/main.c **** 	NVIC_PriorityGroupConfig(NVIC_PriorityGroup_2);//设置系统中断优先级分组2
  39              		.loc 1 43 2 view .LVU1
  40 0002 4FF4A060 		mov	r0, #1280
  41 0006 FFF7FEFF 		bl	NVIC_PriorityGroupConfig
  42              	.LVL0:
  44:Core/Src/main.c **** 	delay_init(168);     //初始化延时函数
  43              		.loc 1 44 2 view .LVU2
  44 000a A820     		movs	r0, #168
  45 000c FFF7FEFF 		bl	delay_init
  46              	.LVL1:
  45:Core/Src/main.c **** 	KEY_Init();          //初始化按键GPIO
  47              		.loc 1 45 2 view .LVU3
  48 0010 FFF7FEFF 		bl	KEY_Init
  49              	.LVL2:
  46:Core/Src/main.c **** 	EXTIX_Init();        //初始化外部中断输入
  50              		.loc 1 46 2 view .LVU4
  51 0014 FFF7FEFF 		bl	EXTIX_Init
  52              	.LVL3:
  47:Core/Src/main.c **** 	LED_Init();          //初始化LED灯GPIO
  53              		.loc 1 47 2 view .LVU5
  54 0018 FFF7FEFF 		bl	LED_Init
  55              	.LVL4:
  56              	.L2:
  48:Core/Src/main.c **** 	while(1)
  57              		.loc 1 48 2 discriminator 1 view .LVU6
  49:Core/Src/main.c **** 	{
  50:Core/Src/main.c **** 		delay_ms(1000);	  //1s延时
  58              		.loc 1 50 3 discriminator 1 view .LVU7
  59 001c 4FF47A70 		mov	r0, #1000
  60 0020 FFF7FEFF 		bl	delay_ms
  61              	.LVL5:
  48:Core/Src/main.c **** 	while(1)
  62              		.loc 1 48 7 discriminator 1 view .LVU8
  63 0024 FAE7     		b	.L2
  64              		.cfi_endproc
ARM GAS  C:\Users\savao\AppData\Local\Temp\ccZozS2m.s 			page 3


  65              	.LFE130:
  67              		.text
  68              	.Letext0:
  69              		.file 2 "c:\\program files (x86)\\gnu arm embedded toolchain\\10 2020-q4-major\\arm-none-eabi\\inc
  70              		.file 3 "c:\\program files (x86)\\gnu arm embedded toolchain\\10 2020-q4-major\\arm-none-eabi\\inc
  71              		.file 4 "Drivers/STM32F4xx_FWLIB/inc/misc.h"
  72              		.file 5 "Core/Inc/delay.h"
  73              		.file 6 "Core/Inc/key.h"
  74              		.file 7 "Core/Inc/exti.h"
  75              		.file 8 "Core/Inc/led.h"
ARM GAS  C:\Users\savao\AppData\Local\Temp\ccZozS2m.s 			page 4


DEFINED SYMBOLS
                            *ABS*:00000000 main.c
C:\Users\savao\AppData\Local\Temp\ccZozS2m.s:18     .text.main:00000000 $t
C:\Users\savao\AppData\Local\Temp\ccZozS2m.s:26     .text.main:00000000 main

UNDEFINED SYMBOLS
NVIC_PriorityGroupConfig
delay_init
KEY_Init
EXTIX_Init
LED_Init
delay_ms
